[2025-12-25T07:30:02.169+0000] {taskinstance.py:1159} INFO - Dependencies all met for dep_context=non-requeueable deps ti=<TaskInstance: cbr_metals_daily_etl_final.run_dbt_all scheduled__2025-12-24T07:30:00+00:00 [queued]>
[2025-12-25T07:30:02.188+0000] {taskinstance.py:1159} INFO - Dependencies all met for dep_context=requeueable deps ti=<TaskInstance: cbr_metals_daily_etl_final.run_dbt_all scheduled__2025-12-24T07:30:00+00:00 [queued]>
[2025-12-25T07:30:02.189+0000] {taskinstance.py:1361} INFO - Starting attempt 1 of 4
[2025-12-25T07:30:02.216+0000] {taskinstance.py:1382} INFO - Executing <Task(BashOperator): run_dbt_all> on 2025-12-24 07:30:00+00:00
[2025-12-25T07:30:02.232+0000] {standard_task_runner.py:57} INFO - Started process 23469 to run task
[2025-12-25T07:30:02.241+0000] {standard_task_runner.py:84} INFO - Running: ['airflow', 'tasks', 'run', 'cbr_metals_daily_etl_final', 'run_dbt_all', 'scheduled__2025-12-24T07:30:00+00:00', '--job-id', '52', '--raw', '--subdir', 'DAGS_FOLDER/cbr_metals_daily_etl_final.py', '--cfg-path', '/tmp/tmpdm9m4qpt']
[2025-12-25T07:30:02.248+0000] {standard_task_runner.py:85} INFO - Job 52: Subtask run_dbt_all
[2025-12-25T07:30:02.375+0000] {task_command.py:416} INFO - Running <TaskInstance: cbr_metals_daily_etl_final.run_dbt_all scheduled__2025-12-24T07:30:00+00:00 [running]> on host 8272458e31b1
[2025-12-25T07:30:02.580+0000] {taskinstance.py:1662} INFO - Exporting env vars: AIRFLOW_CTX_DAG_OWNER='biggy' AIRFLOW_CTX_DAG_ID='cbr_metals_daily_etl_final' AIRFLOW_CTX_TASK_ID='run_dbt_all' AIRFLOW_CTX_EXECUTION_DATE='2025-12-24T07:30:00+00:00' AIRFLOW_CTX_TRY_NUMBER='1' AIRFLOW_CTX_DAG_RUN_ID='scheduled__2025-12-24T07:30:00+00:00'
[2025-12-25T07:30:02.601+0000] {subprocess.py:63} INFO - Tmp dir root location: /tmp
[2025-12-25T07:30:02.603+0000] {subprocess.py:75} INFO - Running command: ['/bin/bash', '-c', 'docker exec -i dbt bash -c "cd /usr/app && dbt run --profiles-dir . && dbt test --profiles-dir ."']
[2025-12-25T07:30:02.651+0000] {subprocess.py:86} INFO - Output:
[2025-12-25T07:30:10.277+0000] {subprocess.py:93} INFO - [0m07:30:10  Running with dbt=1.5.0
[2025-12-25T07:30:10.836+0000] {subprocess.py:93} INFO - [0m07:30:10  Found 4 models, 3 tests, 0 snapshots, 0 analyses, 308 macros, 0 operations, 0 seed files, 0 sources, 0 exposures, 0 metrics, 0 groups
[2025-12-25T07:30:10.839+0000] {subprocess.py:93} INFO - [0m07:30:10
[2025-12-25T07:30:11.242+0000] {subprocess.py:93} INFO - [0m07:30:11  Concurrency: 2 threads (target='dev')
[2025-12-25T07:30:11.243+0000] {subprocess.py:93} INFO - [0m07:30:11
[2025-12-25T07:30:11.256+0000] {subprocess.py:93} INFO - [0m07:30:11  1 of 4 START sql view model staging.stg_cbr_precious_metals .................... [RUN]
[2025-12-25T07:30:11.551+0000] {subprocess.py:93} INFO - [0m07:30:11  1 of 4 OK created sql view model staging.stg_cbr_precious_metals ............... [[32mCREATE VIEW[0m in 0.29s]
[2025-12-25T07:30:11.553+0000] {subprocess.py:93} INFO - [0m07:30:11  2 of 4 START sql table model dds.dim_metals .................................... [RUN]
[2025-12-25T07:30:11.562+0000] {subprocess.py:93} INFO - [0m07:30:11  3 of 4 START sql table model dds.fact_metal_prices ............................. [RUN]
[2025-12-25T07:30:11.918+0000] {subprocess.py:93} INFO - [0m07:30:11  2 of 4 OK created sql table model dds.dim_metals ............................... [[32mSELECT 4[0m in 0.36s]
[2025-12-25T07:30:11.952+0000] {subprocess.py:93} INFO - [0m07:30:11  3 of 4 OK created sql table model dds.fact_metal_prices ........................ [[32mSELECT 16800[0m in 0.39s]
[2025-12-25T07:30:11.957+0000] {subprocess.py:93} INFO - [0m07:30:11  4 of 4 START sql table model mart.metal_prices_analytics ....................... [RUN]
[2025-12-25T07:30:12.203+0000] {subprocess.py:93} INFO - [0m07:30:12  4 of 4 OK created sql table model mart.metal_prices_analytics .................. [[32mSELECT 16800[0m in 0.24s]
[2025-12-25T07:30:12.238+0000] {subprocess.py:93} INFO - [0m07:30:12
[2025-12-25T07:30:12.239+0000] {subprocess.py:93} INFO - [0m07:30:12  Finished running 1 view model, 3 table models in 0 hours 0 minutes and 1.40 seconds (1.40s).
[2025-12-25T07:30:12.258+0000] {subprocess.py:93} INFO - [0m07:30:12
[2025-12-25T07:30:12.259+0000] {subprocess.py:93} INFO - [0m07:30:12  [32mCompleted successfully[0m
[2025-12-25T07:30:12.260+0000] {subprocess.py:93} INFO - [0m07:30:12
[2025-12-25T07:30:12.261+0000] {subprocess.py:93} INFO - [0m07:30:12  Done. PASS=4 WARN=0 ERROR=0 SKIP=0 TOTAL=4
[2025-12-25T07:30:17.122+0000] {subprocess.py:93} INFO - [0m07:30:17  Running with dbt=1.5.0
[2025-12-25T07:30:17.493+0000] {subprocess.py:93} INFO - [0m07:30:17  Found 4 models, 3 tests, 0 snapshots, 0 analyses, 308 macros, 0 operations, 0 seed files, 0 sources, 0 exposures, 0 metrics, 0 groups
[2025-12-25T07:30:17.496+0000] {subprocess.py:93} INFO - [0m07:30:17
[2025-12-25T07:30:17.689+0000] {subprocess.py:93} INFO - [0m07:30:17  Concurrency: 2 threads (target='dev')
[2025-12-25T07:30:17.697+0000] {subprocess.py:93} INFO - [0m07:30:17
[2025-12-25T07:30:17.708+0000] {subprocess.py:93} INFO - [0m07:30:17  1 of 3 START test not_null_key_columns ......................................... [RUN]
[2025-12-25T07:30:17.709+0000] {subprocess.py:93} INFO - [0m07:30:17  2 of 3 START test positive_prices .............................................. [RUN]
[2025-12-25T07:30:17.931+0000] {subprocess.py:93} INFO - [0m07:30:17  1 of 3 PASS not_null_key_columns ............................................... [[32mPASS[0m in 0.22s]
[2025-12-25T07:30:17.936+0000] {subprocess.py:93} INFO - [0m07:30:17  3 of 3 START test unique_trade_date_metal_code ................................. [RUN]
[2025-12-25T07:30:17.949+0000] {subprocess.py:93} INFO - [0m07:30:17  2 of 3 PASS positive_prices .................................................... [[32mPASS[0m in 0.24s]
[2025-12-25T07:30:18.043+0000] {subprocess.py:93} INFO - [0m07:30:18  3 of 3 PASS unique_trade_date_metal_code ....................................... [[32mPASS[0m in 0.10s]
[2025-12-25T07:30:18.079+0000] {subprocess.py:93} INFO - [0m07:30:18
[2025-12-25T07:30:18.079+0000] {subprocess.py:93} INFO - [0m07:30:18  Finished running 3 tests in 0 hours 0 minutes and 0.58 seconds (0.58s).
[2025-12-25T07:30:18.095+0000] {subprocess.py:93} INFO - [0m07:30:18
[2025-12-25T07:30:18.096+0000] {subprocess.py:93} INFO - [0m07:30:18  [32mCompleted successfully[0m
[2025-12-25T07:30:18.097+0000] {subprocess.py:93} INFO - [0m07:30:18
[2025-12-25T07:30:18.097+0000] {subprocess.py:93} INFO - [0m07:30:18  Done. PASS=3 WARN=0 ERROR=0 SKIP=0 TOTAL=3
[2025-12-25T07:30:18.963+0000] {subprocess.py:97} INFO - Command exited with return code 0
[2025-12-25T07:30:19.035+0000] {taskinstance.py:1400} INFO - Marking task as SUCCESS. dag_id=cbr_metals_daily_etl_final, task_id=run_dbt_all, execution_date=20251224T073000, start_date=20251225T073002, end_date=20251225T073019
[2025-12-25T07:30:19.086+0000] {local_task_job_runner.py:228} INFO - Task exited with return code 0
[2025-12-25T07:30:19.124+0000] {taskinstance.py:2778} INFO - 0 downstream tasks scheduled from follow-on schedule check
