[2026-01-12T06:14:39.104+0000] {processor.py:157} INFO - Started process (PID=177) to work on /opt/airflow/dags/cbr_metals_daily_etl_v2.py
[2026-01-12T06:14:39.105+0000] {processor.py:829} INFO - Processing file /opt/airflow/dags/cbr_metals_daily_etl_v2.py for tasks to queue
[2026-01-12T06:14:39.106+0000] {logging_mixin.py:154} INFO - [2026-01-12T06:14:39.106+0000] {dagbag.py:536} INFO - Filling up the DagBag from /opt/airflow/dags/cbr_metals_daily_etl_v2.py
[2026-01-12T06:14:39.264+0000] {processor.py:839} INFO - DAG(s) dict_keys(['cbr_metals_daily_etl_v2']) retrieved from /opt/airflow/dags/cbr_metals_daily_etl_v2.py
[2026-01-12T06:14:39.425+0000] {logging_mixin.py:154} INFO - [2026-01-12T06:14:39.425+0000] {dag.py:2941} INFO - Sync 1 DAGs
[2026-01-12T06:14:39.498+0000] {logging_mixin.py:154} INFO - [2026-01-12T06:14:39.498+0000] {dag.py:3722} INFO - Setting next_dagrun for cbr_metals_daily_etl_v2 to 2026-01-10T07:30:00+00:00, run_after=2026-01-11T07:30:00+00:00
[2026-01-12T06:14:39.550+0000] {processor.py:179} INFO - Processing /opt/airflow/dags/cbr_metals_daily_etl_v2.py took 0.452 seconds
[2026-01-12T06:15:09.699+0000] {processor.py:157} INFO - Started process (PID=219) to work on /opt/airflow/dags/cbr_metals_daily_etl_v2.py
[2026-01-12T06:15:09.700+0000] {processor.py:829} INFO - Processing file /opt/airflow/dags/cbr_metals_daily_etl_v2.py for tasks to queue
[2026-01-12T06:15:09.701+0000] {logging_mixin.py:154} INFO - [2026-01-12T06:15:09.701+0000] {dagbag.py:536} INFO - Filling up the DagBag from /opt/airflow/dags/cbr_metals_daily_etl_v2.py
[2026-01-12T06:15:09.722+0000] {processor.py:839} INFO - DAG(s) dict_keys(['cbr_metals_daily_etl_v2']) retrieved from /opt/airflow/dags/cbr_metals_daily_etl_v2.py
[2026-01-12T06:15:09.760+0000] {logging_mixin.py:154} INFO - [2026-01-12T06:15:09.759+0000] {dag.py:2941} INFO - Sync 1 DAGs
[2026-01-12T06:15:09.787+0000] {logging_mixin.py:154} INFO - [2026-01-12T06:15:09.787+0000] {dag.py:3722} INFO - Setting next_dagrun for cbr_metals_daily_etl_v2 to 2026-01-10T07:30:00+00:00, run_after=2026-01-11T07:30:00+00:00
[2026-01-12T06:15:09.817+0000] {processor.py:179} INFO - Processing /opt/airflow/dags/cbr_metals_daily_etl_v2.py took 0.124 seconds
[2026-01-12T06:15:39.954+0000] {processor.py:157} INFO - Started process (PID=234) to work on /opt/airflow/dags/cbr_metals_daily_etl_v2.py
[2026-01-12T06:15:39.955+0000] {processor.py:829} INFO - Processing file /opt/airflow/dags/cbr_metals_daily_etl_v2.py for tasks to queue
[2026-01-12T06:15:39.956+0000] {logging_mixin.py:154} INFO - [2026-01-12T06:15:39.956+0000] {dagbag.py:536} INFO - Filling up the DagBag from /opt/airflow/dags/cbr_metals_daily_etl_v2.py
[2026-01-12T06:15:39.966+0000] {processor.py:839} INFO - DAG(s) dict_keys(['cbr_metals_daily_etl_v2']) retrieved from /opt/airflow/dags/cbr_metals_daily_etl_v2.py
[2026-01-12T06:15:39.995+0000] {logging_mixin.py:154} INFO - [2026-01-12T06:15:39.995+0000] {dag.py:2941} INFO - Sync 1 DAGs
[2026-01-12T06:15:40.022+0000] {logging_mixin.py:154} INFO - [2026-01-12T06:15:40.022+0000] {dag.py:3722} INFO - Setting next_dagrun for cbr_metals_daily_etl_v2 to 2026-01-10T07:30:00+00:00, run_after=2026-01-11T07:30:00+00:00
[2026-01-12T06:15:40.090+0000] {processor.py:179} INFO - Processing /opt/airflow/dags/cbr_metals_daily_etl_v2.py took 0.139 seconds
[2026-01-12T06:16:10.254+0000] {processor.py:157} INFO - Started process (PID=249) to work on /opt/airflow/dags/cbr_metals_daily_etl_v2.py
[2026-01-12T06:16:10.255+0000] {processor.py:829} INFO - Processing file /opt/airflow/dags/cbr_metals_daily_etl_v2.py for tasks to queue
[2026-01-12T06:16:10.255+0000] {logging_mixin.py:154} INFO - [2026-01-12T06:16:10.255+0000] {dagbag.py:536} INFO - Filling up the DagBag from /opt/airflow/dags/cbr_metals_daily_etl_v2.py
[2026-01-12T06:16:10.266+0000] {processor.py:839} INFO - DAG(s) dict_keys(['cbr_metals_daily_etl_v2']) retrieved from /opt/airflow/dags/cbr_metals_daily_etl_v2.py
[2026-01-12T06:16:10.286+0000] {logging_mixin.py:154} INFO - [2026-01-12T06:16:10.286+0000] {dag.py:2941} INFO - Sync 1 DAGs
[2026-01-12T06:16:10.302+0000] {logging_mixin.py:154} INFO - [2026-01-12T06:16:10.302+0000] {dag.py:3722} INFO - Setting next_dagrun for cbr_metals_daily_etl_v2 to 2026-01-10T07:30:00+00:00, run_after=2026-01-11T07:30:00+00:00
[2026-01-12T06:16:10.314+0000] {processor.py:179} INFO - Processing /opt/airflow/dags/cbr_metals_daily_etl_v2.py took 0.063 seconds
[2026-01-12T06:16:40.458+0000] {processor.py:157} INFO - Started process (PID=264) to work on /opt/airflow/dags/cbr_metals_daily_etl_v2.py
[2026-01-12T06:16:40.459+0000] {processor.py:829} INFO - Processing file /opt/airflow/dags/cbr_metals_daily_etl_v2.py for tasks to queue
[2026-01-12T06:16:40.460+0000] {logging_mixin.py:154} INFO - [2026-01-12T06:16:40.459+0000] {dagbag.py:536} INFO - Filling up the DagBag from /opt/airflow/dags/cbr_metals_daily_etl_v2.py
[2026-01-12T06:16:40.470+0000] {processor.py:839} INFO - DAG(s) dict_keys(['cbr_metals_daily_etl_v2']) retrieved from /opt/airflow/dags/cbr_metals_daily_etl_v2.py
[2026-01-12T06:16:40.490+0000] {logging_mixin.py:154} INFO - [2026-01-12T06:16:40.489+0000] {dag.py:2941} INFO - Sync 1 DAGs
[2026-01-12T06:16:40.505+0000] {logging_mixin.py:154} INFO - [2026-01-12T06:16:40.505+0000] {dag.py:3722} INFO - Setting next_dagrun for cbr_metals_daily_etl_v2 to 2026-01-10T07:30:00+00:00, run_after=2026-01-11T07:30:00+00:00
[2026-01-12T06:16:40.557+0000] {processor.py:179} INFO - Processing /opt/airflow/dags/cbr_metals_daily_etl_v2.py took 0.101 seconds
[2026-01-12T06:17:10.702+0000] {processor.py:157} INFO - Started process (PID=304) to work on /opt/airflow/dags/cbr_metals_daily_etl_v2.py
[2026-01-12T06:17:10.703+0000] {processor.py:829} INFO - Processing file /opt/airflow/dags/cbr_metals_daily_etl_v2.py for tasks to queue
[2026-01-12T06:17:10.704+0000] {logging_mixin.py:154} INFO - [2026-01-12T06:17:10.703+0000] {dagbag.py:536} INFO - Filling up the DagBag from /opt/airflow/dags/cbr_metals_daily_etl_v2.py
[2026-01-12T06:17:10.724+0000] {processor.py:839} INFO - DAG(s) dict_keys(['cbr_metals_daily_etl_v2']) retrieved from /opt/airflow/dags/cbr_metals_daily_etl_v2.py
[2026-01-12T06:17:10.758+0000] {logging_mixin.py:154} INFO - [2026-01-12T06:17:10.757+0000] {dag.py:2941} INFO - Sync 1 DAGs
[2026-01-12T06:17:10.784+0000] {logging_mixin.py:154} INFO - [2026-01-12T06:17:10.784+0000] {dag.py:3722} INFO - Setting next_dagrun for cbr_metals_daily_etl_v2 to 2026-01-10T07:30:00+00:00, run_after=2026-01-11T07:30:00+00:00
[2026-01-12T06:17:10.825+0000] {processor.py:179} INFO - Processing /opt/airflow/dags/cbr_metals_daily_etl_v2.py took 0.128 seconds
[2026-01-12T06:17:40.978+0000] {processor.py:157} INFO - Started process (PID=319) to work on /opt/airflow/dags/cbr_metals_daily_etl_v2.py
[2026-01-12T06:17:40.979+0000] {processor.py:829} INFO - Processing file /opt/airflow/dags/cbr_metals_daily_etl_v2.py for tasks to queue
[2026-01-12T06:17:40.980+0000] {logging_mixin.py:154} INFO - [2026-01-12T06:17:40.980+0000] {dagbag.py:536} INFO - Filling up the DagBag from /opt/airflow/dags/cbr_metals_daily_etl_v2.py
[2026-01-12T06:17:41.000+0000] {processor.py:839} INFO - DAG(s) dict_keys(['cbr_metals_daily_etl_v2']) retrieved from /opt/airflow/dags/cbr_metals_daily_etl_v2.py
[2026-01-12T06:17:41.033+0000] {logging_mixin.py:154} INFO - [2026-01-12T06:17:41.033+0000] {dag.py:2941} INFO - Sync 1 DAGs
[2026-01-12T06:17:41.059+0000] {logging_mixin.py:154} INFO - [2026-01-12T06:17:41.058+0000] {dag.py:3722} INFO - Setting next_dagrun for cbr_metals_daily_etl_v2 to 2026-01-10T07:30:00+00:00, run_after=2026-01-11T07:30:00+00:00
[2026-01-12T06:17:41.074+0000] {processor.py:179} INFO - Processing /opt/airflow/dags/cbr_metals_daily_etl_v2.py took 0.101 seconds
[2026-01-12T06:18:11.221+0000] {processor.py:157} INFO - Started process (PID=334) to work on /opt/airflow/dags/cbr_metals_daily_etl_v2.py
[2026-01-12T06:18:11.222+0000] {processor.py:829} INFO - Processing file /opt/airflow/dags/cbr_metals_daily_etl_v2.py for tasks to queue
[2026-01-12T06:18:11.223+0000] {logging_mixin.py:154} INFO - [2026-01-12T06:18:11.223+0000] {dagbag.py:536} INFO - Filling up the DagBag from /opt/airflow/dags/cbr_metals_daily_etl_v2.py
[2026-01-12T06:18:11.235+0000] {processor.py:839} INFO - DAG(s) dict_keys(['cbr_metals_daily_etl_v2']) retrieved from /opt/airflow/dags/cbr_metals_daily_etl_v2.py
[2026-01-12T06:18:11.256+0000] {logging_mixin.py:154} INFO - [2026-01-12T06:18:11.256+0000] {dag.py:2941} INFO - Sync 1 DAGs
[2026-01-12T06:18:11.279+0000] {logging_mixin.py:154} INFO - [2026-01-12T06:18:11.278+0000] {dag.py:3722} INFO - Setting next_dagrun for cbr_metals_daily_etl_v2 to 2026-01-10T07:30:00+00:00, run_after=2026-01-11T07:30:00+00:00
[2026-01-12T06:18:11.292+0000] {processor.py:179} INFO - Processing /opt/airflow/dags/cbr_metals_daily_etl_v2.py took 0.074 seconds
[2026-01-12T06:18:41.432+0000] {processor.py:157} INFO - Started process (PID=349) to work on /opt/airflow/dags/cbr_metals_daily_etl_v2.py
[2026-01-12T06:18:41.433+0000] {processor.py:829} INFO - Processing file /opt/airflow/dags/cbr_metals_daily_etl_v2.py for tasks to queue
[2026-01-12T06:18:41.433+0000] {logging_mixin.py:154} INFO - [2026-01-12T06:18:41.433+0000] {dagbag.py:536} INFO - Filling up the DagBag from /opt/airflow/dags/cbr_metals_daily_etl_v2.py
[2026-01-12T06:18:41.444+0000] {processor.py:839} INFO - DAG(s) dict_keys(['cbr_metals_daily_etl_v2']) retrieved from /opt/airflow/dags/cbr_metals_daily_etl_v2.py
[2026-01-12T06:18:41.466+0000] {logging_mixin.py:154} INFO - [2026-01-12T06:18:41.465+0000] {dag.py:2941} INFO - Sync 1 DAGs
[2026-01-12T06:18:41.490+0000] {logging_mixin.py:154} INFO - [2026-01-12T06:18:41.490+0000] {dag.py:3722} INFO - Setting next_dagrun for cbr_metals_daily_etl_v2 to 2026-01-10T07:30:00+00:00, run_after=2026-01-11T07:30:00+00:00
[2026-01-12T06:18:41.505+0000] {processor.py:179} INFO - Processing /opt/airflow/dags/cbr_metals_daily_etl_v2.py took 0.076 seconds
[2026-01-12T06:19:11.643+0000] {processor.py:157} INFO - Started process (PID=388) to work on /opt/airflow/dags/cbr_metals_daily_etl_v2.py
[2026-01-12T06:19:11.644+0000] {processor.py:829} INFO - Processing file /opt/airflow/dags/cbr_metals_daily_etl_v2.py for tasks to queue
[2026-01-12T06:19:11.644+0000] {logging_mixin.py:154} INFO - [2026-01-12T06:19:11.644+0000] {dagbag.py:536} INFO - Filling up the DagBag from /opt/airflow/dags/cbr_metals_daily_etl_v2.py
[2026-01-12T06:19:11.656+0000] {processor.py:839} INFO - DAG(s) dict_keys(['cbr_metals_daily_etl_v2']) retrieved from /opt/airflow/dags/cbr_metals_daily_etl_v2.py
[2026-01-12T06:19:11.681+0000] {logging_mixin.py:154} INFO - [2026-01-12T06:19:11.681+0000] {dag.py:2941} INFO - Sync 1 DAGs
[2026-01-12T06:19:11.698+0000] {logging_mixin.py:154} INFO - [2026-01-12T06:19:11.698+0000] {dag.py:3722} INFO - Setting next_dagrun for cbr_metals_daily_etl_v2 to 2026-01-10T07:30:00+00:00, run_after=2026-01-11T07:30:00+00:00
[2026-01-12T06:19:11.710+0000] {processor.py:179} INFO - Processing /opt/airflow/dags/cbr_metals_daily_etl_v2.py took 0.070 seconds
[2026-01-12T06:19:41.857+0000] {processor.py:157} INFO - Started process (PID=403) to work on /opt/airflow/dags/cbr_metals_daily_etl_v2.py
[2026-01-12T06:19:41.858+0000] {processor.py:829} INFO - Processing file /opt/airflow/dags/cbr_metals_daily_etl_v2.py for tasks to queue
[2026-01-12T06:19:41.858+0000] {logging_mixin.py:154} INFO - [2026-01-12T06:19:41.858+0000] {dagbag.py:536} INFO - Filling up the DagBag from /opt/airflow/dags/cbr_metals_daily_etl_v2.py
[2026-01-12T06:19:41.868+0000] {processor.py:839} INFO - DAG(s) dict_keys(['cbr_metals_daily_etl_v2']) retrieved from /opt/airflow/dags/cbr_metals_daily_etl_v2.py
[2026-01-12T06:19:41.889+0000] {logging_mixin.py:154} INFO - [2026-01-12T06:19:41.889+0000] {dag.py:2941} INFO - Sync 1 DAGs
[2026-01-12T06:19:41.905+0000] {logging_mixin.py:154} INFO - [2026-01-12T06:19:41.905+0000] {dag.py:3722} INFO - Setting next_dagrun for cbr_metals_daily_etl_v2 to 2026-01-10T07:30:00+00:00, run_after=2026-01-11T07:30:00+00:00
[2026-01-12T06:19:41.919+0000] {processor.py:179} INFO - Processing /opt/airflow/dags/cbr_metals_daily_etl_v2.py took 0.065 seconds
[2026-01-12T06:20:12.057+0000] {processor.py:157} INFO - Started process (PID=418) to work on /opt/airflow/dags/cbr_metals_daily_etl_v2.py
[2026-01-12T06:20:12.058+0000] {processor.py:829} INFO - Processing file /opt/airflow/dags/cbr_metals_daily_etl_v2.py for tasks to queue
[2026-01-12T06:20:12.058+0000] {logging_mixin.py:154} INFO - [2026-01-12T06:20:12.058+0000] {dagbag.py:536} INFO - Filling up the DagBag from /opt/airflow/dags/cbr_metals_daily_etl_v2.py
[2026-01-12T06:20:12.069+0000] {processor.py:839} INFO - DAG(s) dict_keys(['cbr_metals_daily_etl_v2']) retrieved from /opt/airflow/dags/cbr_metals_daily_etl_v2.py
[2026-01-12T06:20:12.090+0000] {logging_mixin.py:154} INFO - [2026-01-12T06:20:12.089+0000] {dag.py:2941} INFO - Sync 1 DAGs
[2026-01-12T06:20:12.107+0000] {logging_mixin.py:154} INFO - [2026-01-12T06:20:12.106+0000] {dag.py:3722} INFO - Setting next_dagrun for cbr_metals_daily_etl_v2 to 2026-01-10T07:30:00+00:00, run_after=2026-01-11T07:30:00+00:00
[2026-01-12T06:20:12.122+0000] {processor.py:179} INFO - Processing /opt/airflow/dags/cbr_metals_daily_etl_v2.py took 0.068 seconds
[2026-01-12T06:20:42.267+0000] {processor.py:157} INFO - Started process (PID=433) to work on /opt/airflow/dags/cbr_metals_daily_etl_v2.py
[2026-01-12T06:20:42.268+0000] {processor.py:829} INFO - Processing file /opt/airflow/dags/cbr_metals_daily_etl_v2.py for tasks to queue
[2026-01-12T06:20:42.268+0000] {logging_mixin.py:154} INFO - [2026-01-12T06:20:42.268+0000] {dagbag.py:536} INFO - Filling up the DagBag from /opt/airflow/dags/cbr_metals_daily_etl_v2.py
[2026-01-12T06:20:42.279+0000] {processor.py:839} INFO - DAG(s) dict_keys(['cbr_metals_daily_etl_v2']) retrieved from /opt/airflow/dags/cbr_metals_daily_etl_v2.py
[2026-01-12T06:20:42.299+0000] {logging_mixin.py:154} INFO - [2026-01-12T06:20:42.299+0000] {dag.py:2941} INFO - Sync 1 DAGs
[2026-01-12T06:20:42.316+0000] {logging_mixin.py:154} INFO - [2026-01-12T06:20:42.316+0000] {dag.py:3722} INFO - Setting next_dagrun for cbr_metals_daily_etl_v2 to 2026-01-10T07:30:00+00:00, run_after=2026-01-11T07:30:00+00:00
[2026-01-12T06:20:42.331+0000] {processor.py:179} INFO - Processing /opt/airflow/dags/cbr_metals_daily_etl_v2.py took 0.067 seconds
[2026-01-12T06:21:12.470+0000] {processor.py:157} INFO - Started process (PID=472) to work on /opt/airflow/dags/cbr_metals_daily_etl_v2.py
[2026-01-12T06:21:12.471+0000] {processor.py:829} INFO - Processing file /opt/airflow/dags/cbr_metals_daily_etl_v2.py for tasks to queue
[2026-01-12T06:21:12.472+0000] {logging_mixin.py:154} INFO - [2026-01-12T06:21:12.471+0000] {dagbag.py:536} INFO - Filling up the DagBag from /opt/airflow/dags/cbr_metals_daily_etl_v2.py
[2026-01-12T06:21:12.482+0000] {processor.py:839} INFO - DAG(s) dict_keys(['cbr_metals_daily_etl_v2']) retrieved from /opt/airflow/dags/cbr_metals_daily_etl_v2.py
[2026-01-12T06:21:12.502+0000] {logging_mixin.py:154} INFO - [2026-01-12T06:21:12.502+0000] {dag.py:2941} INFO - Sync 1 DAGs
[2026-01-12T06:21:12.518+0000] {logging_mixin.py:154} INFO - [2026-01-12T06:21:12.517+0000] {dag.py:3722} INFO - Setting next_dagrun for cbr_metals_daily_etl_v2 to 2026-01-10T07:30:00+00:00, run_after=2026-01-11T07:30:00+00:00
[2026-01-12T06:21:12.615+0000] {processor.py:179} INFO - Processing /opt/airflow/dags/cbr_metals_daily_etl_v2.py took 0.147 seconds
[2026-01-12T06:21:42.746+0000] {processor.py:157} INFO - Started process (PID=487) to work on /opt/airflow/dags/cbr_metals_daily_etl_v2.py
[2026-01-12T06:21:42.747+0000] {processor.py:829} INFO - Processing file /opt/airflow/dags/cbr_metals_daily_etl_v2.py for tasks to queue
[2026-01-12T06:21:42.748+0000] {logging_mixin.py:154} INFO - [2026-01-12T06:21:42.747+0000] {dagbag.py:536} INFO - Filling up the DagBag from /opt/airflow/dags/cbr_metals_daily_etl_v2.py
[2026-01-12T06:21:42.758+0000] {processor.py:839} INFO - DAG(s) dict_keys(['cbr_metals_daily_etl_v2']) retrieved from /opt/airflow/dags/cbr_metals_daily_etl_v2.py
[2026-01-12T06:21:42.778+0000] {logging_mixin.py:154} INFO - [2026-01-12T06:21:42.778+0000] {dag.py:2941} INFO - Sync 1 DAGs
[2026-01-12T06:21:42.794+0000] {logging_mixin.py:154} INFO - [2026-01-12T06:21:42.794+0000] {dag.py:3722} INFO - Setting next_dagrun for cbr_metals_daily_etl_v2 to 2026-01-10T07:30:00+00:00, run_after=2026-01-11T07:30:00+00:00
[2026-01-12T06:21:42.862+0000] {processor.py:179} INFO - Processing /opt/airflow/dags/cbr_metals_daily_etl_v2.py took 0.118 seconds
[2026-01-12T06:22:12.999+0000] {processor.py:157} INFO - Started process (PID=502) to work on /opt/airflow/dags/cbr_metals_daily_etl_v2.py
[2026-01-12T06:22:12.999+0000] {processor.py:829} INFO - Processing file /opt/airflow/dags/cbr_metals_daily_etl_v2.py for tasks to queue
[2026-01-12T06:22:13.000+0000] {logging_mixin.py:154} INFO - [2026-01-12T06:22:13.000+0000] {dagbag.py:536} INFO - Filling up the DagBag from /opt/airflow/dags/cbr_metals_daily_etl_v2.py
[2026-01-12T06:22:13.012+0000] {processor.py:839} INFO - DAG(s) dict_keys(['cbr_metals_daily_etl_v2']) retrieved from /opt/airflow/dags/cbr_metals_daily_etl_v2.py
[2026-01-12T06:22:13.032+0000] {logging_mixin.py:154} INFO - [2026-01-12T06:22:13.032+0000] {dag.py:2941} INFO - Sync 1 DAGs
[2026-01-12T06:22:13.048+0000] {logging_mixin.py:154} INFO - [2026-01-12T06:22:13.048+0000] {dag.py:3722} INFO - Setting next_dagrun for cbr_metals_daily_etl_v2 to 2026-01-10T07:30:00+00:00, run_after=2026-01-11T07:30:00+00:00
[2026-01-12T06:22:13.060+0000] {processor.py:179} INFO - Processing /opt/airflow/dags/cbr_metals_daily_etl_v2.py took 0.064 seconds
[2026-01-12T06:22:43.196+0000] {processor.py:157} INFO - Started process (PID=517) to work on /opt/airflow/dags/cbr_metals_daily_etl_v2.py
[2026-01-12T06:22:43.197+0000] {processor.py:829} INFO - Processing file /opt/airflow/dags/cbr_metals_daily_etl_v2.py for tasks to queue
[2026-01-12T06:22:43.197+0000] {logging_mixin.py:154} INFO - [2026-01-12T06:22:43.197+0000] {dagbag.py:536} INFO - Filling up the DagBag from /opt/airflow/dags/cbr_metals_daily_etl_v2.py
[2026-01-12T06:22:43.207+0000] {processor.py:839} INFO - DAG(s) dict_keys(['cbr_metals_daily_etl_v2']) retrieved from /opt/airflow/dags/cbr_metals_daily_etl_v2.py
[2026-01-12T06:22:43.228+0000] {logging_mixin.py:154} INFO - [2026-01-12T06:22:43.228+0000] {dag.py:2941} INFO - Sync 1 DAGs
[2026-01-12T06:22:43.244+0000] {logging_mixin.py:154} INFO - [2026-01-12T06:22:43.244+0000] {dag.py:3722} INFO - Setting next_dagrun for cbr_metals_daily_etl_v2 to 2026-01-10T07:30:00+00:00, run_after=2026-01-11T07:30:00+00:00
[2026-01-12T06:22:43.264+0000] {processor.py:179} INFO - Processing /opt/airflow/dags/cbr_metals_daily_etl_v2.py took 0.071 seconds
[2026-01-12T06:23:13.405+0000] {processor.py:157} INFO - Started process (PID=532) to work on /opt/airflow/dags/cbr_metals_daily_etl_v2.py
[2026-01-12T06:23:13.406+0000] {processor.py:829} INFO - Processing file /opt/airflow/dags/cbr_metals_daily_etl_v2.py for tasks to queue
[2026-01-12T06:23:13.407+0000] {logging_mixin.py:154} INFO - [2026-01-12T06:23:13.407+0000] {dagbag.py:536} INFO - Filling up the DagBag from /opt/airflow/dags/cbr_metals_daily_etl_v2.py
[2026-01-12T06:23:13.417+0000] {processor.py:839} INFO - DAG(s) dict_keys(['cbr_metals_daily_etl_v2']) retrieved from /opt/airflow/dags/cbr_metals_daily_etl_v2.py
[2026-01-12T06:23:13.437+0000] {logging_mixin.py:154} INFO - [2026-01-12T06:23:13.437+0000] {dag.py:2941} INFO - Sync 1 DAGs
[2026-01-12T06:23:13.455+0000] {logging_mixin.py:154} INFO - [2026-01-12T06:23:13.455+0000] {dag.py:3722} INFO - Setting next_dagrun for cbr_metals_daily_etl_v2 to 2026-01-10T07:30:00+00:00, run_after=2026-01-11T07:30:00+00:00
[2026-01-12T06:23:13.470+0000] {processor.py:179} INFO - Processing /opt/airflow/dags/cbr_metals_daily_etl_v2.py took 0.067 seconds
[2026-01-12T06:23:43.608+0000] {processor.py:157} INFO - Started process (PID=547) to work on /opt/airflow/dags/cbr_metals_daily_etl_v2.py
[2026-01-12T06:23:43.608+0000] {processor.py:829} INFO - Processing file /opt/airflow/dags/cbr_metals_daily_etl_v2.py for tasks to queue
[2026-01-12T06:23:43.609+0000] {logging_mixin.py:154} INFO - [2026-01-12T06:23:43.609+0000] {dagbag.py:536} INFO - Filling up the DagBag from /opt/airflow/dags/cbr_metals_daily_etl_v2.py
[2026-01-12T06:23:43.619+0000] {processor.py:839} INFO - DAG(s) dict_keys(['cbr_metals_daily_etl_v2']) retrieved from /opt/airflow/dags/cbr_metals_daily_etl_v2.py
[2026-01-12T06:23:43.640+0000] {logging_mixin.py:154} INFO - [2026-01-12T06:23:43.640+0000] {dag.py:2941} INFO - Sync 1 DAGs
[2026-01-12T06:23:43.656+0000] {logging_mixin.py:154} INFO - [2026-01-12T06:23:43.656+0000] {dag.py:3722} INFO - Setting next_dagrun for cbr_metals_daily_etl_v2 to 2026-01-10T07:30:00+00:00, run_after=2026-01-11T07:30:00+00:00
[2026-01-12T06:23:43.667+0000] {processor.py:179} INFO - Processing /opt/airflow/dags/cbr_metals_daily_etl_v2.py took 0.062 seconds
[2026-01-12T06:24:13.809+0000] {processor.py:157} INFO - Started process (PID=562) to work on /opt/airflow/dags/cbr_metals_daily_etl_v2.py
[2026-01-12T06:24:13.811+0000] {processor.py:829} INFO - Processing file /opt/airflow/dags/cbr_metals_daily_etl_v2.py for tasks to queue
[2026-01-12T06:24:13.811+0000] {logging_mixin.py:154} INFO - [2026-01-12T06:24:13.811+0000] {dagbag.py:536} INFO - Filling up the DagBag from /opt/airflow/dags/cbr_metals_daily_etl_v2.py
[2026-01-12T06:24:13.822+0000] {processor.py:839} INFO - DAG(s) dict_keys(['cbr_metals_daily_etl_v2']) retrieved from /opt/airflow/dags/cbr_metals_daily_etl_v2.py
[2026-01-12T06:24:13.842+0000] {logging_mixin.py:154} INFO - [2026-01-12T06:24:13.842+0000] {dag.py:2941} INFO - Sync 1 DAGs
[2026-01-12T06:24:13.857+0000] {logging_mixin.py:154} INFO - [2026-01-12T06:24:13.857+0000] {dag.py:3722} INFO - Setting next_dagrun for cbr_metals_daily_etl_v2 to 2026-01-10T07:30:00+00:00, run_after=2026-01-11T07:30:00+00:00
[2026-01-12T06:24:13.868+0000] {processor.py:179} INFO - Processing /opt/airflow/dags/cbr_metals_daily_etl_v2.py took 0.062 seconds
[2026-01-12T06:24:44.015+0000] {processor.py:157} INFO - Started process (PID=577) to work on /opt/airflow/dags/cbr_metals_daily_etl_v2.py
[2026-01-12T06:24:44.015+0000] {processor.py:829} INFO - Processing file /opt/airflow/dags/cbr_metals_daily_etl_v2.py for tasks to queue
[2026-01-12T06:24:44.016+0000] {logging_mixin.py:154} INFO - [2026-01-12T06:24:44.016+0000] {dagbag.py:536} INFO - Filling up the DagBag from /opt/airflow/dags/cbr_metals_daily_etl_v2.py
[2026-01-12T06:24:44.026+0000] {processor.py:839} INFO - DAG(s) dict_keys(['cbr_metals_daily_etl_v2']) retrieved from /opt/airflow/dags/cbr_metals_daily_etl_v2.py
[2026-01-12T06:24:44.046+0000] {logging_mixin.py:154} INFO - [2026-01-12T06:24:44.045+0000] {dag.py:2941} INFO - Sync 1 DAGs
[2026-01-12T06:24:44.061+0000] {logging_mixin.py:154} INFO - [2026-01-12T06:24:44.061+0000] {dag.py:3722} INFO - Setting next_dagrun for cbr_metals_daily_etl_v2 to 2026-01-10T07:30:00+00:00, run_after=2026-01-11T07:30:00+00:00
[2026-01-12T06:24:44.083+0000] {processor.py:179} INFO - Processing /opt/airflow/dags/cbr_metals_daily_etl_v2.py took 0.071 seconds
[2026-01-12T06:25:14.227+0000] {processor.py:157} INFO - Started process (PID=592) to work on /opt/airflow/dags/cbr_metals_daily_etl_v2.py
[2026-01-12T06:25:14.228+0000] {processor.py:829} INFO - Processing file /opt/airflow/dags/cbr_metals_daily_etl_v2.py for tasks to queue
[2026-01-12T06:25:14.228+0000] {logging_mixin.py:154} INFO - [2026-01-12T06:25:14.228+0000] {dagbag.py:536} INFO - Filling up the DagBag from /opt/airflow/dags/cbr_metals_daily_etl_v2.py
[2026-01-12T06:25:14.238+0000] {processor.py:839} INFO - DAG(s) dict_keys(['cbr_metals_daily_etl_v2']) retrieved from /opt/airflow/dags/cbr_metals_daily_etl_v2.py
[2026-01-12T06:25:14.259+0000] {logging_mixin.py:154} INFO - [2026-01-12T06:25:14.258+0000] {dag.py:2941} INFO - Sync 1 DAGs
[2026-01-12T06:25:14.274+0000] {logging_mixin.py:154} INFO - [2026-01-12T06:25:14.274+0000] {dag.py:3722} INFO - Setting next_dagrun for cbr_metals_daily_etl_v2 to 2026-01-10T07:30:00+00:00, run_after=2026-01-11T07:30:00+00:00
[2026-01-12T06:25:14.286+0000] {processor.py:179} INFO - Processing /opt/airflow/dags/cbr_metals_daily_etl_v2.py took 0.061 seconds
[2026-01-12T06:25:44.425+0000] {processor.py:157} INFO - Started process (PID=607) to work on /opt/airflow/dags/cbr_metals_daily_etl_v2.py
[2026-01-12T06:25:44.426+0000] {processor.py:829} INFO - Processing file /opt/airflow/dags/cbr_metals_daily_etl_v2.py for tasks to queue
[2026-01-12T06:25:44.426+0000] {logging_mixin.py:154} INFO - [2026-01-12T06:25:44.426+0000] {dagbag.py:536} INFO - Filling up the DagBag from /opt/airflow/dags/cbr_metals_daily_etl_v2.py
[2026-01-12T06:25:44.436+0000] {processor.py:839} INFO - DAG(s) dict_keys(['cbr_metals_daily_etl_v2']) retrieved from /opt/airflow/dags/cbr_metals_daily_etl_v2.py
[2026-01-12T06:25:44.457+0000] {logging_mixin.py:154} INFO - [2026-01-12T06:25:44.457+0000] {dag.py:2941} INFO - Sync 1 DAGs
[2026-01-12T06:25:44.473+0000] {logging_mixin.py:154} INFO - [2026-01-12T06:25:44.473+0000] {dag.py:3722} INFO - Setting next_dagrun for cbr_metals_daily_etl_v2 to 2026-01-10T07:30:00+00:00, run_after=2026-01-11T07:30:00+00:00
[2026-01-12T06:25:44.485+0000] {processor.py:179} INFO - Processing /opt/airflow/dags/cbr_metals_daily_etl_v2.py took 0.062 seconds
[2026-01-12T06:26:14.620+0000] {processor.py:157} INFO - Started process (PID=622) to work on /opt/airflow/dags/cbr_metals_daily_etl_v2.py
[2026-01-12T06:26:14.620+0000] {processor.py:829} INFO - Processing file /opt/airflow/dags/cbr_metals_daily_etl_v2.py for tasks to queue
[2026-01-12T06:26:14.621+0000] {logging_mixin.py:154} INFO - [2026-01-12T06:26:14.621+0000] {dagbag.py:536} INFO - Filling up the DagBag from /opt/airflow/dags/cbr_metals_daily_etl_v2.py
[2026-01-12T06:26:14.631+0000] {processor.py:839} INFO - DAG(s) dict_keys(['cbr_metals_daily_etl_v2']) retrieved from /opt/airflow/dags/cbr_metals_daily_etl_v2.py
[2026-01-12T06:26:14.652+0000] {logging_mixin.py:154} INFO - [2026-01-12T06:26:14.652+0000] {dag.py:2941} INFO - Sync 1 DAGs
[2026-01-12T06:26:14.668+0000] {logging_mixin.py:154} INFO - [2026-01-12T06:26:14.668+0000] {dag.py:3722} INFO - Setting next_dagrun for cbr_metals_daily_etl_v2 to 2026-01-10T07:30:00+00:00, run_after=2026-01-11T07:30:00+00:00
[2026-01-12T06:26:14.684+0000] {processor.py:179} INFO - Processing /opt/airflow/dags/cbr_metals_daily_etl_v2.py took 0.067 seconds
[2026-01-12T06:26:44.828+0000] {processor.py:157} INFO - Started process (PID=637) to work on /opt/airflow/dags/cbr_metals_daily_etl_v2.py
[2026-01-12T06:26:44.829+0000] {processor.py:829} INFO - Processing file /opt/airflow/dags/cbr_metals_daily_etl_v2.py for tasks to queue
[2026-01-12T06:26:44.830+0000] {logging_mixin.py:154} INFO - [2026-01-12T06:26:44.830+0000] {dagbag.py:536} INFO - Filling up the DagBag from /opt/airflow/dags/cbr_metals_daily_etl_v2.py
[2026-01-12T06:26:44.840+0000] {processor.py:839} INFO - DAG(s) dict_keys(['cbr_metals_daily_etl_v2']) retrieved from /opt/airflow/dags/cbr_metals_daily_etl_v2.py
[2026-01-12T06:26:44.860+0000] {logging_mixin.py:154} INFO - [2026-01-12T06:26:44.860+0000] {dag.py:2941} INFO - Sync 1 DAGs
[2026-01-12T06:26:44.876+0000] {logging_mixin.py:154} INFO - [2026-01-12T06:26:44.876+0000] {dag.py:3722} INFO - Setting next_dagrun for cbr_metals_daily_etl_v2 to 2026-01-10T07:30:00+00:00, run_after=2026-01-11T07:30:00+00:00
[2026-01-12T06:26:44.887+0000] {processor.py:179} INFO - Processing /opt/airflow/dags/cbr_metals_daily_etl_v2.py took 0.062 seconds
[2026-01-12T06:27:15.022+0000] {processor.py:157} INFO - Started process (PID=652) to work on /opt/airflow/dags/cbr_metals_daily_etl_v2.py
[2026-01-12T06:27:15.023+0000] {processor.py:829} INFO - Processing file /opt/airflow/dags/cbr_metals_daily_etl_v2.py for tasks to queue
[2026-01-12T06:27:15.024+0000] {logging_mixin.py:154} INFO - [2026-01-12T06:27:15.024+0000] {dagbag.py:536} INFO - Filling up the DagBag from /opt/airflow/dags/cbr_metals_daily_etl_v2.py
[2026-01-12T06:27:15.034+0000] {processor.py:839} INFO - DAG(s) dict_keys(['cbr_metals_daily_etl_v2']) retrieved from /opt/airflow/dags/cbr_metals_daily_etl_v2.py
[2026-01-12T06:27:15.055+0000] {logging_mixin.py:154} INFO - [2026-01-12T06:27:15.055+0000] {dag.py:2941} INFO - Sync 1 DAGs
[2026-01-12T06:27:15.071+0000] {logging_mixin.py:154} INFO - [2026-01-12T06:27:15.071+0000] {dag.py:3722} INFO - Setting next_dagrun for cbr_metals_daily_etl_v2 to 2026-01-10T07:30:00+00:00, run_after=2026-01-11T07:30:00+00:00
[2026-01-12T06:27:15.096+0000] {processor.py:179} INFO - Processing /opt/airflow/dags/cbr_metals_daily_etl_v2.py took 0.076 seconds
[2026-01-12T06:27:45.231+0000] {processor.py:157} INFO - Started process (PID=667) to work on /opt/airflow/dags/cbr_metals_daily_etl_v2.py
[2026-01-12T06:27:45.232+0000] {processor.py:829} INFO - Processing file /opt/airflow/dags/cbr_metals_daily_etl_v2.py for tasks to queue
[2026-01-12T06:27:45.232+0000] {logging_mixin.py:154} INFO - [2026-01-12T06:27:45.232+0000] {dagbag.py:536} INFO - Filling up the DagBag from /opt/airflow/dags/cbr_metals_daily_etl_v2.py
[2026-01-12T06:27:45.242+0000] {processor.py:839} INFO - DAG(s) dict_keys(['cbr_metals_daily_etl_v2']) retrieved from /opt/airflow/dags/cbr_metals_daily_etl_v2.py
[2026-01-12T06:27:45.263+0000] {logging_mixin.py:154} INFO - [2026-01-12T06:27:45.263+0000] {dag.py:2941} INFO - Sync 1 DAGs
[2026-01-12T06:27:45.279+0000] {logging_mixin.py:154} INFO - [2026-01-12T06:27:45.279+0000] {dag.py:3722} INFO - Setting next_dagrun for cbr_metals_daily_etl_v2 to 2026-01-10T07:30:00+00:00, run_after=2026-01-11T07:30:00+00:00
[2026-01-12T06:27:45.292+0000] {processor.py:179} INFO - Processing /opt/airflow/dags/cbr_metals_daily_etl_v2.py took 0.064 seconds
[2026-01-12T06:28:15.431+0000] {processor.py:157} INFO - Started process (PID=682) to work on /opt/airflow/dags/cbr_metals_daily_etl_v2.py
[2026-01-12T06:28:15.432+0000] {processor.py:829} INFO - Processing file /opt/airflow/dags/cbr_metals_daily_etl_v2.py for tasks to queue
[2026-01-12T06:28:15.432+0000] {logging_mixin.py:154} INFO - [2026-01-12T06:28:15.432+0000] {dagbag.py:536} INFO - Filling up the DagBag from /opt/airflow/dags/cbr_metals_daily_etl_v2.py
[2026-01-12T06:28:15.442+0000] {processor.py:839} INFO - DAG(s) dict_keys(['cbr_metals_daily_etl_v2']) retrieved from /opt/airflow/dags/cbr_metals_daily_etl_v2.py
[2026-01-12T06:28:15.463+0000] {logging_mixin.py:154} INFO - [2026-01-12T06:28:15.463+0000] {dag.py:2941} INFO - Sync 1 DAGs
[2026-01-12T06:28:15.480+0000] {logging_mixin.py:154} INFO - [2026-01-12T06:28:15.479+0000] {dag.py:3722} INFO - Setting next_dagrun for cbr_metals_daily_etl_v2 to 2026-01-10T07:30:00+00:00, run_after=2026-01-11T07:30:00+00:00
[2026-01-12T06:28:15.494+0000] {processor.py:179} INFO - Processing /opt/airflow/dags/cbr_metals_daily_etl_v2.py took 0.065 seconds
[2026-01-12T06:28:45.631+0000] {processor.py:157} INFO - Started process (PID=697) to work on /opt/airflow/dags/cbr_metals_daily_etl_v2.py
[2026-01-12T06:28:45.632+0000] {processor.py:829} INFO - Processing file /opt/airflow/dags/cbr_metals_daily_etl_v2.py for tasks to queue
[2026-01-12T06:28:45.633+0000] {logging_mixin.py:154} INFO - [2026-01-12T06:28:45.632+0000] {dagbag.py:536} INFO - Filling up the DagBag from /opt/airflow/dags/cbr_metals_daily_etl_v2.py
[2026-01-12T06:28:45.643+0000] {processor.py:839} INFO - DAG(s) dict_keys(['cbr_metals_daily_etl_v2']) retrieved from /opt/airflow/dags/cbr_metals_daily_etl_v2.py
[2026-01-12T06:28:45.665+0000] {logging_mixin.py:154} INFO - [2026-01-12T06:28:45.665+0000] {dag.py:2941} INFO - Sync 1 DAGs
[2026-01-12T06:28:45.682+0000] {logging_mixin.py:154} INFO - [2026-01-12T06:28:45.682+0000] {dag.py:3722} INFO - Setting next_dagrun for cbr_metals_daily_etl_v2 to 2026-01-10T07:30:00+00:00, run_after=2026-01-11T07:30:00+00:00
[2026-01-12T06:28:45.698+0000] {processor.py:179} INFO - Processing /opt/airflow/dags/cbr_metals_daily_etl_v2.py took 0.069 seconds
[2026-01-12T06:29:15.835+0000] {processor.py:157} INFO - Started process (PID=712) to work on /opt/airflow/dags/cbr_metals_daily_etl_v2.py
[2026-01-12T06:29:15.836+0000] {processor.py:829} INFO - Processing file /opt/airflow/dags/cbr_metals_daily_etl_v2.py for tasks to queue
[2026-01-12T06:29:15.837+0000] {logging_mixin.py:154} INFO - [2026-01-12T06:29:15.837+0000] {dagbag.py:536} INFO - Filling up the DagBag from /opt/airflow/dags/cbr_metals_daily_etl_v2.py
[2026-01-12T06:29:15.847+0000] {processor.py:839} INFO - DAG(s) dict_keys(['cbr_metals_daily_etl_v2']) retrieved from /opt/airflow/dags/cbr_metals_daily_etl_v2.py
[2026-01-12T06:29:15.873+0000] {logging_mixin.py:154} INFO - [2026-01-12T06:29:15.873+0000] {dag.py:2941} INFO - Sync 1 DAGs
[2026-01-12T06:29:15.891+0000] {logging_mixin.py:154} INFO - [2026-01-12T06:29:15.891+0000] {dag.py:3722} INFO - Setting next_dagrun for cbr_metals_daily_etl_v2 to 2026-01-10T07:30:00+00:00, run_after=2026-01-11T07:30:00+00:00
[2026-01-12T06:29:15.906+0000] {processor.py:179} INFO - Processing /opt/airflow/dags/cbr_metals_daily_etl_v2.py took 0.074 seconds
[2026-01-12T06:29:46.051+0000] {processor.py:157} INFO - Started process (PID=727) to work on /opt/airflow/dags/cbr_metals_daily_etl_v2.py
[2026-01-12T06:29:46.052+0000] {processor.py:829} INFO - Processing file /opt/airflow/dags/cbr_metals_daily_etl_v2.py for tasks to queue
[2026-01-12T06:29:46.052+0000] {logging_mixin.py:154} INFO - [2026-01-12T06:29:46.052+0000] {dagbag.py:536} INFO - Filling up the DagBag from /opt/airflow/dags/cbr_metals_daily_etl_v2.py
[2026-01-12T06:29:46.063+0000] {processor.py:839} INFO - DAG(s) dict_keys(['cbr_metals_daily_etl_v2']) retrieved from /opt/airflow/dags/cbr_metals_daily_etl_v2.py
[2026-01-12T06:29:46.085+0000] {logging_mixin.py:154} INFO - [2026-01-12T06:29:46.085+0000] {dag.py:2941} INFO - Sync 1 DAGs
[2026-01-12T06:29:46.102+0000] {logging_mixin.py:154} INFO - [2026-01-12T06:29:46.102+0000] {dag.py:3722} INFO - Setting next_dagrun for cbr_metals_daily_etl_v2 to 2026-01-10T07:30:00+00:00, run_after=2026-01-11T07:30:00+00:00
[2026-01-12T06:29:46.161+0000] {processor.py:179} INFO - Processing /opt/airflow/dags/cbr_metals_daily_etl_v2.py took 0.113 seconds
[2026-01-12T06:30:16.300+0000] {processor.py:157} INFO - Started process (PID=742) to work on /opt/airflow/dags/cbr_metals_daily_etl_v2.py
[2026-01-12T06:30:16.301+0000] {processor.py:829} INFO - Processing file /opt/airflow/dags/cbr_metals_daily_etl_v2.py for tasks to queue
[2026-01-12T06:30:16.302+0000] {logging_mixin.py:154} INFO - [2026-01-12T06:30:16.302+0000] {dagbag.py:536} INFO - Filling up the DagBag from /opt/airflow/dags/cbr_metals_daily_etl_v2.py
[2026-01-12T06:30:16.312+0000] {processor.py:839} INFO - DAG(s) dict_keys(['cbr_metals_daily_etl_v2']) retrieved from /opt/airflow/dags/cbr_metals_daily_etl_v2.py
[2026-01-12T06:30:16.334+0000] {logging_mixin.py:154} INFO - [2026-01-12T06:30:16.334+0000] {dag.py:2941} INFO - Sync 1 DAGs
[2026-01-12T06:30:16.351+0000] {logging_mixin.py:154} INFO - [2026-01-12T06:30:16.350+0000] {dag.py:3722} INFO - Setting next_dagrun for cbr_metals_daily_etl_v2 to 2026-01-10T07:30:00+00:00, run_after=2026-01-11T07:30:00+00:00
[2026-01-12T06:30:16.362+0000] {processor.py:179} INFO - Processing /opt/airflow/dags/cbr_metals_daily_etl_v2.py took 0.064 seconds
[2026-01-12T06:30:46.502+0000] {processor.py:157} INFO - Started process (PID=757) to work on /opt/airflow/dags/cbr_metals_daily_etl_v2.py
[2026-01-12T06:30:46.503+0000] {processor.py:829} INFO - Processing file /opt/airflow/dags/cbr_metals_daily_etl_v2.py for tasks to queue
[2026-01-12T06:30:46.503+0000] {logging_mixin.py:154} INFO - [2026-01-12T06:30:46.503+0000] {dagbag.py:536} INFO - Filling up the DagBag from /opt/airflow/dags/cbr_metals_daily_etl_v2.py
[2026-01-12T06:30:46.514+0000] {processor.py:839} INFO - DAG(s) dict_keys(['cbr_metals_daily_etl_v2']) retrieved from /opt/airflow/dags/cbr_metals_daily_etl_v2.py
[2026-01-12T06:30:46.534+0000] {logging_mixin.py:154} INFO - [2026-01-12T06:30:46.534+0000] {dag.py:2941} INFO - Sync 1 DAGs
[2026-01-12T06:30:46.550+0000] {logging_mixin.py:154} INFO - [2026-01-12T06:30:46.550+0000] {dag.py:3722} INFO - Setting next_dagrun for cbr_metals_daily_etl_v2 to 2026-01-10T07:30:00+00:00, run_after=2026-01-11T07:30:00+00:00
[2026-01-12T06:30:46.566+0000] {processor.py:179} INFO - Processing /opt/airflow/dags/cbr_metals_daily_etl_v2.py took 0.066 seconds
[2026-01-12T06:31:16.700+0000] {processor.py:157} INFO - Started process (PID=772) to work on /opt/airflow/dags/cbr_metals_daily_etl_v2.py
[2026-01-12T06:31:16.701+0000] {processor.py:829} INFO - Processing file /opt/airflow/dags/cbr_metals_daily_etl_v2.py for tasks to queue
[2026-01-12T06:31:16.701+0000] {logging_mixin.py:154} INFO - [2026-01-12T06:31:16.701+0000] {dagbag.py:536} INFO - Filling up the DagBag from /opt/airflow/dags/cbr_metals_daily_etl_v2.py
[2026-01-12T06:31:16.711+0000] {processor.py:839} INFO - DAG(s) dict_keys(['cbr_metals_daily_etl_v2']) retrieved from /opt/airflow/dags/cbr_metals_daily_etl_v2.py
[2026-01-12T06:31:16.732+0000] {logging_mixin.py:154} INFO - [2026-01-12T06:31:16.732+0000] {dag.py:2941} INFO - Sync 1 DAGs
[2026-01-12T06:31:16.749+0000] {logging_mixin.py:154} INFO - [2026-01-12T06:31:16.749+0000] {dag.py:3722} INFO - Setting next_dagrun for cbr_metals_daily_etl_v2 to 2026-01-10T07:30:00+00:00, run_after=2026-01-11T07:30:00+00:00
[2026-01-12T06:31:16.760+0000] {processor.py:179} INFO - Processing /opt/airflow/dags/cbr_metals_daily_etl_v2.py took 0.062 seconds
[2026-01-12T06:31:46.891+0000] {processor.py:157} INFO - Started process (PID=787) to work on /opt/airflow/dags/cbr_metals_daily_etl_v2.py
[2026-01-12T06:31:46.891+0000] {processor.py:829} INFO - Processing file /opt/airflow/dags/cbr_metals_daily_etl_v2.py for tasks to queue
[2026-01-12T06:31:46.892+0000] {logging_mixin.py:154} INFO - [2026-01-12T06:31:46.892+0000] {dagbag.py:536} INFO - Filling up the DagBag from /opt/airflow/dags/cbr_metals_daily_etl_v2.py
[2026-01-12T06:31:46.902+0000] {processor.py:839} INFO - DAG(s) dict_keys(['cbr_metals_daily_etl_v2']) retrieved from /opt/airflow/dags/cbr_metals_daily_etl_v2.py
[2026-01-12T06:31:46.923+0000] {logging_mixin.py:154} INFO - [2026-01-12T06:31:46.923+0000] {dag.py:2941} INFO - Sync 1 DAGs
[2026-01-12T06:31:46.940+0000] {logging_mixin.py:154} INFO - [2026-01-12T06:31:46.939+0000] {dag.py:3722} INFO - Setting next_dagrun for cbr_metals_daily_etl_v2 to 2026-01-10T07:30:00+00:00, run_after=2026-01-11T07:30:00+00:00
[2026-01-12T06:31:46.951+0000] {processor.py:179} INFO - Processing /opt/airflow/dags/cbr_metals_daily_etl_v2.py took 0.063 seconds
[2026-01-12T06:32:17.090+0000] {processor.py:157} INFO - Started process (PID=802) to work on /opt/airflow/dags/cbr_metals_daily_etl_v2.py
[2026-01-12T06:32:17.091+0000] {processor.py:829} INFO - Processing file /opt/airflow/dags/cbr_metals_daily_etl_v2.py for tasks to queue
[2026-01-12T06:32:17.092+0000] {logging_mixin.py:154} INFO - [2026-01-12T06:32:17.092+0000] {dagbag.py:536} INFO - Filling up the DagBag from /opt/airflow/dags/cbr_metals_daily_etl_v2.py
[2026-01-12T06:32:17.103+0000] {processor.py:839} INFO - DAG(s) dict_keys(['cbr_metals_daily_etl_v2']) retrieved from /opt/airflow/dags/cbr_metals_daily_etl_v2.py
[2026-01-12T06:32:17.137+0000] {logging_mixin.py:154} INFO - [2026-01-12T06:32:17.136+0000] {dag.py:2941} INFO - Sync 1 DAGs
[2026-01-12T06:32:17.162+0000] {logging_mixin.py:154} INFO - [2026-01-12T06:32:17.162+0000] {dag.py:3722} INFO - Setting next_dagrun for cbr_metals_daily_etl_v2 to 2026-01-10T07:30:00+00:00, run_after=2026-01-11T07:30:00+00:00
[2026-01-12T06:32:17.193+0000] {processor.py:179} INFO - Processing /opt/airflow/dags/cbr_metals_daily_etl_v2.py took 0.106 seconds
[2026-01-12T06:32:47.339+0000] {processor.py:157} INFO - Started process (PID=817) to work on /opt/airflow/dags/cbr_metals_daily_etl_v2.py
[2026-01-12T06:32:47.349+0000] {processor.py:829} INFO - Processing file /opt/airflow/dags/cbr_metals_daily_etl_v2.py for tasks to queue
[2026-01-12T06:32:47.350+0000] {logging_mixin.py:154} INFO - [2026-01-12T06:32:47.350+0000] {dagbag.py:536} INFO - Filling up the DagBag from /opt/airflow/dags/cbr_metals_daily_etl_v2.py
[2026-01-12T06:32:47.370+0000] {processor.py:839} INFO - DAG(s) dict_keys(['cbr_metals_daily_etl_v2']) retrieved from /opt/airflow/dags/cbr_metals_daily_etl_v2.py
[2026-01-12T06:32:47.398+0000] {logging_mixin.py:154} INFO - [2026-01-12T06:32:47.398+0000] {dag.py:2941} INFO - Sync 1 DAGs
[2026-01-12T06:32:47.423+0000] {logging_mixin.py:154} INFO - [2026-01-12T06:32:47.423+0000] {dag.py:3722} INFO - Setting next_dagrun for cbr_metals_daily_etl_v2 to 2026-01-10T07:30:00+00:00, run_after=2026-01-11T07:30:00+00:00
[2026-01-12T06:32:47.442+0000] {processor.py:179} INFO - Processing /opt/airflow/dags/cbr_metals_daily_etl_v2.py took 0.109 seconds
[2026-01-12T06:33:17.579+0000] {processor.py:157} INFO - Started process (PID=832) to work on /opt/airflow/dags/cbr_metals_daily_etl_v2.py
[2026-01-12T06:33:19.360+0000] {processor.py:829} INFO - Processing file /opt/airflow/dags/cbr_metals_daily_etl_v2.py for tasks to queue
[2026-01-12T06:33:19.361+0000] {logging_mixin.py:154} INFO - [2026-01-12T06:33:19.360+0000] {dagbag.py:536} INFO - Filling up the DagBag from /opt/airflow/dags/cbr_metals_daily_etl_v2.py
[2026-01-12T06:33:19.372+0000] {processor.py:839} INFO - DAG(s) dict_keys(['cbr_metals_daily_etl_v2']) retrieved from /opt/airflow/dags/cbr_metals_daily_etl_v2.py
[2026-01-12T06:33:19.394+0000] {logging_mixin.py:154} INFO - [2026-01-12T06:33:19.393+0000] {dag.py:2941} INFO - Sync 1 DAGs
[2026-01-12T06:33:19.411+0000] {logging_mixin.py:154} INFO - [2026-01-12T06:33:19.411+0000] {dag.py:3722} INFO - Setting next_dagrun for cbr_metals_daily_etl_v2 to 2026-01-10T07:30:00+00:00, run_after=2026-01-11T07:30:00+00:00
[2026-01-12T06:33:19.434+0000] {processor.py:179} INFO - Processing /opt/airflow/dags/cbr_metals_daily_etl_v2.py took 1.857 seconds
[2026-01-12T06:33:49.576+0000] {processor.py:157} INFO - Started process (PID=847) to work on /opt/airflow/dags/cbr_metals_daily_etl_v2.py
[2026-01-12T06:33:49.577+0000] {processor.py:829} INFO - Processing file /opt/airflow/dags/cbr_metals_daily_etl_v2.py for tasks to queue
[2026-01-12T06:33:49.578+0000] {logging_mixin.py:154} INFO - [2026-01-12T06:33:49.577+0000] {dagbag.py:536} INFO - Filling up the DagBag from /opt/airflow/dags/cbr_metals_daily_etl_v2.py
[2026-01-12T06:33:49.588+0000] {processor.py:839} INFO - DAG(s) dict_keys(['cbr_metals_daily_etl_v2']) retrieved from /opt/airflow/dags/cbr_metals_daily_etl_v2.py
[2026-01-12T06:33:49.608+0000] {logging_mixin.py:154} INFO - [2026-01-12T06:33:49.608+0000] {dag.py:2941} INFO - Sync 1 DAGs
[2026-01-12T06:33:49.632+0000] {logging_mixin.py:154} INFO - [2026-01-12T06:33:49.631+0000] {dag.py:3722} INFO - Setting next_dagrun for cbr_metals_daily_etl_v2 to 2026-01-10T07:30:00+00:00, run_after=2026-01-11T07:30:00+00:00
[2026-01-12T06:33:49.647+0000] {processor.py:179} INFO - Processing /opt/airflow/dags/cbr_metals_daily_etl_v2.py took 0.074 seconds
[2026-01-12T06:34:19.794+0000] {processor.py:157} INFO - Started process (PID=862) to work on /opt/airflow/dags/cbr_metals_daily_etl_v2.py
[2026-01-12T06:34:19.795+0000] {processor.py:829} INFO - Processing file /opt/airflow/dags/cbr_metals_daily_etl_v2.py for tasks to queue
[2026-01-12T06:34:19.796+0000] {logging_mixin.py:154} INFO - [2026-01-12T06:34:19.796+0000] {dagbag.py:536} INFO - Filling up the DagBag from /opt/airflow/dags/cbr_metals_daily_etl_v2.py
[2026-01-12T06:34:19.806+0000] {processor.py:839} INFO - DAG(s) dict_keys(['cbr_metals_daily_etl_v2']) retrieved from /opt/airflow/dags/cbr_metals_daily_etl_v2.py
[2026-01-12T06:34:19.827+0000] {logging_mixin.py:154} INFO - [2026-01-12T06:34:19.827+0000] {dag.py:2941} INFO - Sync 1 DAGs
[2026-01-12T06:34:19.843+0000] {logging_mixin.py:154} INFO - [2026-01-12T06:34:19.843+0000] {dag.py:3722} INFO - Setting next_dagrun for cbr_metals_daily_etl_v2 to 2026-01-10T07:30:00+00:00, run_after=2026-01-11T07:30:00+00:00
[2026-01-12T06:34:19.855+0000] {processor.py:179} INFO - Processing /opt/airflow/dags/cbr_metals_daily_etl_v2.py took 0.063 seconds
[2026-01-12T06:34:50.007+0000] {processor.py:157} INFO - Started process (PID=877) to work on /opt/airflow/dags/cbr_metals_daily_etl_v2.py
[2026-01-12T06:34:50.008+0000] {processor.py:829} INFO - Processing file /opt/airflow/dags/cbr_metals_daily_etl_v2.py for tasks to queue
[2026-01-12T06:34:50.009+0000] {logging_mixin.py:154} INFO - [2026-01-12T06:34:50.008+0000] {dagbag.py:536} INFO - Filling up the DagBag from /opt/airflow/dags/cbr_metals_daily_etl_v2.py
[2026-01-12T06:34:50.019+0000] {processor.py:839} INFO - DAG(s) dict_keys(['cbr_metals_daily_etl_v2']) retrieved from /opt/airflow/dags/cbr_metals_daily_etl_v2.py
[2026-01-12T06:34:50.040+0000] {logging_mixin.py:154} INFO - [2026-01-12T06:34:50.039+0000] {dag.py:2941} INFO - Sync 1 DAGs
[2026-01-12T06:34:50.056+0000] {logging_mixin.py:154} INFO - [2026-01-12T06:34:50.056+0000] {dag.py:3722} INFO - Setting next_dagrun for cbr_metals_daily_etl_v2 to 2026-01-10T07:30:00+00:00, run_after=2026-01-11T07:30:00+00:00
[2026-01-12T06:34:50.068+0000] {processor.py:179} INFO - Processing /opt/airflow/dags/cbr_metals_daily_etl_v2.py took 0.064 seconds
[2026-01-12T06:35:20.213+0000] {processor.py:157} INFO - Started process (PID=892) to work on /opt/airflow/dags/cbr_metals_daily_etl_v2.py
[2026-01-12T06:35:20.214+0000] {processor.py:829} INFO - Processing file /opt/airflow/dags/cbr_metals_daily_etl_v2.py for tasks to queue
[2026-01-12T06:35:20.214+0000] {logging_mixin.py:154} INFO - [2026-01-12T06:35:20.214+0000] {dagbag.py:536} INFO - Filling up the DagBag from /opt/airflow/dags/cbr_metals_daily_etl_v2.py
[2026-01-12T06:35:20.225+0000] {processor.py:839} INFO - DAG(s) dict_keys(['cbr_metals_daily_etl_v2']) retrieved from /opt/airflow/dags/cbr_metals_daily_etl_v2.py
[2026-01-12T06:35:20.245+0000] {logging_mixin.py:154} INFO - [2026-01-12T06:35:20.245+0000] {dag.py:2941} INFO - Sync 1 DAGs
[2026-01-12T06:35:20.261+0000] {logging_mixin.py:154} INFO - [2026-01-12T06:35:20.261+0000] {dag.py:3722} INFO - Setting next_dagrun for cbr_metals_daily_etl_v2 to 2026-01-10T07:30:00+00:00, run_after=2026-01-11T07:30:00+00:00
[2026-01-12T06:35:20.276+0000] {processor.py:179} INFO - Processing /opt/airflow/dags/cbr_metals_daily_etl_v2.py took 0.066 seconds
[2026-01-12T06:35:50.414+0000] {processor.py:157} INFO - Started process (PID=907) to work on /opt/airflow/dags/cbr_metals_daily_etl_v2.py
[2026-01-12T06:35:50.414+0000] {processor.py:829} INFO - Processing file /opt/airflow/dags/cbr_metals_daily_etl_v2.py for tasks to queue
[2026-01-12T06:35:50.415+0000] {logging_mixin.py:154} INFO - [2026-01-12T06:35:50.415+0000] {dagbag.py:536} INFO - Filling up the DagBag from /opt/airflow/dags/cbr_metals_daily_etl_v2.py
[2026-01-12T06:35:50.425+0000] {processor.py:839} INFO - DAG(s) dict_keys(['cbr_metals_daily_etl_v2']) retrieved from /opt/airflow/dags/cbr_metals_daily_etl_v2.py
[2026-01-12T06:35:50.446+0000] {logging_mixin.py:154} INFO - [2026-01-12T06:35:50.445+0000] {dag.py:2941} INFO - Sync 1 DAGs
[2026-01-12T06:35:50.461+0000] {logging_mixin.py:154} INFO - [2026-01-12T06:35:50.461+0000] {dag.py:3722} INFO - Setting next_dagrun for cbr_metals_daily_etl_v2 to 2026-01-10T07:30:00+00:00, run_after=2026-01-11T07:30:00+00:00
[2026-01-12T06:35:50.473+0000] {processor.py:179} INFO - Processing /opt/airflow/dags/cbr_metals_daily_etl_v2.py took 0.062 seconds
[2026-01-12T06:36:20.602+0000] {processor.py:157} INFO - Started process (PID=922) to work on /opt/airflow/dags/cbr_metals_daily_etl_v2.py
[2026-01-12T06:36:20.603+0000] {processor.py:829} INFO - Processing file /opt/airflow/dags/cbr_metals_daily_etl_v2.py for tasks to queue
[2026-01-12T06:36:20.604+0000] {logging_mixin.py:154} INFO - [2026-01-12T06:36:20.603+0000] {dagbag.py:536} INFO - Filling up the DagBag from /opt/airflow/dags/cbr_metals_daily_etl_v2.py
[2026-01-12T06:36:20.614+0000] {processor.py:839} INFO - DAG(s) dict_keys(['cbr_metals_daily_etl_v2']) retrieved from /opt/airflow/dags/cbr_metals_daily_etl_v2.py
[2026-01-12T06:36:20.635+0000] {logging_mixin.py:154} INFO - [2026-01-12T06:36:20.635+0000] {dag.py:2941} INFO - Sync 1 DAGs
[2026-01-12T06:36:20.652+0000] {logging_mixin.py:154} INFO - [2026-01-12T06:36:20.652+0000] {dag.py:3722} INFO - Setting next_dagrun for cbr_metals_daily_etl_v2 to 2026-01-10T07:30:00+00:00, run_after=2026-01-11T07:30:00+00:00
[2026-01-12T06:36:20.683+0000] {processor.py:179} INFO - Processing /opt/airflow/dags/cbr_metals_daily_etl_v2.py took 0.084 seconds
[2026-01-12T06:36:50.821+0000] {processor.py:157} INFO - Started process (PID=937) to work on /opt/airflow/dags/cbr_metals_daily_etl_v2.py
[2026-01-12T06:36:50.822+0000] {processor.py:829} INFO - Processing file /opt/airflow/dags/cbr_metals_daily_etl_v2.py for tasks to queue
[2026-01-12T06:36:50.823+0000] {logging_mixin.py:154} INFO - [2026-01-12T06:36:50.823+0000] {dagbag.py:536} INFO - Filling up the DagBag from /opt/airflow/dags/cbr_metals_daily_etl_v2.py
[2026-01-12T06:36:50.833+0000] {processor.py:839} INFO - DAG(s) dict_keys(['cbr_metals_daily_etl_v2']) retrieved from /opt/airflow/dags/cbr_metals_daily_etl_v2.py
[2026-01-12T06:36:50.853+0000] {logging_mixin.py:154} INFO - [2026-01-12T06:36:50.853+0000] {dag.py:2941} INFO - Sync 1 DAGs
[2026-01-12T06:36:50.870+0000] {logging_mixin.py:154} INFO - [2026-01-12T06:36:50.870+0000] {dag.py:3722} INFO - Setting next_dagrun for cbr_metals_daily_etl_v2 to 2026-01-10T07:30:00+00:00, run_after=2026-01-11T07:30:00+00:00
[2026-01-12T06:36:50.899+0000] {processor.py:179} INFO - Processing /opt/airflow/dags/cbr_metals_daily_etl_v2.py took 0.080 seconds
[2026-01-12T06:37:21.042+0000] {processor.py:157} INFO - Started process (PID=952) to work on /opt/airflow/dags/cbr_metals_daily_etl_v2.py
[2026-01-12T06:37:21.043+0000] {processor.py:829} INFO - Processing file /opt/airflow/dags/cbr_metals_daily_etl_v2.py for tasks to queue
[2026-01-12T06:37:21.044+0000] {logging_mixin.py:154} INFO - [2026-01-12T06:37:21.044+0000] {dagbag.py:536} INFO - Filling up the DagBag from /opt/airflow/dags/cbr_metals_daily_etl_v2.py
[2026-01-12T06:37:21.055+0000] {processor.py:839} INFO - DAG(s) dict_keys(['cbr_metals_daily_etl_v2']) retrieved from /opt/airflow/dags/cbr_metals_daily_etl_v2.py
[2026-01-12T06:37:21.075+0000] {logging_mixin.py:154} INFO - [2026-01-12T06:37:21.075+0000] {dag.py:2941} INFO - Sync 1 DAGs
[2026-01-12T06:37:21.091+0000] {logging_mixin.py:154} INFO - [2026-01-12T06:37:21.091+0000] {dag.py:3722} INFO - Setting next_dagrun for cbr_metals_daily_etl_v2 to 2026-01-10T07:30:00+00:00, run_after=2026-01-11T07:30:00+00:00
[2026-01-12T06:37:21.104+0000] {processor.py:179} INFO - Processing /opt/airflow/dags/cbr_metals_daily_etl_v2.py took 0.065 seconds
[2026-01-12T06:37:51.247+0000] {processor.py:157} INFO - Started process (PID=967) to work on /opt/airflow/dags/cbr_metals_daily_etl_v2.py
[2026-01-12T06:37:51.247+0000] {processor.py:829} INFO - Processing file /opt/airflow/dags/cbr_metals_daily_etl_v2.py for tasks to queue
[2026-01-12T06:37:51.248+0000] {logging_mixin.py:154} INFO - [2026-01-12T06:37:51.248+0000] {dagbag.py:536} INFO - Filling up the DagBag from /opt/airflow/dags/cbr_metals_daily_etl_v2.py
[2026-01-12T06:37:51.258+0000] {processor.py:839} INFO - DAG(s) dict_keys(['cbr_metals_daily_etl_v2']) retrieved from /opt/airflow/dags/cbr_metals_daily_etl_v2.py
[2026-01-12T06:37:51.279+0000] {logging_mixin.py:154} INFO - [2026-01-12T06:37:51.279+0000] {dag.py:2941} INFO - Sync 1 DAGs
[2026-01-12T06:37:51.301+0000] {logging_mixin.py:154} INFO - [2026-01-12T06:37:51.301+0000] {dag.py:3722} INFO - Setting next_dagrun for cbr_metals_daily_etl_v2 to 2026-01-10T07:30:00+00:00, run_after=2026-01-11T07:30:00+00:00
[2026-01-12T06:37:51.334+0000] {processor.py:179} INFO - Processing /opt/airflow/dags/cbr_metals_daily_etl_v2.py took 0.090 seconds
[2026-01-12T06:38:21.474+0000] {processor.py:157} INFO - Started process (PID=982) to work on /opt/airflow/dags/cbr_metals_daily_etl_v2.py
[2026-01-12T06:38:21.475+0000] {processor.py:829} INFO - Processing file /opt/airflow/dags/cbr_metals_daily_etl_v2.py for tasks to queue
[2026-01-12T06:38:21.476+0000] {logging_mixin.py:154} INFO - [2026-01-12T06:38:21.475+0000] {dagbag.py:536} INFO - Filling up the DagBag from /opt/airflow/dags/cbr_metals_daily_etl_v2.py
[2026-01-12T06:38:21.486+0000] {processor.py:839} INFO - DAG(s) dict_keys(['cbr_metals_daily_etl_v2']) retrieved from /opt/airflow/dags/cbr_metals_daily_etl_v2.py
[2026-01-12T06:38:21.506+0000] {logging_mixin.py:154} INFO - [2026-01-12T06:38:21.506+0000] {dag.py:2941} INFO - Sync 1 DAGs
[2026-01-12T06:38:21.522+0000] {logging_mixin.py:154} INFO - [2026-01-12T06:38:21.522+0000] {dag.py:3722} INFO - Setting next_dagrun for cbr_metals_daily_etl_v2 to 2026-01-10T07:30:00+00:00, run_after=2026-01-11T07:30:00+00:00
[2026-01-12T06:38:21.534+0000] {processor.py:179} INFO - Processing /opt/airflow/dags/cbr_metals_daily_etl_v2.py took 0.062 seconds
[2026-01-12T06:38:51.692+0000] {processor.py:157} INFO - Started process (PID=997) to work on /opt/airflow/dags/cbr_metals_daily_etl_v2.py
[2026-01-12T06:38:51.693+0000] {processor.py:829} INFO - Processing file /opt/airflow/dags/cbr_metals_daily_etl_v2.py for tasks to queue
[2026-01-12T06:38:51.694+0000] {logging_mixin.py:154} INFO - [2026-01-12T06:38:51.693+0000] {dagbag.py:536} INFO - Filling up the DagBag from /opt/airflow/dags/cbr_metals_daily_etl_v2.py
[2026-01-12T06:38:51.705+0000] {processor.py:839} INFO - DAG(s) dict_keys(['cbr_metals_daily_etl_v2']) retrieved from /opt/airflow/dags/cbr_metals_daily_etl_v2.py
[2026-01-12T06:38:51.728+0000] {logging_mixin.py:154} INFO - [2026-01-12T06:38:51.728+0000] {dag.py:2941} INFO - Sync 1 DAGs
[2026-01-12T06:38:51.744+0000] {logging_mixin.py:154} INFO - [2026-01-12T06:38:51.744+0000] {dag.py:3722} INFO - Setting next_dagrun for cbr_metals_daily_etl_v2 to 2026-01-10T07:30:00+00:00, run_after=2026-01-11T07:30:00+00:00
[2026-01-12T06:38:51.757+0000] {processor.py:179} INFO - Processing /opt/airflow/dags/cbr_metals_daily_etl_v2.py took 0.068 seconds
[2026-01-12T06:39:21.892+0000] {processor.py:157} INFO - Started process (PID=1012) to work on /opt/airflow/dags/cbr_metals_daily_etl_v2.py
[2026-01-12T06:39:21.893+0000] {processor.py:829} INFO - Processing file /opt/airflow/dags/cbr_metals_daily_etl_v2.py for tasks to queue
[2026-01-12T06:39:21.894+0000] {logging_mixin.py:154} INFO - [2026-01-12T06:39:21.894+0000] {dagbag.py:536} INFO - Filling up the DagBag from /opt/airflow/dags/cbr_metals_daily_etl_v2.py
[2026-01-12T06:39:21.904+0000] {processor.py:839} INFO - DAG(s) dict_keys(['cbr_metals_daily_etl_v2']) retrieved from /opt/airflow/dags/cbr_metals_daily_etl_v2.py
[2026-01-12T06:39:21.925+0000] {logging_mixin.py:154} INFO - [2026-01-12T06:39:21.925+0000] {dag.py:2941} INFO - Sync 1 DAGs
[2026-01-12T06:39:21.942+0000] {logging_mixin.py:154} INFO - [2026-01-12T06:39:21.941+0000] {dag.py:3722} INFO - Setting next_dagrun for cbr_metals_daily_etl_v2 to 2026-01-10T07:30:00+00:00, run_after=2026-01-11T07:30:00+00:00
[2026-01-12T06:39:21.958+0000] {processor.py:179} INFO - Processing /opt/airflow/dags/cbr_metals_daily_etl_v2.py took 0.070 seconds
[2026-01-12T06:39:52.105+0000] {processor.py:157} INFO - Started process (PID=1027) to work on /opt/airflow/dags/cbr_metals_daily_etl_v2.py
[2026-01-12T06:39:52.106+0000] {processor.py:829} INFO - Processing file /opt/airflow/dags/cbr_metals_daily_etl_v2.py for tasks to queue
[2026-01-12T06:39:52.106+0000] {logging_mixin.py:154} INFO - [2026-01-12T06:39:52.106+0000] {dagbag.py:536} INFO - Filling up the DagBag from /opt/airflow/dags/cbr_metals_daily_etl_v2.py
[2026-01-12T06:39:52.117+0000] {processor.py:839} INFO - DAG(s) dict_keys(['cbr_metals_daily_etl_v2']) retrieved from /opt/airflow/dags/cbr_metals_daily_etl_v2.py
[2026-01-12T06:39:52.138+0000] {logging_mixin.py:154} INFO - [2026-01-12T06:39:52.137+0000] {dag.py:2941} INFO - Sync 1 DAGs
[2026-01-12T06:39:52.154+0000] {logging_mixin.py:154} INFO - [2026-01-12T06:39:52.154+0000] {dag.py:3722} INFO - Setting next_dagrun for cbr_metals_daily_etl_v2 to 2026-01-10T07:30:00+00:00, run_after=2026-01-11T07:30:00+00:00
[2026-01-12T06:39:52.166+0000] {processor.py:179} INFO - Processing /opt/airflow/dags/cbr_metals_daily_etl_v2.py took 0.064 seconds
[2026-01-12T06:40:22.310+0000] {processor.py:157} INFO - Started process (PID=1042) to work on /opt/airflow/dags/cbr_metals_daily_etl_v2.py
[2026-01-12T06:40:22.311+0000] {processor.py:829} INFO - Processing file /opt/airflow/dags/cbr_metals_daily_etl_v2.py for tasks to queue
[2026-01-12T06:40:22.312+0000] {logging_mixin.py:154} INFO - [2026-01-12T06:40:22.311+0000] {dagbag.py:536} INFO - Filling up the DagBag from /opt/airflow/dags/cbr_metals_daily_etl_v2.py
[2026-01-12T06:40:22.322+0000] {processor.py:839} INFO - DAG(s) dict_keys(['cbr_metals_daily_etl_v2']) retrieved from /opt/airflow/dags/cbr_metals_daily_etl_v2.py
[2026-01-12T06:40:22.342+0000] {logging_mixin.py:154} INFO - [2026-01-12T06:40:22.342+0000] {dag.py:2941} INFO - Sync 1 DAGs
[2026-01-12T06:40:22.359+0000] {logging_mixin.py:154} INFO - [2026-01-12T06:40:22.359+0000] {dag.py:3722} INFO - Setting next_dagrun for cbr_metals_daily_etl_v2 to 2026-01-10T07:30:00+00:00, run_after=2026-01-11T07:30:00+00:00
[2026-01-12T06:40:22.371+0000] {processor.py:179} INFO - Processing /opt/airflow/dags/cbr_metals_daily_etl_v2.py took 0.064 seconds
[2026-01-12T06:40:52.513+0000] {processor.py:157} INFO - Started process (PID=1057) to work on /opt/airflow/dags/cbr_metals_daily_etl_v2.py
[2026-01-12T06:40:52.514+0000] {processor.py:829} INFO - Processing file /opt/airflow/dags/cbr_metals_daily_etl_v2.py for tasks to queue
[2026-01-12T06:40:52.514+0000] {logging_mixin.py:154} INFO - [2026-01-12T06:40:52.514+0000] {dagbag.py:536} INFO - Filling up the DagBag from /opt/airflow/dags/cbr_metals_daily_etl_v2.py
[2026-01-12T06:40:52.524+0000] {processor.py:839} INFO - DAG(s) dict_keys(['cbr_metals_daily_etl_v2']) retrieved from /opt/airflow/dags/cbr_metals_daily_etl_v2.py
[2026-01-12T06:40:52.546+0000] {logging_mixin.py:154} INFO - [2026-01-12T06:40:52.545+0000] {dag.py:2941} INFO - Sync 1 DAGs
[2026-01-12T06:40:52.562+0000] {logging_mixin.py:154} INFO - [2026-01-12T06:40:52.561+0000] {dag.py:3722} INFO - Setting next_dagrun for cbr_metals_daily_etl_v2 to 2026-01-10T07:30:00+00:00, run_after=2026-01-11T07:30:00+00:00
[2026-01-12T06:40:52.612+0000] {processor.py:179} INFO - Processing /opt/airflow/dags/cbr_metals_daily_etl_v2.py took 0.102 seconds
