[2026-01-12T06:14:39.093+0000] {processor.py:157} INFO - Started process (PID=174) to work on /opt/airflow/dags/cbr_metals_daily_etl_final.py
[2026-01-12T06:14:39.095+0000] {processor.py:829} INFO - Processing file /opt/airflow/dags/cbr_metals_daily_etl_final.py for tasks to queue
[2026-01-12T06:14:39.096+0000] {logging_mixin.py:154} INFO - [2026-01-12T06:14:39.096+0000] {dagbag.py:536} INFO - Filling up the DagBag from /opt/airflow/dags/cbr_metals_daily_etl_final.py
[2026-01-12T06:14:39.264+0000] {processor.py:839} INFO - DAG(s) dict_keys(['cbr_metals_daily_etl_final']) retrieved from /opt/airflow/dags/cbr_metals_daily_etl_final.py
[2026-01-12T06:14:39.425+0000] {logging_mixin.py:154} INFO - [2026-01-12T06:14:39.425+0000] {dag.py:2941} INFO - Sync 1 DAGs
[2026-01-12T06:14:39.498+0000] {logging_mixin.py:154} INFO - [2026-01-12T06:14:39.498+0000] {dag.py:3722} INFO - Setting next_dagrun for cbr_metals_daily_etl_final to 2026-01-10T07:30:00+00:00, run_after=2026-01-11T07:30:00+00:00
[2026-01-12T06:14:39.532+0000] {processor.py:179} INFO - Processing /opt/airflow/dags/cbr_metals_daily_etl_final.py took 0.445 seconds
[2026-01-12T06:15:09.690+0000] {processor.py:157} INFO - Started process (PID=216) to work on /opt/airflow/dags/cbr_metals_daily_etl_final.py
[2026-01-12T06:15:09.691+0000] {processor.py:829} INFO - Processing file /opt/airflow/dags/cbr_metals_daily_etl_final.py for tasks to queue
[2026-01-12T06:15:09.692+0000] {logging_mixin.py:154} INFO - [2026-01-12T06:15:09.692+0000] {dagbag.py:536} INFO - Filling up the DagBag from /opt/airflow/dags/cbr_metals_daily_etl_final.py
[2026-01-12T06:15:09.714+0000] {processor.py:839} INFO - DAG(s) dict_keys(['cbr_metals_daily_etl_final']) retrieved from /opt/airflow/dags/cbr_metals_daily_etl_final.py
[2026-01-12T06:15:09.750+0000] {logging_mixin.py:154} INFO - [2026-01-12T06:15:09.750+0000] {dag.py:2941} INFO - Sync 1 DAGs
[2026-01-12T06:15:09.779+0000] {logging_mixin.py:154} INFO - [2026-01-12T06:15:09.779+0000] {dag.py:3722} INFO - Setting next_dagrun for cbr_metals_daily_etl_final to 2026-01-11T07:30:00+00:00, run_after=2026-01-12T07:30:00+00:00
[2026-01-12T06:15:09.813+0000] {processor.py:179} INFO - Processing /opt/airflow/dags/cbr_metals_daily_etl_final.py took 0.130 seconds
[2026-01-12T06:15:39.946+0000] {processor.py:157} INFO - Started process (PID=231) to work on /opt/airflow/dags/cbr_metals_daily_etl_final.py
[2026-01-12T06:15:39.948+0000] {processor.py:829} INFO - Processing file /opt/airflow/dags/cbr_metals_daily_etl_final.py for tasks to queue
[2026-01-12T06:15:39.948+0000] {logging_mixin.py:154} INFO - [2026-01-12T06:15:39.948+0000] {dagbag.py:536} INFO - Filling up the DagBag from /opt/airflow/dags/cbr_metals_daily_etl_final.py
[2026-01-12T06:15:39.959+0000] {processor.py:839} INFO - DAG(s) dict_keys(['cbr_metals_daily_etl_final']) retrieved from /opt/airflow/dags/cbr_metals_daily_etl_final.py
[2026-01-12T06:15:39.995+0000] {logging_mixin.py:154} INFO - [2026-01-12T06:15:39.995+0000] {dag.py:2941} INFO - Sync 1 DAGs
[2026-01-12T06:15:40.022+0000] {logging_mixin.py:154} INFO - [2026-01-12T06:15:40.022+0000] {dag.py:3722} INFO - Setting next_dagrun for cbr_metals_daily_etl_final to 2026-01-11T07:30:00+00:00, run_after=2026-01-12T07:30:00+00:00
[2026-01-12T06:15:40.114+0000] {processor.py:179} INFO - Processing /opt/airflow/dags/cbr_metals_daily_etl_final.py took 0.171 seconds
[2026-01-12T06:16:10.249+0000] {processor.py:157} INFO - Started process (PID=246) to work on /opt/airflow/dags/cbr_metals_daily_etl_final.py
[2026-01-12T06:16:10.250+0000] {processor.py:829} INFO - Processing file /opt/airflow/dags/cbr_metals_daily_etl_final.py for tasks to queue
[2026-01-12T06:16:10.250+0000] {logging_mixin.py:154} INFO - [2026-01-12T06:16:10.250+0000] {dagbag.py:536} INFO - Filling up the DagBag from /opt/airflow/dags/cbr_metals_daily_etl_final.py
[2026-01-12T06:16:10.262+0000] {processor.py:839} INFO - DAG(s) dict_keys(['cbr_metals_daily_etl_final']) retrieved from /opt/airflow/dags/cbr_metals_daily_etl_final.py
[2026-01-12T06:16:10.284+0000] {logging_mixin.py:154} INFO - [2026-01-12T06:16:10.284+0000] {dag.py:2941} INFO - Sync 1 DAGs
[2026-01-12T06:16:10.301+0000] {logging_mixin.py:154} INFO - [2026-01-12T06:16:10.301+0000] {dag.py:3722} INFO - Setting next_dagrun for cbr_metals_daily_etl_final to 2026-01-11T07:30:00+00:00, run_after=2026-01-12T07:30:00+00:00
[2026-01-12T06:16:10.313+0000] {processor.py:179} INFO - Processing /opt/airflow/dags/cbr_metals_daily_etl_final.py took 0.068 seconds
[2026-01-12T06:16:40.453+0000] {processor.py:157} INFO - Started process (PID=261) to work on /opt/airflow/dags/cbr_metals_daily_etl_final.py
[2026-01-12T06:16:40.456+0000] {processor.py:829} INFO - Processing file /opt/airflow/dags/cbr_metals_daily_etl_final.py for tasks to queue
[2026-01-12T06:16:40.456+0000] {logging_mixin.py:154} INFO - [2026-01-12T06:16:40.456+0000] {dagbag.py:536} INFO - Filling up the DagBag from /opt/airflow/dags/cbr_metals_daily_etl_final.py
[2026-01-12T06:16:40.466+0000] {processor.py:839} INFO - DAG(s) dict_keys(['cbr_metals_daily_etl_final']) retrieved from /opt/airflow/dags/cbr_metals_daily_etl_final.py
[2026-01-12T06:16:40.488+0000] {logging_mixin.py:154} INFO - [2026-01-12T06:16:40.488+0000] {dag.py:2941} INFO - Sync 1 DAGs
[2026-01-12T06:16:40.505+0000] {logging_mixin.py:154} INFO - [2026-01-12T06:16:40.505+0000] {dag.py:3722} INFO - Setting next_dagrun for cbr_metals_daily_etl_final to 2026-01-11T07:30:00+00:00, run_after=2026-01-12T07:30:00+00:00
[2026-01-12T06:16:40.535+0000] {processor.py:179} INFO - Processing /opt/airflow/dags/cbr_metals_daily_etl_final.py took 0.084 seconds
[2026-01-12T06:17:10.692+0000] {processor.py:157} INFO - Started process (PID=301) to work on /opt/airflow/dags/cbr_metals_daily_etl_final.py
[2026-01-12T06:17:10.693+0000] {processor.py:829} INFO - Processing file /opt/airflow/dags/cbr_metals_daily_etl_final.py for tasks to queue
[2026-01-12T06:17:10.693+0000] {logging_mixin.py:154} INFO - [2026-01-12T06:17:10.693+0000] {dagbag.py:536} INFO - Filling up the DagBag from /opt/airflow/dags/cbr_metals_daily_etl_final.py
[2026-01-12T06:17:10.711+0000] {processor.py:839} INFO - DAG(s) dict_keys(['cbr_metals_daily_etl_final']) retrieved from /opt/airflow/dags/cbr_metals_daily_etl_final.py
[2026-01-12T06:17:10.749+0000] {logging_mixin.py:154} INFO - [2026-01-12T06:17:10.748+0000] {dag.py:2941} INFO - Sync 1 DAGs
[2026-01-12T06:17:10.776+0000] {logging_mixin.py:154} INFO - [2026-01-12T06:17:10.776+0000] {dag.py:3722} INFO - Setting next_dagrun for cbr_metals_daily_etl_final to 2026-01-11T07:30:00+00:00, run_after=2026-01-12T07:30:00+00:00
[2026-01-12T06:17:10.807+0000] {processor.py:179} INFO - Processing /opt/airflow/dags/cbr_metals_daily_etl_final.py took 0.118 seconds
[2026-01-12T06:17:40.975+0000] {processor.py:157} INFO - Started process (PID=316) to work on /opt/airflow/dags/cbr_metals_daily_etl_final.py
[2026-01-12T06:17:40.977+0000] {processor.py:829} INFO - Processing file /opt/airflow/dags/cbr_metals_daily_etl_final.py for tasks to queue
[2026-01-12T06:17:40.977+0000] {logging_mixin.py:154} INFO - [2026-01-12T06:17:40.977+0000] {dagbag.py:536} INFO - Filling up the DagBag from /opt/airflow/dags/cbr_metals_daily_etl_final.py
[2026-01-12T06:17:40.998+0000] {processor.py:839} INFO - DAG(s) dict_keys(['cbr_metals_daily_etl_final']) retrieved from /opt/airflow/dags/cbr_metals_daily_etl_final.py
[2026-01-12T06:17:41.033+0000] {logging_mixin.py:154} INFO - [2026-01-12T06:17:41.033+0000] {dag.py:2941} INFO - Sync 1 DAGs
[2026-01-12T06:17:41.059+0000] {logging_mixin.py:154} INFO - [2026-01-12T06:17:41.058+0000] {dag.py:3722} INFO - Setting next_dagrun for cbr_metals_daily_etl_final to 2026-01-11T07:30:00+00:00, run_after=2026-01-12T07:30:00+00:00
[2026-01-12T06:17:41.074+0000] {processor.py:179} INFO - Processing /opt/airflow/dags/cbr_metals_daily_etl_final.py took 0.106 seconds
[2026-01-12T06:18:11.216+0000] {processor.py:157} INFO - Started process (PID=331) to work on /opt/airflow/dags/cbr_metals_daily_etl_final.py
[2026-01-12T06:18:11.217+0000] {processor.py:829} INFO - Processing file /opt/airflow/dags/cbr_metals_daily_etl_final.py for tasks to queue
[2026-01-12T06:18:11.217+0000] {logging_mixin.py:154} INFO - [2026-01-12T06:18:11.217+0000] {dagbag.py:536} INFO - Filling up the DagBag from /opt/airflow/dags/cbr_metals_daily_etl_final.py
[2026-01-12T06:18:11.228+0000] {processor.py:839} INFO - DAG(s) dict_keys(['cbr_metals_daily_etl_final']) retrieved from /opt/airflow/dags/cbr_metals_daily_etl_final.py
[2026-01-12T06:18:11.250+0000] {logging_mixin.py:154} INFO - [2026-01-12T06:18:11.250+0000] {dag.py:2941} INFO - Sync 1 DAGs
[2026-01-12T06:18:11.270+0000] {logging_mixin.py:154} INFO - [2026-01-12T06:18:11.270+0000] {dag.py:3722} INFO - Setting next_dagrun for cbr_metals_daily_etl_final to 2026-01-11T07:30:00+00:00, run_after=2026-01-12T07:30:00+00:00
[2026-01-12T06:18:11.286+0000] {processor.py:179} INFO - Processing /opt/airflow/dags/cbr_metals_daily_etl_final.py took 0.073 seconds
[2026-01-12T06:18:41.427+0000] {processor.py:157} INFO - Started process (PID=346) to work on /opt/airflow/dags/cbr_metals_daily_etl_final.py
[2026-01-12T06:18:41.429+0000] {processor.py:829} INFO - Processing file /opt/airflow/dags/cbr_metals_daily_etl_final.py for tasks to queue
[2026-01-12T06:18:41.430+0000] {logging_mixin.py:154} INFO - [2026-01-12T06:18:41.429+0000] {dagbag.py:536} INFO - Filling up the DagBag from /opt/airflow/dags/cbr_metals_daily_etl_final.py
[2026-01-12T06:18:41.440+0000] {processor.py:839} INFO - DAG(s) dict_keys(['cbr_metals_daily_etl_final']) retrieved from /opt/airflow/dags/cbr_metals_daily_etl_final.py
[2026-01-12T06:18:41.461+0000] {logging_mixin.py:154} INFO - [2026-01-12T06:18:41.461+0000] {dag.py:2941} INFO - Sync 1 DAGs
[2026-01-12T06:18:41.479+0000] {logging_mixin.py:154} INFO - [2026-01-12T06:18:41.479+0000] {dag.py:3722} INFO - Setting next_dagrun for cbr_metals_daily_etl_final to 2026-01-11T07:30:00+00:00, run_after=2026-01-12T07:30:00+00:00
[2026-01-12T06:18:41.491+0000] {processor.py:179} INFO - Processing /opt/airflow/dags/cbr_metals_daily_etl_final.py took 0.066 seconds
[2026-01-12T06:19:11.639+0000] {processor.py:157} INFO - Started process (PID=385) to work on /opt/airflow/dags/cbr_metals_daily_etl_final.py
[2026-01-12T06:19:11.640+0000] {processor.py:829} INFO - Processing file /opt/airflow/dags/cbr_metals_daily_etl_final.py for tasks to queue
[2026-01-12T06:19:11.641+0000] {logging_mixin.py:154} INFO - [2026-01-12T06:19:11.640+0000] {dagbag.py:536} INFO - Filling up the DagBag from /opt/airflow/dags/cbr_metals_daily_etl_final.py
[2026-01-12T06:19:11.651+0000] {processor.py:839} INFO - DAG(s) dict_keys(['cbr_metals_daily_etl_final']) retrieved from /opt/airflow/dags/cbr_metals_daily_etl_final.py
[2026-01-12T06:19:11.675+0000] {logging_mixin.py:154} INFO - [2026-01-12T06:19:11.675+0000] {dag.py:2941} INFO - Sync 1 DAGs
[2026-01-12T06:19:11.692+0000] {logging_mixin.py:154} INFO - [2026-01-12T06:19:11.692+0000] {dag.py:3722} INFO - Setting next_dagrun for cbr_metals_daily_etl_final to 2026-01-11T07:30:00+00:00, run_after=2026-01-12T07:30:00+00:00
[2026-01-12T06:19:11.704+0000] {processor.py:179} INFO - Processing /opt/airflow/dags/cbr_metals_daily_etl_final.py took 0.067 seconds
[2026-01-12T06:19:41.852+0000] {processor.py:157} INFO - Started process (PID=400) to work on /opt/airflow/dags/cbr_metals_daily_etl_final.py
[2026-01-12T06:19:41.853+0000] {processor.py:829} INFO - Processing file /opt/airflow/dags/cbr_metals_daily_etl_final.py for tasks to queue
[2026-01-12T06:19:41.854+0000] {logging_mixin.py:154} INFO - [2026-01-12T06:19:41.854+0000] {dagbag.py:536} INFO - Filling up the DagBag from /opt/airflow/dags/cbr_metals_daily_etl_final.py
[2026-01-12T06:19:41.864+0000] {processor.py:839} INFO - DAG(s) dict_keys(['cbr_metals_daily_etl_final']) retrieved from /opt/airflow/dags/cbr_metals_daily_etl_final.py
[2026-01-12T06:19:41.886+0000] {logging_mixin.py:154} INFO - [2026-01-12T06:19:41.886+0000] {dag.py:2941} INFO - Sync 1 DAGs
[2026-01-12T06:19:41.906+0000] {logging_mixin.py:154} INFO - [2026-01-12T06:19:41.905+0000] {dag.py:3722} INFO - Setting next_dagrun for cbr_metals_daily_etl_final to 2026-01-11T07:30:00+00:00, run_after=2026-01-12T07:30:00+00:00
[2026-01-12T06:19:41.921+0000] {processor.py:179} INFO - Processing /opt/airflow/dags/cbr_metals_daily_etl_final.py took 0.071 seconds
[2026-01-12T06:20:12.052+0000] {processor.py:157} INFO - Started process (PID=415) to work on /opt/airflow/dags/cbr_metals_daily_etl_final.py
[2026-01-12T06:20:12.053+0000] {processor.py:829} INFO - Processing file /opt/airflow/dags/cbr_metals_daily_etl_final.py for tasks to queue
[2026-01-12T06:20:12.054+0000] {logging_mixin.py:154} INFO - [2026-01-12T06:20:12.054+0000] {dagbag.py:536} INFO - Filling up the DagBag from /opt/airflow/dags/cbr_metals_daily_etl_final.py
[2026-01-12T06:20:12.064+0000] {processor.py:839} INFO - DAG(s) dict_keys(['cbr_metals_daily_etl_final']) retrieved from /opt/airflow/dags/cbr_metals_daily_etl_final.py
[2026-01-12T06:20:12.085+0000] {logging_mixin.py:154} INFO - [2026-01-12T06:20:12.085+0000] {dag.py:2941} INFO - Sync 1 DAGs
[2026-01-12T06:20:12.102+0000] {logging_mixin.py:154} INFO - [2026-01-12T06:20:12.102+0000] {dag.py:3722} INFO - Setting next_dagrun for cbr_metals_daily_etl_final to 2026-01-11T07:30:00+00:00, run_after=2026-01-12T07:30:00+00:00
[2026-01-12T06:20:12.121+0000] {processor.py:179} INFO - Processing /opt/airflow/dags/cbr_metals_daily_etl_final.py took 0.072 seconds
[2026-01-12T06:20:42.262+0000] {processor.py:157} INFO - Started process (PID=430) to work on /opt/airflow/dags/cbr_metals_daily_etl_final.py
[2026-01-12T06:20:42.264+0000] {processor.py:829} INFO - Processing file /opt/airflow/dags/cbr_metals_daily_etl_final.py for tasks to queue
[2026-01-12T06:20:42.264+0000] {logging_mixin.py:154} INFO - [2026-01-12T06:20:42.264+0000] {dagbag.py:536} INFO - Filling up the DagBag from /opt/airflow/dags/cbr_metals_daily_etl_final.py
[2026-01-12T06:20:42.275+0000] {processor.py:839} INFO - DAG(s) dict_keys(['cbr_metals_daily_etl_final']) retrieved from /opt/airflow/dags/cbr_metals_daily_etl_final.py
[2026-01-12T06:20:42.296+0000] {logging_mixin.py:154} INFO - [2026-01-12T06:20:42.296+0000] {dag.py:2941} INFO - Sync 1 DAGs
[2026-01-12T06:20:42.313+0000] {logging_mixin.py:154} INFO - [2026-01-12T06:20:42.313+0000] {dag.py:3722} INFO - Setting next_dagrun for cbr_metals_daily_etl_final to 2026-01-11T07:30:00+00:00, run_after=2026-01-12T07:30:00+00:00
[2026-01-12T06:20:42.325+0000] {processor.py:179} INFO - Processing /opt/airflow/dags/cbr_metals_daily_etl_final.py took 0.065 seconds
[2026-01-12T06:21:12.466+0000] {processor.py:157} INFO - Started process (PID=469) to work on /opt/airflow/dags/cbr_metals_daily_etl_final.py
[2026-01-12T06:21:12.467+0000] {processor.py:829} INFO - Processing file /opt/airflow/dags/cbr_metals_daily_etl_final.py for tasks to queue
[2026-01-12T06:21:12.467+0000] {logging_mixin.py:154} INFO - [2026-01-12T06:21:12.467+0000] {dagbag.py:536} INFO - Filling up the DagBag from /opt/airflow/dags/cbr_metals_daily_etl_final.py
[2026-01-12T06:21:12.478+0000] {processor.py:839} INFO - DAG(s) dict_keys(['cbr_metals_daily_etl_final']) retrieved from /opt/airflow/dags/cbr_metals_daily_etl_final.py
[2026-01-12T06:21:12.500+0000] {logging_mixin.py:154} INFO - [2026-01-12T06:21:12.500+0000] {dag.py:2941} INFO - Sync 1 DAGs
[2026-01-12T06:21:12.517+0000] {logging_mixin.py:154} INFO - [2026-01-12T06:21:12.517+0000] {dag.py:3722} INFO - Setting next_dagrun for cbr_metals_daily_etl_final to 2026-01-11T07:30:00+00:00, run_after=2026-01-12T07:30:00+00:00
[2026-01-12T06:21:12.560+0000] {processor.py:179} INFO - Processing /opt/airflow/dags/cbr_metals_daily_etl_final.py took 0.097 seconds
[2026-01-12T06:21:42.742+0000] {processor.py:157} INFO - Started process (PID=484) to work on /opt/airflow/dags/cbr_metals_daily_etl_final.py
[2026-01-12T06:21:42.743+0000] {processor.py:829} INFO - Processing file /opt/airflow/dags/cbr_metals_daily_etl_final.py for tasks to queue
[2026-01-12T06:21:42.743+0000] {logging_mixin.py:154} INFO - [2026-01-12T06:21:42.743+0000] {dagbag.py:536} INFO - Filling up the DagBag from /opt/airflow/dags/cbr_metals_daily_etl_final.py
[2026-01-12T06:21:42.754+0000] {processor.py:839} INFO - DAG(s) dict_keys(['cbr_metals_daily_etl_final']) retrieved from /opt/airflow/dags/cbr_metals_daily_etl_final.py
[2026-01-12T06:21:42.775+0000] {logging_mixin.py:154} INFO - [2026-01-12T06:21:42.775+0000] {dag.py:2941} INFO - Sync 1 DAGs
[2026-01-12T06:21:42.791+0000] {logging_mixin.py:154} INFO - [2026-01-12T06:21:42.791+0000] {dag.py:3722} INFO - Setting next_dagrun for cbr_metals_daily_etl_final to 2026-01-11T07:30:00+00:00, run_after=2026-01-12T07:30:00+00:00
[2026-01-12T06:21:42.832+0000] {processor.py:179} INFO - Processing /opt/airflow/dags/cbr_metals_daily_etl_final.py took 0.093 seconds
[2026-01-12T06:22:12.995+0000] {processor.py:157} INFO - Started process (PID=499) to work on /opt/airflow/dags/cbr_metals_daily_etl_final.py
[2026-01-12T06:22:12.996+0000] {processor.py:829} INFO - Processing file /opt/airflow/dags/cbr_metals_daily_etl_final.py for tasks to queue
[2026-01-12T06:22:12.996+0000] {logging_mixin.py:154} INFO - [2026-01-12T06:22:12.996+0000] {dagbag.py:536} INFO - Filling up the DagBag from /opt/airflow/dags/cbr_metals_daily_etl_final.py
[2026-01-12T06:22:13.009+0000] {processor.py:839} INFO - DAG(s) dict_keys(['cbr_metals_daily_etl_final']) retrieved from /opt/airflow/dags/cbr_metals_daily_etl_final.py
[2026-01-12T06:22:13.031+0000] {logging_mixin.py:154} INFO - [2026-01-12T06:22:13.030+0000] {dag.py:2941} INFO - Sync 1 DAGs
[2026-01-12T06:22:13.047+0000] {logging_mixin.py:154} INFO - [2026-01-12T06:22:13.047+0000] {dag.py:3722} INFO - Setting next_dagrun for cbr_metals_daily_etl_final to 2026-01-11T07:30:00+00:00, run_after=2026-01-12T07:30:00+00:00
[2026-01-12T06:22:13.059+0000] {processor.py:179} INFO - Processing /opt/airflow/dags/cbr_metals_daily_etl_final.py took 0.067 seconds
[2026-01-12T06:22:43.191+0000] {processor.py:157} INFO - Started process (PID=514) to work on /opt/airflow/dags/cbr_metals_daily_etl_final.py
[2026-01-12T06:22:43.192+0000] {processor.py:829} INFO - Processing file /opt/airflow/dags/cbr_metals_daily_etl_final.py for tasks to queue
[2026-01-12T06:22:43.193+0000] {logging_mixin.py:154} INFO - [2026-01-12T06:22:43.192+0000] {dagbag.py:536} INFO - Filling up the DagBag from /opt/airflow/dags/cbr_metals_daily_etl_final.py
[2026-01-12T06:22:43.203+0000] {processor.py:839} INFO - DAG(s) dict_keys(['cbr_metals_daily_etl_final']) retrieved from /opt/airflow/dags/cbr_metals_daily_etl_final.py
[2026-01-12T06:22:43.225+0000] {logging_mixin.py:154} INFO - [2026-01-12T06:22:43.225+0000] {dag.py:2941} INFO - Sync 1 DAGs
[2026-01-12T06:22:43.242+0000] {logging_mixin.py:154} INFO - [2026-01-12T06:22:43.242+0000] {dag.py:3722} INFO - Setting next_dagrun for cbr_metals_daily_etl_final to 2026-01-11T07:30:00+00:00, run_after=2026-01-12T07:30:00+00:00
[2026-01-12T06:22:43.264+0000] {processor.py:179} INFO - Processing /opt/airflow/dags/cbr_metals_daily_etl_final.py took 0.075 seconds
[2026-01-12T06:23:13.401+0000] {processor.py:157} INFO - Started process (PID=529) to work on /opt/airflow/dags/cbr_metals_daily_etl_final.py
[2026-01-12T06:23:13.402+0000] {processor.py:829} INFO - Processing file /opt/airflow/dags/cbr_metals_daily_etl_final.py for tasks to queue
[2026-01-12T06:23:13.402+0000] {logging_mixin.py:154} INFO - [2026-01-12T06:23:13.402+0000] {dagbag.py:536} INFO - Filling up the DagBag from /opt/airflow/dags/cbr_metals_daily_etl_final.py
[2026-01-12T06:23:13.413+0000] {processor.py:839} INFO - DAG(s) dict_keys(['cbr_metals_daily_etl_final']) retrieved from /opt/airflow/dags/cbr_metals_daily_etl_final.py
[2026-01-12T06:23:13.434+0000] {logging_mixin.py:154} INFO - [2026-01-12T06:23:13.434+0000] {dag.py:2941} INFO - Sync 1 DAGs
[2026-01-12T06:23:13.451+0000] {logging_mixin.py:154} INFO - [2026-01-12T06:23:13.451+0000] {dag.py:3722} INFO - Setting next_dagrun for cbr_metals_daily_etl_final to 2026-01-11T07:30:00+00:00, run_after=2026-01-12T07:30:00+00:00
[2026-01-12T06:23:13.467+0000] {processor.py:179} INFO - Processing /opt/airflow/dags/cbr_metals_daily_etl_final.py took 0.069 seconds
[2026-01-12T06:23:43.603+0000] {processor.py:157} INFO - Started process (PID=544) to work on /opt/airflow/dags/cbr_metals_daily_etl_final.py
[2026-01-12T06:23:43.604+0000] {processor.py:829} INFO - Processing file /opt/airflow/dags/cbr_metals_daily_etl_final.py for tasks to queue
[2026-01-12T06:23:43.604+0000] {logging_mixin.py:154} INFO - [2026-01-12T06:23:43.604+0000] {dagbag.py:536} INFO - Filling up the DagBag from /opt/airflow/dags/cbr_metals_daily_etl_final.py
[2026-01-12T06:23:43.615+0000] {processor.py:839} INFO - DAG(s) dict_keys(['cbr_metals_daily_etl_final']) retrieved from /opt/airflow/dags/cbr_metals_daily_etl_final.py
[2026-01-12T06:23:43.637+0000] {logging_mixin.py:154} INFO - [2026-01-12T06:23:43.637+0000] {dag.py:2941} INFO - Sync 1 DAGs
[2026-01-12T06:23:43.654+0000] {logging_mixin.py:154} INFO - [2026-01-12T06:23:43.654+0000] {dag.py:3722} INFO - Setting next_dagrun for cbr_metals_daily_etl_final to 2026-01-11T07:30:00+00:00, run_after=2026-01-12T07:30:00+00:00
[2026-01-12T06:23:43.666+0000] {processor.py:179} INFO - Processing /opt/airflow/dags/cbr_metals_daily_etl_final.py took 0.066 seconds
[2026-01-12T06:24:13.805+0000] {processor.py:157} INFO - Started process (PID=559) to work on /opt/airflow/dags/cbr_metals_daily_etl_final.py
[2026-01-12T06:24:13.806+0000] {processor.py:829} INFO - Processing file /opt/airflow/dags/cbr_metals_daily_etl_final.py for tasks to queue
[2026-01-12T06:24:13.807+0000] {logging_mixin.py:154} INFO - [2026-01-12T06:24:13.807+0000] {dagbag.py:536} INFO - Filling up the DagBag from /opt/airflow/dags/cbr_metals_daily_etl_final.py
[2026-01-12T06:24:13.817+0000] {processor.py:839} INFO - DAG(s) dict_keys(['cbr_metals_daily_etl_final']) retrieved from /opt/airflow/dags/cbr_metals_daily_etl_final.py
[2026-01-12T06:24:13.839+0000] {logging_mixin.py:154} INFO - [2026-01-12T06:24:13.838+0000] {dag.py:2941} INFO - Sync 1 DAGs
[2026-01-12T06:24:13.855+0000] {logging_mixin.py:154} INFO - [2026-01-12T06:24:13.855+0000] {dag.py:3722} INFO - Setting next_dagrun for cbr_metals_daily_etl_final to 2026-01-11T07:30:00+00:00, run_after=2026-01-12T07:30:00+00:00
[2026-01-12T06:24:13.866+0000] {processor.py:179} INFO - Processing /opt/airflow/dags/cbr_metals_daily_etl_final.py took 0.064 seconds
[2026-01-12T06:24:44.010+0000] {processor.py:157} INFO - Started process (PID=574) to work on /opt/airflow/dags/cbr_metals_daily_etl_final.py
[2026-01-12T06:24:44.011+0000] {processor.py:829} INFO - Processing file /opt/airflow/dags/cbr_metals_daily_etl_final.py for tasks to queue
[2026-01-12T06:24:44.012+0000] {logging_mixin.py:154} INFO - [2026-01-12T06:24:44.012+0000] {dagbag.py:536} INFO - Filling up the DagBag from /opt/airflow/dags/cbr_metals_daily_etl_final.py
[2026-01-12T06:24:44.022+0000] {processor.py:839} INFO - DAG(s) dict_keys(['cbr_metals_daily_etl_final']) retrieved from /opt/airflow/dags/cbr_metals_daily_etl_final.py
[2026-01-12T06:24:44.044+0000] {logging_mixin.py:154} INFO - [2026-01-12T06:24:44.044+0000] {dag.py:2941} INFO - Sync 1 DAGs
[2026-01-12T06:24:44.060+0000] {logging_mixin.py:154} INFO - [2026-01-12T06:24:44.060+0000] {dag.py:3722} INFO - Setting next_dagrun for cbr_metals_daily_etl_final to 2026-01-11T07:30:00+00:00, run_after=2026-01-12T07:30:00+00:00
[2026-01-12T06:24:44.074+0000] {processor.py:179} INFO - Processing /opt/airflow/dags/cbr_metals_daily_etl_final.py took 0.066 seconds
[2026-01-12T06:25:14.222+0000] {processor.py:157} INFO - Started process (PID=589) to work on /opt/airflow/dags/cbr_metals_daily_etl_final.py
[2026-01-12T06:25:14.223+0000] {processor.py:829} INFO - Processing file /opt/airflow/dags/cbr_metals_daily_etl_final.py for tasks to queue
[2026-01-12T06:25:14.224+0000] {logging_mixin.py:154} INFO - [2026-01-12T06:25:14.224+0000] {dagbag.py:536} INFO - Filling up the DagBag from /opt/airflow/dags/cbr_metals_daily_etl_final.py
[2026-01-12T06:25:14.234+0000] {processor.py:839} INFO - DAG(s) dict_keys(['cbr_metals_daily_etl_final']) retrieved from /opt/airflow/dags/cbr_metals_daily_etl_final.py
[2026-01-12T06:25:14.256+0000] {logging_mixin.py:154} INFO - [2026-01-12T06:25:14.256+0000] {dag.py:2941} INFO - Sync 1 DAGs
[2026-01-12T06:25:14.272+0000] {logging_mixin.py:154} INFO - [2026-01-12T06:25:14.272+0000] {dag.py:3722} INFO - Setting next_dagrun for cbr_metals_daily_etl_final to 2026-01-11T07:30:00+00:00, run_after=2026-01-12T07:30:00+00:00
[2026-01-12T06:25:14.285+0000] {processor.py:179} INFO - Processing /opt/airflow/dags/cbr_metals_daily_etl_final.py took 0.066 seconds
[2026-01-12T06:25:44.421+0000] {processor.py:157} INFO - Started process (PID=604) to work on /opt/airflow/dags/cbr_metals_daily_etl_final.py
[2026-01-12T06:25:44.422+0000] {processor.py:829} INFO - Processing file /opt/airflow/dags/cbr_metals_daily_etl_final.py for tasks to queue
[2026-01-12T06:25:44.422+0000] {logging_mixin.py:154} INFO - [2026-01-12T06:25:44.422+0000] {dagbag.py:536} INFO - Filling up the DagBag from /opt/airflow/dags/cbr_metals_daily_etl_final.py
[2026-01-12T06:25:44.432+0000] {processor.py:839} INFO - DAG(s) dict_keys(['cbr_metals_daily_etl_final']) retrieved from /opt/airflow/dags/cbr_metals_daily_etl_final.py
[2026-01-12T06:25:44.454+0000] {logging_mixin.py:154} INFO - [2026-01-12T06:25:44.454+0000] {dag.py:2941} INFO - Sync 1 DAGs
[2026-01-12T06:25:44.472+0000] {logging_mixin.py:154} INFO - [2026-01-12T06:25:44.472+0000] {dag.py:3722} INFO - Setting next_dagrun for cbr_metals_daily_etl_final to 2026-01-11T07:30:00+00:00, run_after=2026-01-12T07:30:00+00:00
[2026-01-12T06:25:44.484+0000] {processor.py:179} INFO - Processing /opt/airflow/dags/cbr_metals_daily_etl_final.py took 0.066 seconds
[2026-01-12T06:26:14.615+0000] {processor.py:157} INFO - Started process (PID=619) to work on /opt/airflow/dags/cbr_metals_daily_etl_final.py
[2026-01-12T06:26:14.616+0000] {processor.py:829} INFO - Processing file /opt/airflow/dags/cbr_metals_daily_etl_final.py for tasks to queue
[2026-01-12T06:26:14.617+0000] {logging_mixin.py:154} INFO - [2026-01-12T06:26:14.617+0000] {dagbag.py:536} INFO - Filling up the DagBag from /opt/airflow/dags/cbr_metals_daily_etl_final.py
[2026-01-12T06:26:14.627+0000] {processor.py:839} INFO - DAG(s) dict_keys(['cbr_metals_daily_etl_final']) retrieved from /opt/airflow/dags/cbr_metals_daily_etl_final.py
[2026-01-12T06:26:14.649+0000] {logging_mixin.py:154} INFO - [2026-01-12T06:26:14.648+0000] {dag.py:2941} INFO - Sync 1 DAGs
[2026-01-12T06:26:14.665+0000] {logging_mixin.py:154} INFO - [2026-01-12T06:26:14.665+0000] {dag.py:3722} INFO - Setting next_dagrun for cbr_metals_daily_etl_final to 2026-01-11T07:30:00+00:00, run_after=2026-01-12T07:30:00+00:00
[2026-01-12T06:26:14.683+0000] {processor.py:179} INFO - Processing /opt/airflow/dags/cbr_metals_daily_etl_final.py took 0.071 seconds
[2026-01-12T06:26:44.823+0000] {processor.py:157} INFO - Started process (PID=634) to work on /opt/airflow/dags/cbr_metals_daily_etl_final.py
[2026-01-12T06:26:44.824+0000] {processor.py:829} INFO - Processing file /opt/airflow/dags/cbr_metals_daily_etl_final.py for tasks to queue
[2026-01-12T06:26:44.825+0000] {logging_mixin.py:154} INFO - [2026-01-12T06:26:44.824+0000] {dagbag.py:536} INFO - Filling up the DagBag from /opt/airflow/dags/cbr_metals_daily_etl_final.py
[2026-01-12T06:26:44.835+0000] {processor.py:839} INFO - DAG(s) dict_keys(['cbr_metals_daily_etl_final']) retrieved from /opt/airflow/dags/cbr_metals_daily_etl_final.py
[2026-01-12T06:26:44.857+0000] {logging_mixin.py:154} INFO - [2026-01-12T06:26:44.857+0000] {dag.py:2941} INFO - Sync 1 DAGs
[2026-01-12T06:26:44.873+0000] {logging_mixin.py:154} INFO - [2026-01-12T06:26:44.873+0000] {dag.py:3722} INFO - Setting next_dagrun for cbr_metals_daily_etl_final to 2026-01-11T07:30:00+00:00, run_after=2026-01-12T07:30:00+00:00
[2026-01-12T06:26:44.885+0000] {processor.py:179} INFO - Processing /opt/airflow/dags/cbr_metals_daily_etl_final.py took 0.065 seconds
[2026-01-12T06:27:15.018+0000] {processor.py:157} INFO - Started process (PID=649) to work on /opt/airflow/dags/cbr_metals_daily_etl_final.py
[2026-01-12T06:27:15.019+0000] {processor.py:829} INFO - Processing file /opt/airflow/dags/cbr_metals_daily_etl_final.py for tasks to queue
[2026-01-12T06:27:15.020+0000] {logging_mixin.py:154} INFO - [2026-01-12T06:27:15.020+0000] {dagbag.py:536} INFO - Filling up the DagBag from /opt/airflow/dags/cbr_metals_daily_etl_final.py
[2026-01-12T06:27:15.030+0000] {processor.py:839} INFO - DAG(s) dict_keys(['cbr_metals_daily_etl_final']) retrieved from /opt/airflow/dags/cbr_metals_daily_etl_final.py
[2026-01-12T06:27:15.052+0000] {logging_mixin.py:154} INFO - [2026-01-12T06:27:15.052+0000] {dag.py:2941} INFO - Sync 1 DAGs
[2026-01-12T06:27:15.068+0000] {logging_mixin.py:154} INFO - [2026-01-12T06:27:15.068+0000] {dag.py:3722} INFO - Setting next_dagrun for cbr_metals_daily_etl_final to 2026-01-11T07:30:00+00:00, run_after=2026-01-12T07:30:00+00:00
[2026-01-12T06:27:15.091+0000] {processor.py:179} INFO - Processing /opt/airflow/dags/cbr_metals_daily_etl_final.py took 0.075 seconds
[2026-01-12T06:27:45.226+0000] {processor.py:157} INFO - Started process (PID=664) to work on /opt/airflow/dags/cbr_metals_daily_etl_final.py
[2026-01-12T06:27:45.228+0000] {processor.py:829} INFO - Processing file /opt/airflow/dags/cbr_metals_daily_etl_final.py for tasks to queue
[2026-01-12T06:27:45.229+0000] {logging_mixin.py:154} INFO - [2026-01-12T06:27:45.228+0000] {dagbag.py:536} INFO - Filling up the DagBag from /opt/airflow/dags/cbr_metals_daily_etl_final.py
[2026-01-12T06:27:45.239+0000] {processor.py:839} INFO - DAG(s) dict_keys(['cbr_metals_daily_etl_final']) retrieved from /opt/airflow/dags/cbr_metals_daily_etl_final.py
[2026-01-12T06:27:45.261+0000] {logging_mixin.py:154} INFO - [2026-01-12T06:27:45.261+0000] {dag.py:2941} INFO - Sync 1 DAGs
[2026-01-12T06:27:45.278+0000] {logging_mixin.py:154} INFO - [2026-01-12T06:27:45.278+0000] {dag.py:3722} INFO - Setting next_dagrun for cbr_metals_daily_etl_final to 2026-01-11T07:30:00+00:00, run_after=2026-01-12T07:30:00+00:00
[2026-01-12T06:27:45.290+0000] {processor.py:179} INFO - Processing /opt/airflow/dags/cbr_metals_daily_etl_final.py took 0.067 seconds
[2026-01-12T06:28:15.426+0000] {processor.py:157} INFO - Started process (PID=679) to work on /opt/airflow/dags/cbr_metals_daily_etl_final.py
[2026-01-12T06:28:15.427+0000] {processor.py:829} INFO - Processing file /opt/airflow/dags/cbr_metals_daily_etl_final.py for tasks to queue
[2026-01-12T06:28:15.428+0000] {logging_mixin.py:154} INFO - [2026-01-12T06:28:15.428+0000] {dagbag.py:536} INFO - Filling up the DagBag from /opt/airflow/dags/cbr_metals_daily_etl_final.py
[2026-01-12T06:28:15.438+0000] {processor.py:839} INFO - DAG(s) dict_keys(['cbr_metals_daily_etl_final']) retrieved from /opt/airflow/dags/cbr_metals_daily_etl_final.py
[2026-01-12T06:28:15.461+0000] {logging_mixin.py:154} INFO - [2026-01-12T06:28:15.461+0000] {dag.py:2941} INFO - Sync 1 DAGs
[2026-01-12T06:28:15.479+0000] {logging_mixin.py:154} INFO - [2026-01-12T06:28:15.479+0000] {dag.py:3722} INFO - Setting next_dagrun for cbr_metals_daily_etl_final to 2026-01-11T07:30:00+00:00, run_after=2026-01-12T07:30:00+00:00
[2026-01-12T06:28:15.497+0000] {processor.py:179} INFO - Processing /opt/airflow/dags/cbr_metals_daily_etl_final.py took 0.074 seconds
[2026-01-12T06:28:45.627+0000] {processor.py:157} INFO - Started process (PID=694) to work on /opt/airflow/dags/cbr_metals_daily_etl_final.py
[2026-01-12T06:28:45.628+0000] {processor.py:829} INFO - Processing file /opt/airflow/dags/cbr_metals_daily_etl_final.py for tasks to queue
[2026-01-12T06:28:45.629+0000] {logging_mixin.py:154} INFO - [2026-01-12T06:28:45.628+0000] {dagbag.py:536} INFO - Filling up the DagBag from /opt/airflow/dags/cbr_metals_daily_etl_final.py
[2026-01-12T06:28:45.643+0000] {processor.py:839} INFO - DAG(s) dict_keys(['cbr_metals_daily_etl_final']) retrieved from /opt/airflow/dags/cbr_metals_daily_etl_final.py
[2026-01-12T06:28:45.665+0000] {logging_mixin.py:154} INFO - [2026-01-12T06:28:45.665+0000] {dag.py:2941} INFO - Sync 1 DAGs
[2026-01-12T06:28:45.682+0000] {logging_mixin.py:154} INFO - [2026-01-12T06:28:45.682+0000] {dag.py:3722} INFO - Setting next_dagrun for cbr_metals_daily_etl_final to 2026-01-11T07:30:00+00:00, run_after=2026-01-12T07:30:00+00:00
[2026-01-12T06:28:45.696+0000] {processor.py:179} INFO - Processing /opt/airflow/dags/cbr_metals_daily_etl_final.py took 0.072 seconds
[2026-01-12T06:29:15.830+0000] {processor.py:157} INFO - Started process (PID=709) to work on /opt/airflow/dags/cbr_metals_daily_etl_final.py
[2026-01-12T06:29:15.832+0000] {processor.py:829} INFO - Processing file /opt/airflow/dags/cbr_metals_daily_etl_final.py for tasks to queue
[2026-01-12T06:29:15.833+0000] {logging_mixin.py:154} INFO - [2026-01-12T06:29:15.832+0000] {dagbag.py:536} INFO - Filling up the DagBag from /opt/airflow/dags/cbr_metals_daily_etl_final.py
[2026-01-12T06:29:15.843+0000] {processor.py:839} INFO - DAG(s) dict_keys(['cbr_metals_daily_etl_final']) retrieved from /opt/airflow/dags/cbr_metals_daily_etl_final.py
[2026-01-12T06:29:15.866+0000] {logging_mixin.py:154} INFO - [2026-01-12T06:29:15.866+0000] {dag.py:2941} INFO - Sync 1 DAGs
[2026-01-12T06:29:15.882+0000] {logging_mixin.py:154} INFO - [2026-01-12T06:29:15.882+0000] {dag.py:3722} INFO - Setting next_dagrun for cbr_metals_daily_etl_final to 2026-01-11T07:30:00+00:00, run_after=2026-01-12T07:30:00+00:00
[2026-01-12T06:29:15.895+0000] {processor.py:179} INFO - Processing /opt/airflow/dags/cbr_metals_daily_etl_final.py took 0.067 seconds
[2026-01-12T06:29:46.045+0000] {processor.py:157} INFO - Started process (PID=724) to work on /opt/airflow/dags/cbr_metals_daily_etl_final.py
[2026-01-12T06:29:46.046+0000] {processor.py:829} INFO - Processing file /opt/airflow/dags/cbr_metals_daily_etl_final.py for tasks to queue
[2026-01-12T06:29:46.047+0000] {logging_mixin.py:154} INFO - [2026-01-12T06:29:46.047+0000] {dagbag.py:536} INFO - Filling up the DagBag from /opt/airflow/dags/cbr_metals_daily_etl_final.py
[2026-01-12T06:29:46.058+0000] {processor.py:839} INFO - DAG(s) dict_keys(['cbr_metals_daily_etl_final']) retrieved from /opt/airflow/dags/cbr_metals_daily_etl_final.py
[2026-01-12T06:29:46.084+0000] {logging_mixin.py:154} INFO - [2026-01-12T06:29:46.084+0000] {dag.py:2941} INFO - Sync 1 DAGs
[2026-01-12T06:29:46.101+0000] {logging_mixin.py:154} INFO - [2026-01-12T06:29:46.101+0000] {dag.py:3722} INFO - Setting next_dagrun for cbr_metals_daily_etl_final to 2026-01-11T07:30:00+00:00, run_after=2026-01-12T07:30:00+00:00
[2026-01-12T06:29:46.160+0000] {processor.py:179} INFO - Processing /opt/airflow/dags/cbr_metals_daily_etl_final.py took 0.118 seconds
[2026-01-12T06:30:16.296+0000] {processor.py:157} INFO - Started process (PID=739) to work on /opt/airflow/dags/cbr_metals_daily_etl_final.py
[2026-01-12T06:30:16.297+0000] {processor.py:829} INFO - Processing file /opt/airflow/dags/cbr_metals_daily_etl_final.py for tasks to queue
[2026-01-12T06:30:16.297+0000] {logging_mixin.py:154} INFO - [2026-01-12T06:30:16.297+0000] {dagbag.py:536} INFO - Filling up the DagBag from /opt/airflow/dags/cbr_metals_daily_etl_final.py
[2026-01-12T06:30:16.308+0000] {processor.py:839} INFO - DAG(s) dict_keys(['cbr_metals_daily_etl_final']) retrieved from /opt/airflow/dags/cbr_metals_daily_etl_final.py
[2026-01-12T06:30:16.329+0000] {logging_mixin.py:154} INFO - [2026-01-12T06:30:16.329+0000] {dag.py:2941} INFO - Sync 1 DAGs
[2026-01-12T06:30:16.346+0000] {logging_mixin.py:154} INFO - [2026-01-12T06:30:16.346+0000] {dag.py:3722} INFO - Setting next_dagrun for cbr_metals_daily_etl_final to 2026-01-11T07:30:00+00:00, run_after=2026-01-12T07:30:00+00:00
[2026-01-12T06:30:16.359+0000] {processor.py:179} INFO - Processing /opt/airflow/dags/cbr_metals_daily_etl_final.py took 0.066 seconds
[2026-01-12T06:30:46.497+0000] {processor.py:157} INFO - Started process (PID=754) to work on /opt/airflow/dags/cbr_metals_daily_etl_final.py
[2026-01-12T06:30:46.498+0000] {processor.py:829} INFO - Processing file /opt/airflow/dags/cbr_metals_daily_etl_final.py for tasks to queue
[2026-01-12T06:30:46.499+0000] {logging_mixin.py:154} INFO - [2026-01-12T06:30:46.499+0000] {dagbag.py:536} INFO - Filling up the DagBag from /opt/airflow/dags/cbr_metals_daily_etl_final.py
[2026-01-12T06:30:46.509+0000] {processor.py:839} INFO - DAG(s) dict_keys(['cbr_metals_daily_etl_final']) retrieved from /opt/airflow/dags/cbr_metals_daily_etl_final.py
[2026-01-12T06:30:46.531+0000] {logging_mixin.py:154} INFO - [2026-01-12T06:30:46.530+0000] {dag.py:2941} INFO - Sync 1 DAGs
[2026-01-12T06:30:46.547+0000] {logging_mixin.py:154} INFO - [2026-01-12T06:30:46.547+0000] {dag.py:3722} INFO - Setting next_dagrun for cbr_metals_daily_etl_final to 2026-01-11T07:30:00+00:00, run_after=2026-01-12T07:30:00+00:00
[2026-01-12T06:30:46.560+0000] {processor.py:179} INFO - Processing /opt/airflow/dags/cbr_metals_daily_etl_final.py took 0.065 seconds
[2026-01-12T06:31:16.695+0000] {processor.py:157} INFO - Started process (PID=769) to work on /opt/airflow/dags/cbr_metals_daily_etl_final.py
[2026-01-12T06:31:16.696+0000] {processor.py:829} INFO - Processing file /opt/airflow/dags/cbr_metals_daily_etl_final.py for tasks to queue
[2026-01-12T06:31:16.697+0000] {logging_mixin.py:154} INFO - [2026-01-12T06:31:16.697+0000] {dagbag.py:536} INFO - Filling up the DagBag from /opt/airflow/dags/cbr_metals_daily_etl_final.py
[2026-01-12T06:31:16.707+0000] {processor.py:839} INFO - DAG(s) dict_keys(['cbr_metals_daily_etl_final']) retrieved from /opt/airflow/dags/cbr_metals_daily_etl_final.py
[2026-01-12T06:31:16.729+0000] {logging_mixin.py:154} INFO - [2026-01-12T06:31:16.729+0000] {dag.py:2941} INFO - Sync 1 DAGs
[2026-01-12T06:31:16.746+0000] {logging_mixin.py:154} INFO - [2026-01-12T06:31:16.746+0000] {dag.py:3722} INFO - Setting next_dagrun for cbr_metals_daily_etl_final to 2026-01-11T07:30:00+00:00, run_after=2026-01-12T07:30:00+00:00
[2026-01-12T06:31:16.759+0000] {processor.py:179} INFO - Processing /opt/airflow/dags/cbr_metals_daily_etl_final.py took 0.066 seconds
[2026-01-12T06:31:46.886+0000] {processor.py:157} INFO - Started process (PID=784) to work on /opt/airflow/dags/cbr_metals_daily_etl_final.py
[2026-01-12T06:31:46.887+0000] {processor.py:829} INFO - Processing file /opt/airflow/dags/cbr_metals_daily_etl_final.py for tasks to queue
[2026-01-12T06:31:46.887+0000] {logging_mixin.py:154} INFO - [2026-01-12T06:31:46.887+0000] {dagbag.py:536} INFO - Filling up the DagBag from /opt/airflow/dags/cbr_metals_daily_etl_final.py
[2026-01-12T06:31:46.897+0000] {processor.py:839} INFO - DAG(s) dict_keys(['cbr_metals_daily_etl_final']) retrieved from /opt/airflow/dags/cbr_metals_daily_etl_final.py
[2026-01-12T06:31:46.920+0000] {logging_mixin.py:154} INFO - [2026-01-12T06:31:46.919+0000] {dag.py:2941} INFO - Sync 1 DAGs
[2026-01-12T06:31:46.936+0000] {logging_mixin.py:154} INFO - [2026-01-12T06:31:46.936+0000] {dag.py:3722} INFO - Setting next_dagrun for cbr_metals_daily_etl_final to 2026-01-11T07:30:00+00:00, run_after=2026-01-12T07:30:00+00:00
[2026-01-12T06:31:46.949+0000] {processor.py:179} INFO - Processing /opt/airflow/dags/cbr_metals_daily_etl_final.py took 0.066 seconds
[2026-01-12T06:32:17.085+0000] {processor.py:157} INFO - Started process (PID=799) to work on /opt/airflow/dags/cbr_metals_daily_etl_final.py
[2026-01-12T06:32:17.086+0000] {processor.py:829} INFO - Processing file /opt/airflow/dags/cbr_metals_daily_etl_final.py for tasks to queue
[2026-01-12T06:32:17.087+0000] {logging_mixin.py:154} INFO - [2026-01-12T06:32:17.087+0000] {dagbag.py:536} INFO - Filling up the DagBag from /opt/airflow/dags/cbr_metals_daily_etl_final.py
[2026-01-12T06:32:17.097+0000] {processor.py:839} INFO - DAG(s) dict_keys(['cbr_metals_daily_etl_final']) retrieved from /opt/airflow/dags/cbr_metals_daily_etl_final.py
[2026-01-12T06:32:17.134+0000] {logging_mixin.py:154} INFO - [2026-01-12T06:32:17.133+0000] {dag.py:2941} INFO - Sync 1 DAGs
[2026-01-12T06:32:17.161+0000] {logging_mixin.py:154} INFO - [2026-01-12T06:32:17.160+0000] {dag.py:3722} INFO - Setting next_dagrun for cbr_metals_daily_etl_final to 2026-01-11T07:30:00+00:00, run_after=2026-01-12T07:30:00+00:00
[2026-01-12T06:32:17.184+0000] {processor.py:179} INFO - Processing /opt/airflow/dags/cbr_metals_daily_etl_final.py took 0.101 seconds
[2026-01-12T06:32:47.330+0000] {processor.py:157} INFO - Started process (PID=814) to work on /opt/airflow/dags/cbr_metals_daily_etl_final.py
[2026-01-12T06:32:47.339+0000] {processor.py:829} INFO - Processing file /opt/airflow/dags/cbr_metals_daily_etl_final.py for tasks to queue
[2026-01-12T06:32:47.340+0000] {logging_mixin.py:154} INFO - [2026-01-12T06:32:47.340+0000] {dagbag.py:536} INFO - Filling up the DagBag from /opt/airflow/dags/cbr_metals_daily_etl_final.py
[2026-01-12T06:32:47.361+0000] {processor.py:839} INFO - DAG(s) dict_keys(['cbr_metals_daily_etl_final']) retrieved from /opt/airflow/dags/cbr_metals_daily_etl_final.py
[2026-01-12T06:32:47.398+0000] {logging_mixin.py:154} INFO - [2026-01-12T06:32:47.398+0000] {dag.py:2941} INFO - Sync 1 DAGs
[2026-01-12T06:32:47.424+0000] {logging_mixin.py:154} INFO - [2026-01-12T06:32:47.423+0000] {dag.py:3722} INFO - Setting next_dagrun for cbr_metals_daily_etl_final to 2026-01-11T07:30:00+00:00, run_after=2026-01-12T07:30:00+00:00
[2026-01-12T06:32:47.451+0000] {processor.py:179} INFO - Processing /opt/airflow/dags/cbr_metals_daily_etl_final.py took 0.128 seconds
[2026-01-12T06:33:17.574+0000] {processor.py:157} INFO - Started process (PID=829) to work on /opt/airflow/dags/cbr_metals_daily_etl_final.py
[2026-01-12T06:33:19.360+0000] {processor.py:829} INFO - Processing file /opt/airflow/dags/cbr_metals_daily_etl_final.py for tasks to queue
[2026-01-12T06:33:19.361+0000] {logging_mixin.py:154} INFO - [2026-01-12T06:33:19.360+0000] {dagbag.py:536} INFO - Filling up the DagBag from /opt/airflow/dags/cbr_metals_daily_etl_final.py
[2026-01-12T06:33:19.371+0000] {processor.py:839} INFO - DAG(s) dict_keys(['cbr_metals_daily_etl_final']) retrieved from /opt/airflow/dags/cbr_metals_daily_etl_final.py
[2026-01-12T06:33:19.396+0000] {logging_mixin.py:154} INFO - [2026-01-12T06:33:19.396+0000] {dag.py:2941} INFO - Sync 1 DAGs
[2026-01-12T06:33:19.412+0000] {logging_mixin.py:154} INFO - [2026-01-12T06:33:19.412+0000] {dag.py:3722} INFO - Setting next_dagrun for cbr_metals_daily_etl_final to 2026-01-11T07:30:00+00:00, run_after=2026-01-12T07:30:00+00:00
[2026-01-12T06:33:19.436+0000] {processor.py:179} INFO - Processing /opt/airflow/dags/cbr_metals_daily_etl_final.py took 1.864 seconds
[2026-01-12T06:33:49.571+0000] {processor.py:157} INFO - Started process (PID=844) to work on /opt/airflow/dags/cbr_metals_daily_etl_final.py
[2026-01-12T06:33:49.572+0000] {processor.py:829} INFO - Processing file /opt/airflow/dags/cbr_metals_daily_etl_final.py for tasks to queue
[2026-01-12T06:33:49.573+0000] {logging_mixin.py:154} INFO - [2026-01-12T06:33:49.573+0000] {dagbag.py:536} INFO - Filling up the DagBag from /opt/airflow/dags/cbr_metals_daily_etl_final.py
[2026-01-12T06:33:49.583+0000] {processor.py:839} INFO - DAG(s) dict_keys(['cbr_metals_daily_etl_final']) retrieved from /opt/airflow/dags/cbr_metals_daily_etl_final.py
[2026-01-12T06:33:49.607+0000] {logging_mixin.py:154} INFO - [2026-01-12T06:33:49.607+0000] {dag.py:2941} INFO - Sync 1 DAGs
[2026-01-12T06:33:49.632+0000] {logging_mixin.py:154} INFO - [2026-01-12T06:33:49.632+0000] {dag.py:3722} INFO - Setting next_dagrun for cbr_metals_daily_etl_final to 2026-01-11T07:30:00+00:00, run_after=2026-01-12T07:30:00+00:00
[2026-01-12T06:33:49.648+0000] {processor.py:179} INFO - Processing /opt/airflow/dags/cbr_metals_daily_etl_final.py took 0.079 seconds
[2026-01-12T06:34:19.789+0000] {processor.py:157} INFO - Started process (PID=859) to work on /opt/airflow/dags/cbr_metals_daily_etl_final.py
[2026-01-12T06:34:19.790+0000] {processor.py:829} INFO - Processing file /opt/airflow/dags/cbr_metals_daily_etl_final.py for tasks to queue
[2026-01-12T06:34:19.791+0000] {logging_mixin.py:154} INFO - [2026-01-12T06:34:19.791+0000] {dagbag.py:536} INFO - Filling up the DagBag from /opt/airflow/dags/cbr_metals_daily_etl_final.py
[2026-01-12T06:34:19.801+0000] {processor.py:839} INFO - DAG(s) dict_keys(['cbr_metals_daily_etl_final']) retrieved from /opt/airflow/dags/cbr_metals_daily_etl_final.py
[2026-01-12T06:34:19.823+0000] {logging_mixin.py:154} INFO - [2026-01-12T06:34:19.823+0000] {dag.py:2941} INFO - Sync 1 DAGs
[2026-01-12T06:34:19.840+0000] {logging_mixin.py:154} INFO - [2026-01-12T06:34:19.840+0000] {dag.py:3722} INFO - Setting next_dagrun for cbr_metals_daily_etl_final to 2026-01-11T07:30:00+00:00, run_after=2026-01-12T07:30:00+00:00
[2026-01-12T06:34:19.853+0000] {processor.py:179} INFO - Processing /opt/airflow/dags/cbr_metals_daily_etl_final.py took 0.067 seconds
[2026-01-12T06:34:50.002+0000] {processor.py:157} INFO - Started process (PID=874) to work on /opt/airflow/dags/cbr_metals_daily_etl_final.py
[2026-01-12T06:34:50.003+0000] {processor.py:829} INFO - Processing file /opt/airflow/dags/cbr_metals_daily_etl_final.py for tasks to queue
[2026-01-12T06:34:50.003+0000] {logging_mixin.py:154} INFO - [2026-01-12T06:34:50.003+0000] {dagbag.py:536} INFO - Filling up the DagBag from /opt/airflow/dags/cbr_metals_daily_etl_final.py
[2026-01-12T06:34:50.014+0000] {processor.py:839} INFO - DAG(s) dict_keys(['cbr_metals_daily_etl_final']) retrieved from /opt/airflow/dags/cbr_metals_daily_etl_final.py
[2026-01-12T06:34:50.036+0000] {logging_mixin.py:154} INFO - [2026-01-12T06:34:50.036+0000] {dag.py:2941} INFO - Sync 1 DAGs
[2026-01-12T06:34:50.055+0000] {logging_mixin.py:154} INFO - [2026-01-12T06:34:50.055+0000] {dag.py:3722} INFO - Setting next_dagrun for cbr_metals_daily_etl_final to 2026-01-11T07:30:00+00:00, run_after=2026-01-12T07:30:00+00:00
[2026-01-12T06:34:50.068+0000] {processor.py:179} INFO - Processing /opt/airflow/dags/cbr_metals_daily_etl_final.py took 0.069 seconds
[2026-01-12T06:35:20.208+0000] {processor.py:157} INFO - Started process (PID=889) to work on /opt/airflow/dags/cbr_metals_daily_etl_final.py
[2026-01-12T06:35:20.208+0000] {processor.py:829} INFO - Processing file /opt/airflow/dags/cbr_metals_daily_etl_final.py for tasks to queue
[2026-01-12T06:35:20.209+0000] {logging_mixin.py:154} INFO - [2026-01-12T06:35:20.209+0000] {dagbag.py:536} INFO - Filling up the DagBag from /opt/airflow/dags/cbr_metals_daily_etl_final.py
[2026-01-12T06:35:20.219+0000] {processor.py:839} INFO - DAG(s) dict_keys(['cbr_metals_daily_etl_final']) retrieved from /opt/airflow/dags/cbr_metals_daily_etl_final.py
[2026-01-12T06:35:20.241+0000] {logging_mixin.py:154} INFO - [2026-01-12T06:35:20.241+0000] {dag.py:2941} INFO - Sync 1 DAGs
[2026-01-12T06:35:20.258+0000] {logging_mixin.py:154} INFO - [2026-01-12T06:35:20.258+0000] {dag.py:3722} INFO - Setting next_dagrun for cbr_metals_daily_etl_final to 2026-01-11T07:30:00+00:00, run_after=2026-01-12T07:30:00+00:00
[2026-01-12T06:35:20.270+0000] {processor.py:179} INFO - Processing /opt/airflow/dags/cbr_metals_daily_etl_final.py took 0.065 seconds
[2026-01-12T06:35:50.409+0000] {processor.py:157} INFO - Started process (PID=904) to work on /opt/airflow/dags/cbr_metals_daily_etl_final.py
[2026-01-12T06:35:50.410+0000] {processor.py:829} INFO - Processing file /opt/airflow/dags/cbr_metals_daily_etl_final.py for tasks to queue
[2026-01-12T06:35:50.410+0000] {logging_mixin.py:154} INFO - [2026-01-12T06:35:50.410+0000] {dagbag.py:536} INFO - Filling up the DagBag from /opt/airflow/dags/cbr_metals_daily_etl_final.py
[2026-01-12T06:35:50.421+0000] {processor.py:839} INFO - DAG(s) dict_keys(['cbr_metals_daily_etl_final']) retrieved from /opt/airflow/dags/cbr_metals_daily_etl_final.py
[2026-01-12T06:35:50.442+0000] {logging_mixin.py:154} INFO - [2026-01-12T06:35:50.442+0000] {dag.py:2941} INFO - Sync 1 DAGs
[2026-01-12T06:35:50.459+0000] {logging_mixin.py:154} INFO - [2026-01-12T06:35:50.459+0000] {dag.py:3722} INFO - Setting next_dagrun for cbr_metals_daily_etl_final to 2026-01-11T07:30:00+00:00, run_after=2026-01-12T07:30:00+00:00
[2026-01-12T06:35:50.471+0000] {processor.py:179} INFO - Processing /opt/airflow/dags/cbr_metals_daily_etl_final.py took 0.065 seconds
[2026-01-12T06:36:20.597+0000] {processor.py:157} INFO - Started process (PID=919) to work on /opt/airflow/dags/cbr_metals_daily_etl_final.py
[2026-01-12T06:36:20.600+0000] {processor.py:829} INFO - Processing file /opt/airflow/dags/cbr_metals_daily_etl_final.py for tasks to queue
[2026-01-12T06:36:20.600+0000] {logging_mixin.py:154} INFO - [2026-01-12T06:36:20.600+0000] {dagbag.py:536} INFO - Filling up the DagBag from /opt/airflow/dags/cbr_metals_daily_etl_final.py
[2026-01-12T06:36:20.611+0000] {processor.py:839} INFO - DAG(s) dict_keys(['cbr_metals_daily_etl_final']) retrieved from /opt/airflow/dags/cbr_metals_daily_etl_final.py
[2026-01-12T06:36:20.633+0000] {logging_mixin.py:154} INFO - [2026-01-12T06:36:20.633+0000] {dag.py:2941} INFO - Sync 1 DAGs
[2026-01-12T06:36:20.650+0000] {logging_mixin.py:154} INFO - [2026-01-12T06:36:20.650+0000] {dag.py:3722} INFO - Setting next_dagrun for cbr_metals_daily_etl_final to 2026-01-11T07:30:00+00:00, run_after=2026-01-12T07:30:00+00:00
[2026-01-12T06:36:20.678+0000] {processor.py:179} INFO - Processing /opt/airflow/dags/cbr_metals_daily_etl_final.py took 0.084 seconds
[2026-01-12T06:36:50.816+0000] {processor.py:157} INFO - Started process (PID=934) to work on /opt/airflow/dags/cbr_metals_daily_etl_final.py
[2026-01-12T06:36:50.817+0000] {processor.py:829} INFO - Processing file /opt/airflow/dags/cbr_metals_daily_etl_final.py for tasks to queue
[2026-01-12T06:36:50.818+0000] {logging_mixin.py:154} INFO - [2026-01-12T06:36:50.818+0000] {dagbag.py:536} INFO - Filling up the DagBag from /opt/airflow/dags/cbr_metals_daily_etl_final.py
[2026-01-12T06:36:50.829+0000] {processor.py:839} INFO - DAG(s) dict_keys(['cbr_metals_daily_etl_final']) retrieved from /opt/airflow/dags/cbr_metals_daily_etl_final.py
[2026-01-12T06:36:50.851+0000] {logging_mixin.py:154} INFO - [2026-01-12T06:36:50.850+0000] {dag.py:2941} INFO - Sync 1 DAGs
[2026-01-12T06:36:50.868+0000] {logging_mixin.py:154} INFO - [2026-01-12T06:36:50.868+0000] {dag.py:3722} INFO - Setting next_dagrun for cbr_metals_daily_etl_final to 2026-01-11T07:30:00+00:00, run_after=2026-01-12T07:30:00+00:00
[2026-01-12T06:36:50.897+0000] {processor.py:179} INFO - Processing /opt/airflow/dags/cbr_metals_daily_etl_final.py took 0.084 seconds
[2026-01-12T06:37:21.038+0000] {processor.py:157} INFO - Started process (PID=949) to work on /opt/airflow/dags/cbr_metals_daily_etl_final.py
[2026-01-12T06:37:21.038+0000] {processor.py:829} INFO - Processing file /opt/airflow/dags/cbr_metals_daily_etl_final.py for tasks to queue
[2026-01-12T06:37:21.039+0000] {logging_mixin.py:154} INFO - [2026-01-12T06:37:21.039+0000] {dagbag.py:536} INFO - Filling up the DagBag from /opt/airflow/dags/cbr_metals_daily_etl_final.py
[2026-01-12T06:37:21.050+0000] {processor.py:839} INFO - DAG(s) dict_keys(['cbr_metals_daily_etl_final']) retrieved from /opt/airflow/dags/cbr_metals_daily_etl_final.py
[2026-01-12T06:37:21.071+0000] {logging_mixin.py:154} INFO - [2026-01-12T06:37:21.071+0000] {dag.py:2941} INFO - Sync 1 DAGs
[2026-01-12T06:37:21.089+0000] {logging_mixin.py:154} INFO - [2026-01-12T06:37:21.088+0000] {dag.py:3722} INFO - Setting next_dagrun for cbr_metals_daily_etl_final to 2026-01-11T07:30:00+00:00, run_after=2026-01-12T07:30:00+00:00
[2026-01-12T06:37:21.101+0000] {processor.py:179} INFO - Processing /opt/airflow/dags/cbr_metals_daily_etl_final.py took 0.066 seconds
[2026-01-12T06:37:51.241+0000] {processor.py:157} INFO - Started process (PID=964) to work on /opt/airflow/dags/cbr_metals_daily_etl_final.py
[2026-01-12T06:37:51.242+0000] {processor.py:829} INFO - Processing file /opt/airflow/dags/cbr_metals_daily_etl_final.py for tasks to queue
[2026-01-12T06:37:51.243+0000] {logging_mixin.py:154} INFO - [2026-01-12T06:37:51.243+0000] {dagbag.py:536} INFO - Filling up the DagBag from /opt/airflow/dags/cbr_metals_daily_etl_final.py
[2026-01-12T06:37:51.253+0000] {processor.py:839} INFO - DAG(s) dict_keys(['cbr_metals_daily_etl_final']) retrieved from /opt/airflow/dags/cbr_metals_daily_etl_final.py
[2026-01-12T06:37:51.276+0000] {logging_mixin.py:154} INFO - [2026-01-12T06:37:51.275+0000] {dag.py:2941} INFO - Sync 1 DAGs
[2026-01-12T06:37:51.292+0000] {logging_mixin.py:154} INFO - [2026-01-12T06:37:51.292+0000] {dag.py:3722} INFO - Setting next_dagrun for cbr_metals_daily_etl_final to 2026-01-11T07:30:00+00:00, run_after=2026-01-12T07:30:00+00:00
[2026-01-12T06:37:51.304+0000] {processor.py:179} INFO - Processing /opt/airflow/dags/cbr_metals_daily_etl_final.py took 0.066 seconds
[2026-01-12T06:38:21.470+0000] {processor.py:157} INFO - Started process (PID=979) to work on /opt/airflow/dags/cbr_metals_daily_etl_final.py
[2026-01-12T06:38:21.471+0000] {processor.py:829} INFO - Processing file /opt/airflow/dags/cbr_metals_daily_etl_final.py for tasks to queue
[2026-01-12T06:38:21.472+0000] {logging_mixin.py:154} INFO - [2026-01-12T06:38:21.472+0000] {dagbag.py:536} INFO - Filling up the DagBag from /opt/airflow/dags/cbr_metals_daily_etl_final.py
[2026-01-12T06:38:21.483+0000] {processor.py:839} INFO - DAG(s) dict_keys(['cbr_metals_daily_etl_final']) retrieved from /opt/airflow/dags/cbr_metals_daily_etl_final.py
[2026-01-12T06:38:21.505+0000] {logging_mixin.py:154} INFO - [2026-01-12T06:38:21.505+0000] {dag.py:2941} INFO - Sync 1 DAGs
[2026-01-12T06:38:21.522+0000] {logging_mixin.py:154} INFO - [2026-01-12T06:38:21.522+0000] {dag.py:3722} INFO - Setting next_dagrun for cbr_metals_daily_etl_final to 2026-01-11T07:30:00+00:00, run_after=2026-01-12T07:30:00+00:00
[2026-01-12T06:38:21.546+0000] {processor.py:179} INFO - Processing /opt/airflow/dags/cbr_metals_daily_etl_final.py took 0.079 seconds
[2026-01-12T06:38:51.687+0000] {processor.py:157} INFO - Started process (PID=994) to work on /opt/airflow/dags/cbr_metals_daily_etl_final.py
[2026-01-12T06:38:51.689+0000] {processor.py:829} INFO - Processing file /opt/airflow/dags/cbr_metals_daily_etl_final.py for tasks to queue
[2026-01-12T06:38:51.689+0000] {logging_mixin.py:154} INFO - [2026-01-12T06:38:51.689+0000] {dagbag.py:536} INFO - Filling up the DagBag from /opt/airflow/dags/cbr_metals_daily_etl_final.py
[2026-01-12T06:38:51.699+0000] {processor.py:839} INFO - DAG(s) dict_keys(['cbr_metals_daily_etl_final']) retrieved from /opt/airflow/dags/cbr_metals_daily_etl_final.py
[2026-01-12T06:38:51.723+0000] {logging_mixin.py:154} INFO - [2026-01-12T06:38:51.723+0000] {dag.py:2941} INFO - Sync 1 DAGs
[2026-01-12T06:38:51.740+0000] {logging_mixin.py:154} INFO - [2026-01-12T06:38:51.740+0000] {dag.py:3722} INFO - Setting next_dagrun for cbr_metals_daily_etl_final to 2026-01-11T07:30:00+00:00, run_after=2026-01-12T07:30:00+00:00
[2026-01-12T06:38:51.753+0000] {processor.py:179} INFO - Processing /opt/airflow/dags/cbr_metals_daily_etl_final.py took 0.069 seconds
[2026-01-12T06:39:21.887+0000] {processor.py:157} INFO - Started process (PID=1009) to work on /opt/airflow/dags/cbr_metals_daily_etl_final.py
[2026-01-12T06:39:21.888+0000] {processor.py:829} INFO - Processing file /opt/airflow/dags/cbr_metals_daily_etl_final.py for tasks to queue
[2026-01-12T06:39:21.889+0000] {logging_mixin.py:154} INFO - [2026-01-12T06:39:21.889+0000] {dagbag.py:536} INFO - Filling up the DagBag from /opt/airflow/dags/cbr_metals_daily_etl_final.py
[2026-01-12T06:39:21.900+0000] {processor.py:839} INFO - DAG(s) dict_keys(['cbr_metals_daily_etl_final']) retrieved from /opt/airflow/dags/cbr_metals_daily_etl_final.py
[2026-01-12T06:39:21.922+0000] {logging_mixin.py:154} INFO - [2026-01-12T06:39:21.922+0000] {dag.py:2941} INFO - Sync 1 DAGs
[2026-01-12T06:39:21.940+0000] {logging_mixin.py:154} INFO - [2026-01-12T06:39:21.939+0000] {dag.py:3722} INFO - Setting next_dagrun for cbr_metals_daily_etl_final to 2026-01-11T07:30:00+00:00, run_after=2026-01-12T07:30:00+00:00
[2026-01-12T06:39:21.958+0000] {processor.py:179} INFO - Processing /opt/airflow/dags/cbr_metals_daily_etl_final.py took 0.074 seconds
[2026-01-12T06:39:52.100+0000] {processor.py:157} INFO - Started process (PID=1024) to work on /opt/airflow/dags/cbr_metals_daily_etl_final.py
[2026-01-12T06:39:52.101+0000] {processor.py:829} INFO - Processing file /opt/airflow/dags/cbr_metals_daily_etl_final.py for tasks to queue
[2026-01-12T06:39:52.102+0000] {logging_mixin.py:154} INFO - [2026-01-12T06:39:52.102+0000] {dagbag.py:536} INFO - Filling up the DagBag from /opt/airflow/dags/cbr_metals_daily_etl_final.py
[2026-01-12T06:39:52.113+0000] {processor.py:839} INFO - DAG(s) dict_keys(['cbr_metals_daily_etl_final']) retrieved from /opt/airflow/dags/cbr_metals_daily_etl_final.py
[2026-01-12T06:39:52.134+0000] {logging_mixin.py:154} INFO - [2026-01-12T06:39:52.134+0000] {dag.py:2941} INFO - Sync 1 DAGs
[2026-01-12T06:39:52.151+0000] {logging_mixin.py:154} INFO - [2026-01-12T06:39:52.151+0000] {dag.py:3722} INFO - Setting next_dagrun for cbr_metals_daily_etl_final to 2026-01-11T07:30:00+00:00, run_after=2026-01-12T07:30:00+00:00
[2026-01-12T06:39:52.163+0000] {processor.py:179} INFO - Processing /opt/airflow/dags/cbr_metals_daily_etl_final.py took 0.066 seconds
[2026-01-12T06:40:22.305+0000] {processor.py:157} INFO - Started process (PID=1039) to work on /opt/airflow/dags/cbr_metals_daily_etl_final.py
[2026-01-12T06:40:22.306+0000] {processor.py:829} INFO - Processing file /opt/airflow/dags/cbr_metals_daily_etl_final.py for tasks to queue
[2026-01-12T06:40:22.307+0000] {logging_mixin.py:154} INFO - [2026-01-12T06:40:22.307+0000] {dagbag.py:536} INFO - Filling up the DagBag from /opt/airflow/dags/cbr_metals_daily_etl_final.py
[2026-01-12T06:40:22.317+0000] {processor.py:839} INFO - DAG(s) dict_keys(['cbr_metals_daily_etl_final']) retrieved from /opt/airflow/dags/cbr_metals_daily_etl_final.py
[2026-01-12T06:40:22.339+0000] {logging_mixin.py:154} INFO - [2026-01-12T06:40:22.339+0000] {dag.py:2941} INFO - Sync 1 DAGs
[2026-01-12T06:40:22.357+0000] {logging_mixin.py:154} INFO - [2026-01-12T06:40:22.357+0000] {dag.py:3722} INFO - Setting next_dagrun for cbr_metals_daily_etl_final to 2026-01-11T07:30:00+00:00, run_after=2026-01-12T07:30:00+00:00
[2026-01-12T06:40:22.369+0000] {processor.py:179} INFO - Processing /opt/airflow/dags/cbr_metals_daily_etl_final.py took 0.066 seconds
[2026-01-12T06:40:52.508+0000] {processor.py:157} INFO - Started process (PID=1054) to work on /opt/airflow/dags/cbr_metals_daily_etl_final.py
[2026-01-12T06:40:52.509+0000] {processor.py:829} INFO - Processing file /opt/airflow/dags/cbr_metals_daily_etl_final.py for tasks to queue
[2026-01-12T06:40:52.509+0000] {logging_mixin.py:154} INFO - [2026-01-12T06:40:52.509+0000] {dagbag.py:536} INFO - Filling up the DagBag from /opt/airflow/dags/cbr_metals_daily_etl_final.py
[2026-01-12T06:40:52.520+0000] {processor.py:839} INFO - DAG(s) dict_keys(['cbr_metals_daily_etl_final']) retrieved from /opt/airflow/dags/cbr_metals_daily_etl_final.py
[2026-01-12T06:40:52.542+0000] {logging_mixin.py:154} INFO - [2026-01-12T06:40:52.542+0000] {dag.py:2941} INFO - Sync 1 DAGs
[2026-01-12T06:40:52.559+0000] {logging_mixin.py:154} INFO - [2026-01-12T06:40:52.558+0000] {dag.py:3722} INFO - Setting next_dagrun for cbr_metals_daily_etl_final to 2026-01-11T07:30:00+00:00, run_after=2026-01-12T07:30:00+00:00
[2026-01-12T06:40:52.598+0000] {processor.py:179} INFO - Processing /opt/airflow/dags/cbr_metals_daily_etl_final.py took 0.093 seconds
