[2026-01-12T06:14:39.566+0000] {processor.py:157} INFO - Started process (PID=183) to work on /opt/airflow/dags/cbr_metals_daily_etl.py
[2026-01-12T06:14:39.567+0000] {processor.py:829} INFO - Processing file /opt/airflow/dags/cbr_metals_daily_etl.py for tasks to queue
[2026-01-12T06:14:39.568+0000] {logging_mixin.py:154} INFO - [2026-01-12T06:14:39.568+0000] {dagbag.py:536} INFO - Filling up the DagBag from /opt/airflow/dags/cbr_metals_daily_etl.py
[2026-01-12T06:14:39.583+0000] {processor.py:839} INFO - DAG(s) dict_keys(['cbr_metals_daily_etl']) retrieved from /opt/airflow/dags/cbr_metals_daily_etl.py
[2026-01-12T06:14:39.619+0000] {logging_mixin.py:154} INFO - [2026-01-12T06:14:39.619+0000] {dag.py:2941} INFO - Sync 1 DAGs
[2026-01-12T06:14:39.645+0000] {logging_mixin.py:154} INFO - [2026-01-12T06:14:39.645+0000] {dag.py:3722} INFO - Setting next_dagrun for cbr_metals_daily_etl to 2026-01-10T13:00:00+00:00, run_after=2026-01-11T13:00:00+00:00
[2026-01-12T06:14:39.671+0000] {processor.py:179} INFO - Processing /opt/airflow/dags/cbr_metals_daily_etl.py took 0.111 seconds
[2026-01-12T06:15:09.834+0000] {processor.py:157} INFO - Started process (PID=226) to work on /opt/airflow/dags/cbr_metals_daily_etl.py
[2026-01-12T06:15:09.835+0000] {processor.py:829} INFO - Processing file /opt/airflow/dags/cbr_metals_daily_etl.py for tasks to queue
[2026-01-12T06:15:09.835+0000] {logging_mixin.py:154} INFO - [2026-01-12T06:15:09.835+0000] {dagbag.py:536} INFO - Filling up the DagBag from /opt/airflow/dags/cbr_metals_daily_etl.py
[2026-01-12T06:15:09.846+0000] {processor.py:839} INFO - DAG(s) dict_keys(['cbr_metals_daily_etl']) retrieved from /opt/airflow/dags/cbr_metals_daily_etl.py
[2026-01-12T06:15:09.873+0000] {logging_mixin.py:154} INFO - [2026-01-12T06:15:09.873+0000] {dag.py:2941} INFO - Sync 1 DAGs
[2026-01-12T06:15:09.891+0000] {logging_mixin.py:154} INFO - [2026-01-12T06:15:09.890+0000] {dag.py:3722} INFO - Setting next_dagrun for cbr_metals_daily_etl to 2026-01-10T13:00:00+00:00, run_after=2026-01-11T13:00:00+00:00
[2026-01-12T06:15:09.917+0000] {processor.py:179} INFO - Processing /opt/airflow/dags/cbr_metals_daily_etl.py took 0.086 seconds
[2026-01-12T06:15:40.110+0000] {processor.py:157} INFO - Started process (PID=239) to work on /opt/airflow/dags/cbr_metals_daily_etl.py
[2026-01-12T06:15:40.112+0000] {processor.py:829} INFO - Processing file /opt/airflow/dags/cbr_metals_daily_etl.py for tasks to queue
[2026-01-12T06:15:40.113+0000] {logging_mixin.py:154} INFO - [2026-01-12T06:15:40.113+0000] {dagbag.py:536} INFO - Filling up the DagBag from /opt/airflow/dags/cbr_metals_daily_etl.py
[2026-01-12T06:15:40.124+0000] {processor.py:839} INFO - DAG(s) dict_keys(['cbr_metals_daily_etl']) retrieved from /opt/airflow/dags/cbr_metals_daily_etl.py
[2026-01-12T06:15:40.146+0000] {logging_mixin.py:154} INFO - [2026-01-12T06:15:40.146+0000] {dag.py:2941} INFO - Sync 1 DAGs
[2026-01-12T06:15:40.162+0000] {logging_mixin.py:154} INFO - [2026-01-12T06:15:40.162+0000] {dag.py:3722} INFO - Setting next_dagrun for cbr_metals_daily_etl to 2026-01-10T13:00:00+00:00, run_after=2026-01-11T13:00:00+00:00
[2026-01-12T06:15:40.174+0000] {processor.py:179} INFO - Processing /opt/airflow/dags/cbr_metals_daily_etl.py took 0.066 seconds
[2026-01-12T06:16:10.333+0000] {processor.py:157} INFO - Started process (PID=256) to work on /opt/airflow/dags/cbr_metals_daily_etl.py
[2026-01-12T06:16:10.334+0000] {processor.py:829} INFO - Processing file /opt/airflow/dags/cbr_metals_daily_etl.py for tasks to queue
[2026-01-12T06:16:10.334+0000] {logging_mixin.py:154} INFO - [2026-01-12T06:16:10.334+0000] {dagbag.py:536} INFO - Filling up the DagBag from /opt/airflow/dags/cbr_metals_daily_etl.py
[2026-01-12T06:16:10.345+0000] {processor.py:839} INFO - DAG(s) dict_keys(['cbr_metals_daily_etl']) retrieved from /opt/airflow/dags/cbr_metals_daily_etl.py
[2026-01-12T06:16:10.366+0000] {logging_mixin.py:154} INFO - [2026-01-12T06:16:10.366+0000] {dag.py:2941} INFO - Sync 1 DAGs
[2026-01-12T06:16:10.382+0000] {logging_mixin.py:154} INFO - [2026-01-12T06:16:10.382+0000] {dag.py:3722} INFO - Setting next_dagrun for cbr_metals_daily_etl to 2026-01-10T13:00:00+00:00, run_after=2026-01-11T13:00:00+00:00
[2026-01-12T06:16:10.394+0000] {processor.py:179} INFO - Processing /opt/airflow/dags/cbr_metals_daily_etl.py took 0.064 seconds
[2026-01-12T06:16:40.555+0000] {processor.py:157} INFO - Started process (PID=269) to work on /opt/airflow/dags/cbr_metals_daily_etl.py
[2026-01-12T06:16:40.556+0000] {processor.py:829} INFO - Processing file /opt/airflow/dags/cbr_metals_daily_etl.py for tasks to queue
[2026-01-12T06:16:40.556+0000] {logging_mixin.py:154} INFO - [2026-01-12T06:16:40.556+0000] {dagbag.py:536} INFO - Filling up the DagBag from /opt/airflow/dags/cbr_metals_daily_etl.py
[2026-01-12T06:16:40.567+0000] {processor.py:839} INFO - DAG(s) dict_keys(['cbr_metals_daily_etl']) retrieved from /opt/airflow/dags/cbr_metals_daily_etl.py
[2026-01-12T06:16:40.587+0000] {logging_mixin.py:154} INFO - [2026-01-12T06:16:40.587+0000] {dag.py:2941} INFO - Sync 1 DAGs
[2026-01-12T06:16:40.603+0000] {logging_mixin.py:154} INFO - [2026-01-12T06:16:40.603+0000] {dag.py:3722} INFO - Setting next_dagrun for cbr_metals_daily_etl to 2026-01-10T13:00:00+00:00, run_after=2026-01-11T13:00:00+00:00
[2026-01-12T06:16:40.617+0000] {processor.py:179} INFO - Processing /opt/airflow/dags/cbr_metals_daily_etl.py took 0.065 seconds
[2026-01-12T06:17:10.828+0000] {processor.py:157} INFO - Started process (PID=309) to work on /opt/airflow/dags/cbr_metals_daily_etl.py
[2026-01-12T06:17:10.829+0000] {processor.py:829} INFO - Processing file /opt/airflow/dags/cbr_metals_daily_etl.py for tasks to queue
[2026-01-12T06:17:10.830+0000] {logging_mixin.py:154} INFO - [2026-01-12T06:17:10.830+0000] {dagbag.py:536} INFO - Filling up the DagBag from /opt/airflow/dags/cbr_metals_daily_etl.py
[2026-01-12T06:17:10.841+0000] {processor.py:839} INFO - DAG(s) dict_keys(['cbr_metals_daily_etl']) retrieved from /opt/airflow/dags/cbr_metals_daily_etl.py
[2026-01-12T06:17:10.862+0000] {logging_mixin.py:154} INFO - [2026-01-12T06:17:10.862+0000] {dag.py:2941} INFO - Sync 1 DAGs
[2026-01-12T06:17:10.879+0000] {logging_mixin.py:154} INFO - [2026-01-12T06:17:10.879+0000] {dag.py:3722} INFO - Setting next_dagrun for cbr_metals_daily_etl to 2026-01-10T13:00:00+00:00, run_after=2026-01-11T13:00:00+00:00
[2026-01-12T06:17:10.891+0000] {processor.py:179} INFO - Processing /opt/airflow/dags/cbr_metals_daily_etl.py took 0.066 seconds
[2026-01-12T06:17:41.095+0000] {processor.py:157} INFO - Started process (PID=326) to work on /opt/airflow/dags/cbr_metals_daily_etl.py
[2026-01-12T06:17:41.096+0000] {processor.py:829} INFO - Processing file /opt/airflow/dags/cbr_metals_daily_etl.py for tasks to queue
[2026-01-12T06:17:41.097+0000] {logging_mixin.py:154} INFO - [2026-01-12T06:17:41.096+0000] {dagbag.py:536} INFO - Filling up the DagBag from /opt/airflow/dags/cbr_metals_daily_etl.py
[2026-01-12T06:17:41.107+0000] {processor.py:839} INFO - DAG(s) dict_keys(['cbr_metals_daily_etl']) retrieved from /opt/airflow/dags/cbr_metals_daily_etl.py
[2026-01-12T06:17:41.128+0000] {logging_mixin.py:154} INFO - [2026-01-12T06:17:41.128+0000] {dag.py:2941} INFO - Sync 1 DAGs
[2026-01-12T06:17:41.145+0000] {logging_mixin.py:154} INFO - [2026-01-12T06:17:41.144+0000] {dag.py:3722} INFO - Setting next_dagrun for cbr_metals_daily_etl to 2026-01-10T13:00:00+00:00, run_after=2026-01-11T13:00:00+00:00
[2026-01-12T06:17:41.158+0000] {processor.py:179} INFO - Processing /opt/airflow/dags/cbr_metals_daily_etl.py took 0.066 seconds
[2026-01-12T06:18:11.307+0000] {processor.py:157} INFO - Started process (PID=341) to work on /opt/airflow/dags/cbr_metals_daily_etl.py
[2026-01-12T06:18:11.308+0000] {processor.py:829} INFO - Processing file /opt/airflow/dags/cbr_metals_daily_etl.py for tasks to queue
[2026-01-12T06:18:11.309+0000] {logging_mixin.py:154} INFO - [2026-01-12T06:18:11.308+0000] {dagbag.py:536} INFO - Filling up the DagBag from /opt/airflow/dags/cbr_metals_daily_etl.py
[2026-01-12T06:18:11.319+0000] {processor.py:839} INFO - DAG(s) dict_keys(['cbr_metals_daily_etl']) retrieved from /opt/airflow/dags/cbr_metals_daily_etl.py
[2026-01-12T06:18:11.341+0000] {logging_mixin.py:154} INFO - [2026-01-12T06:18:11.341+0000] {dag.py:2941} INFO - Sync 1 DAGs
[2026-01-12T06:18:11.357+0000] {logging_mixin.py:154} INFO - [2026-01-12T06:18:11.357+0000] {dag.py:3722} INFO - Setting next_dagrun for cbr_metals_daily_etl to 2026-01-10T13:00:00+00:00, run_after=2026-01-11T13:00:00+00:00
[2026-01-12T06:18:11.369+0000] {processor.py:179} INFO - Processing /opt/airflow/dags/cbr_metals_daily_etl.py took 0.065 seconds
[2026-01-12T06:18:41.511+0000] {processor.py:157} INFO - Started process (PID=354) to work on /opt/airflow/dags/cbr_metals_daily_etl.py
[2026-01-12T06:18:41.513+0000] {processor.py:829} INFO - Processing file /opt/airflow/dags/cbr_metals_daily_etl.py for tasks to queue
[2026-01-12T06:18:41.513+0000] {logging_mixin.py:154} INFO - [2026-01-12T06:18:41.513+0000] {dagbag.py:536} INFO - Filling up the DagBag from /opt/airflow/dags/cbr_metals_daily_etl.py
[2026-01-12T06:18:41.523+0000] {processor.py:839} INFO - DAG(s) dict_keys(['cbr_metals_daily_etl']) retrieved from /opt/airflow/dags/cbr_metals_daily_etl.py
[2026-01-12T06:18:41.544+0000] {logging_mixin.py:154} INFO - [2026-01-12T06:18:41.544+0000] {dag.py:2941} INFO - Sync 1 DAGs
[2026-01-12T06:18:41.561+0000] {logging_mixin.py:154} INFO - [2026-01-12T06:18:41.561+0000] {dag.py:3722} INFO - Setting next_dagrun for cbr_metals_daily_etl to 2026-01-10T13:00:00+00:00, run_after=2026-01-11T13:00:00+00:00
[2026-01-12T06:18:41.573+0000] {processor.py:179} INFO - Processing /opt/airflow/dags/cbr_metals_daily_etl.py took 0.064 seconds
[2026-01-12T06:19:11.723+0000] {processor.py:157} INFO - Started process (PID=395) to work on /opt/airflow/dags/cbr_metals_daily_etl.py
[2026-01-12T06:19:11.724+0000] {processor.py:829} INFO - Processing file /opt/airflow/dags/cbr_metals_daily_etl.py for tasks to queue
[2026-01-12T06:19:11.725+0000] {logging_mixin.py:154} INFO - [2026-01-12T06:19:11.724+0000] {dagbag.py:536} INFO - Filling up the DagBag from /opt/airflow/dags/cbr_metals_daily_etl.py
[2026-01-12T06:19:11.735+0000] {processor.py:839} INFO - DAG(s) dict_keys(['cbr_metals_daily_etl']) retrieved from /opt/airflow/dags/cbr_metals_daily_etl.py
[2026-01-12T06:19:11.756+0000] {logging_mixin.py:154} INFO - [2026-01-12T06:19:11.756+0000] {dag.py:2941} INFO - Sync 1 DAGs
[2026-01-12T06:19:11.773+0000] {logging_mixin.py:154} INFO - [2026-01-12T06:19:11.773+0000] {dag.py:3722} INFO - Setting next_dagrun for cbr_metals_daily_etl to 2026-01-10T13:00:00+00:00, run_after=2026-01-11T13:00:00+00:00
[2026-01-12T06:19:11.802+0000] {processor.py:179} INFO - Processing /opt/airflow/dags/cbr_metals_daily_etl.py took 0.081 seconds
[2026-01-12T06:19:41.939+0000] {processor.py:157} INFO - Started process (PID=410) to work on /opt/airflow/dags/cbr_metals_daily_etl.py
[2026-01-12T06:19:41.940+0000] {processor.py:829} INFO - Processing file /opt/airflow/dags/cbr_metals_daily_etl.py for tasks to queue
[2026-01-12T06:19:41.941+0000] {logging_mixin.py:154} INFO - [2026-01-12T06:19:41.941+0000] {dagbag.py:536} INFO - Filling up the DagBag from /opt/airflow/dags/cbr_metals_daily_etl.py
[2026-01-12T06:19:41.951+0000] {processor.py:839} INFO - DAG(s) dict_keys(['cbr_metals_daily_etl']) retrieved from /opt/airflow/dags/cbr_metals_daily_etl.py
[2026-01-12T06:19:41.973+0000] {logging_mixin.py:154} INFO - [2026-01-12T06:19:41.973+0000] {dag.py:2941} INFO - Sync 1 DAGs
[2026-01-12T06:19:41.990+0000] {logging_mixin.py:154} INFO - [2026-01-12T06:19:41.990+0000] {dag.py:3722} INFO - Setting next_dagrun for cbr_metals_daily_etl to 2026-01-10T13:00:00+00:00, run_after=2026-01-11T13:00:00+00:00
[2026-01-12T06:19:42.018+0000] {processor.py:179} INFO - Processing /opt/airflow/dags/cbr_metals_daily_etl.py took 0.082 seconds
[2026-01-12T06:20:12.141+0000] {processor.py:157} INFO - Started process (PID=425) to work on /opt/airflow/dags/cbr_metals_daily_etl.py
[2026-01-12T06:20:12.142+0000] {processor.py:829} INFO - Processing file /opt/airflow/dags/cbr_metals_daily_etl.py for tasks to queue
[2026-01-12T06:20:12.142+0000] {logging_mixin.py:154} INFO - [2026-01-12T06:20:12.142+0000] {dagbag.py:536} INFO - Filling up the DagBag from /opt/airflow/dags/cbr_metals_daily_etl.py
[2026-01-12T06:20:12.153+0000] {processor.py:839} INFO - DAG(s) dict_keys(['cbr_metals_daily_etl']) retrieved from /opt/airflow/dags/cbr_metals_daily_etl.py
[2026-01-12T06:20:12.175+0000] {logging_mixin.py:154} INFO - [2026-01-12T06:20:12.174+0000] {dag.py:2941} INFO - Sync 1 DAGs
[2026-01-12T06:20:12.192+0000] {logging_mixin.py:154} INFO - [2026-01-12T06:20:12.191+0000] {dag.py:3722} INFO - Setting next_dagrun for cbr_metals_daily_etl to 2026-01-10T13:00:00+00:00, run_after=2026-01-11T13:00:00+00:00
[2026-01-12T06:20:12.204+0000] {processor.py:179} INFO - Processing /opt/airflow/dags/cbr_metals_daily_etl.py took 0.066 seconds
[2026-01-12T06:20:42.344+0000] {processor.py:157} INFO - Started process (PID=440) to work on /opt/airflow/dags/cbr_metals_daily_etl.py
[2026-01-12T06:20:42.346+0000] {processor.py:829} INFO - Processing file /opt/airflow/dags/cbr_metals_daily_etl.py for tasks to queue
[2026-01-12T06:20:42.346+0000] {logging_mixin.py:154} INFO - [2026-01-12T06:20:42.346+0000] {dagbag.py:536} INFO - Filling up the DagBag from /opt/airflow/dags/cbr_metals_daily_etl.py
[2026-01-12T06:20:42.357+0000] {processor.py:839} INFO - DAG(s) dict_keys(['cbr_metals_daily_etl']) retrieved from /opt/airflow/dags/cbr_metals_daily_etl.py
[2026-01-12T06:20:42.378+0000] {logging_mixin.py:154} INFO - [2026-01-12T06:20:42.378+0000] {dag.py:2941} INFO - Sync 1 DAGs
[2026-01-12T06:20:42.395+0000] {logging_mixin.py:154} INFO - [2026-01-12T06:20:42.394+0000] {dag.py:3722} INFO - Setting next_dagrun for cbr_metals_daily_etl to 2026-01-10T13:00:00+00:00, run_after=2026-01-11T13:00:00+00:00
[2026-01-12T06:20:42.407+0000] {processor.py:179} INFO - Processing /opt/airflow/dags/cbr_metals_daily_etl.py took 0.065 seconds
[2026-01-12T06:21:12.580+0000] {processor.py:157} INFO - Started process (PID=477) to work on /opt/airflow/dags/cbr_metals_daily_etl.py
[2026-01-12T06:21:12.581+0000] {processor.py:829} INFO - Processing file /opt/airflow/dags/cbr_metals_daily_etl.py for tasks to queue
[2026-01-12T06:21:12.582+0000] {logging_mixin.py:154} INFO - [2026-01-12T06:21:12.581+0000] {dagbag.py:536} INFO - Filling up the DagBag from /opt/airflow/dags/cbr_metals_daily_etl.py
[2026-01-12T06:21:12.592+0000] {processor.py:839} INFO - DAG(s) dict_keys(['cbr_metals_daily_etl']) retrieved from /opt/airflow/dags/cbr_metals_daily_etl.py
[2026-01-12T06:21:12.614+0000] {logging_mixin.py:154} INFO - [2026-01-12T06:21:12.614+0000] {dag.py:2941} INFO - Sync 1 DAGs
[2026-01-12T06:21:12.630+0000] {logging_mixin.py:154} INFO - [2026-01-12T06:21:12.630+0000] {dag.py:3722} INFO - Setting next_dagrun for cbr_metals_daily_etl to 2026-01-10T13:00:00+00:00, run_after=2026-01-11T13:00:00+00:00
[2026-01-12T06:21:12.642+0000] {processor.py:179} INFO - Processing /opt/airflow/dags/cbr_metals_daily_etl.py took 0.065 seconds
[2026-01-12T06:21:42.852+0000] {processor.py:157} INFO - Started process (PID=492) to work on /opt/airflow/dags/cbr_metals_daily_etl.py
[2026-01-12T06:21:42.853+0000] {processor.py:829} INFO - Processing file /opt/airflow/dags/cbr_metals_daily_etl.py for tasks to queue
[2026-01-12T06:21:42.854+0000] {logging_mixin.py:154} INFO - [2026-01-12T06:21:42.853+0000] {dagbag.py:536} INFO - Filling up the DagBag from /opt/airflow/dags/cbr_metals_daily_etl.py
[2026-01-12T06:21:42.864+0000] {processor.py:839} INFO - DAG(s) dict_keys(['cbr_metals_daily_etl']) retrieved from /opt/airflow/dags/cbr_metals_daily_etl.py
[2026-01-12T06:21:42.885+0000] {logging_mixin.py:154} INFO - [2026-01-12T06:21:42.885+0000] {dag.py:2941} INFO - Sync 1 DAGs
[2026-01-12T06:21:42.901+0000] {logging_mixin.py:154} INFO - [2026-01-12T06:21:42.901+0000] {dag.py:3722} INFO - Setting next_dagrun for cbr_metals_daily_etl to 2026-01-10T13:00:00+00:00, run_after=2026-01-11T13:00:00+00:00
[2026-01-12T06:21:42.914+0000] {processor.py:179} INFO - Processing /opt/airflow/dags/cbr_metals_daily_etl.py took 0.065 seconds
[2026-01-12T06:22:13.078+0000] {processor.py:157} INFO - Started process (PID=509) to work on /opt/airflow/dags/cbr_metals_daily_etl.py
[2026-01-12T06:22:13.079+0000] {processor.py:829} INFO - Processing file /opt/airflow/dags/cbr_metals_daily_etl.py for tasks to queue
[2026-01-12T06:22:13.080+0000] {logging_mixin.py:154} INFO - [2026-01-12T06:22:13.079+0000] {dagbag.py:536} INFO - Filling up the DagBag from /opt/airflow/dags/cbr_metals_daily_etl.py
[2026-01-12T06:22:13.090+0000] {processor.py:839} INFO - DAG(s) dict_keys(['cbr_metals_daily_etl']) retrieved from /opt/airflow/dags/cbr_metals_daily_etl.py
[2026-01-12T06:22:13.111+0000] {logging_mixin.py:154} INFO - [2026-01-12T06:22:13.111+0000] {dag.py:2941} INFO - Sync 1 DAGs
[2026-01-12T06:22:13.127+0000] {logging_mixin.py:154} INFO - [2026-01-12T06:22:13.127+0000] {dag.py:3722} INFO - Setting next_dagrun for cbr_metals_daily_etl to 2026-01-10T13:00:00+00:00, run_after=2026-01-11T13:00:00+00:00
[2026-01-12T06:22:13.139+0000] {processor.py:179} INFO - Processing /opt/airflow/dags/cbr_metals_daily_etl.py took 0.064 seconds
[2026-01-12T06:22:43.284+0000] {processor.py:157} INFO - Started process (PID=524) to work on /opt/airflow/dags/cbr_metals_daily_etl.py
[2026-01-12T06:22:43.285+0000] {processor.py:829} INFO - Processing file /opt/airflow/dags/cbr_metals_daily_etl.py for tasks to queue
[2026-01-12T06:22:43.285+0000] {logging_mixin.py:154} INFO - [2026-01-12T06:22:43.285+0000] {dagbag.py:536} INFO - Filling up the DagBag from /opt/airflow/dags/cbr_metals_daily_etl.py
[2026-01-12T06:22:43.296+0000] {processor.py:839} INFO - DAG(s) dict_keys(['cbr_metals_daily_etl']) retrieved from /opt/airflow/dags/cbr_metals_daily_etl.py
[2026-01-12T06:22:43.318+0000] {logging_mixin.py:154} INFO - [2026-01-12T06:22:43.318+0000] {dag.py:2941} INFO - Sync 1 DAGs
[2026-01-12T06:22:43.335+0000] {logging_mixin.py:154} INFO - [2026-01-12T06:22:43.335+0000] {dag.py:3722} INFO - Setting next_dagrun for cbr_metals_daily_etl to 2026-01-10T13:00:00+00:00, run_after=2026-01-11T13:00:00+00:00
[2026-01-12T06:22:43.346+0000] {processor.py:179} INFO - Processing /opt/airflow/dags/cbr_metals_daily_etl.py took 0.066 seconds
[2026-01-12T06:23:13.488+0000] {processor.py:157} INFO - Started process (PID=539) to work on /opt/airflow/dags/cbr_metals_daily_etl.py
[2026-01-12T06:23:13.489+0000] {processor.py:829} INFO - Processing file /opt/airflow/dags/cbr_metals_daily_etl.py for tasks to queue
[2026-01-12T06:23:13.490+0000] {logging_mixin.py:154} INFO - [2026-01-12T06:23:13.489+0000] {dagbag.py:536} INFO - Filling up the DagBag from /opt/airflow/dags/cbr_metals_daily_etl.py
[2026-01-12T06:23:13.501+0000] {processor.py:839} INFO - DAG(s) dict_keys(['cbr_metals_daily_etl']) retrieved from /opt/airflow/dags/cbr_metals_daily_etl.py
[2026-01-12T06:23:13.523+0000] {logging_mixin.py:154} INFO - [2026-01-12T06:23:13.523+0000] {dag.py:2941} INFO - Sync 1 DAGs
[2026-01-12T06:23:13.540+0000] {logging_mixin.py:154} INFO - [2026-01-12T06:23:13.540+0000] {dag.py:3722} INFO - Setting next_dagrun for cbr_metals_daily_etl to 2026-01-10T13:00:00+00:00, run_after=2026-01-11T13:00:00+00:00
[2026-01-12T06:23:13.557+0000] {processor.py:179} INFO - Processing /opt/airflow/dags/cbr_metals_daily_etl.py took 0.072 seconds
[2026-01-12T06:23:43.685+0000] {processor.py:157} INFO - Started process (PID=554) to work on /opt/airflow/dags/cbr_metals_daily_etl.py
[2026-01-12T06:23:43.686+0000] {processor.py:829} INFO - Processing file /opt/airflow/dags/cbr_metals_daily_etl.py for tasks to queue
[2026-01-12T06:23:43.687+0000] {logging_mixin.py:154} INFO - [2026-01-12T06:23:43.686+0000] {dagbag.py:536} INFO - Filling up the DagBag from /opt/airflow/dags/cbr_metals_daily_etl.py
[2026-01-12T06:23:43.697+0000] {processor.py:839} INFO - DAG(s) dict_keys(['cbr_metals_daily_etl']) retrieved from /opt/airflow/dags/cbr_metals_daily_etl.py
[2026-01-12T06:23:43.719+0000] {logging_mixin.py:154} INFO - [2026-01-12T06:23:43.719+0000] {dag.py:2941} INFO - Sync 1 DAGs
[2026-01-12T06:23:43.735+0000] {logging_mixin.py:154} INFO - [2026-01-12T06:23:43.735+0000] {dag.py:3722} INFO - Setting next_dagrun for cbr_metals_daily_etl to 2026-01-10T13:00:00+00:00, run_after=2026-01-11T13:00:00+00:00
[2026-01-12T06:23:43.747+0000] {processor.py:179} INFO - Processing /opt/airflow/dags/cbr_metals_daily_etl.py took 0.064 seconds
[2026-01-12T06:24:13.886+0000] {processor.py:157} INFO - Started process (PID=569) to work on /opt/airflow/dags/cbr_metals_daily_etl.py
[2026-01-12T06:24:13.888+0000] {processor.py:829} INFO - Processing file /opt/airflow/dags/cbr_metals_daily_etl.py for tasks to queue
[2026-01-12T06:24:13.888+0000] {logging_mixin.py:154} INFO - [2026-01-12T06:24:13.888+0000] {dagbag.py:536} INFO - Filling up the DagBag from /opt/airflow/dags/cbr_metals_daily_etl.py
[2026-01-12T06:24:13.899+0000] {processor.py:839} INFO - DAG(s) dict_keys(['cbr_metals_daily_etl']) retrieved from /opt/airflow/dags/cbr_metals_daily_etl.py
[2026-01-12T06:24:13.920+0000] {logging_mixin.py:154} INFO - [2026-01-12T06:24:13.920+0000] {dag.py:2941} INFO - Sync 1 DAGs
[2026-01-12T06:24:13.936+0000] {logging_mixin.py:154} INFO - [2026-01-12T06:24:13.936+0000] {dag.py:3722} INFO - Setting next_dagrun for cbr_metals_daily_etl to 2026-01-10T13:00:00+00:00, run_after=2026-01-11T13:00:00+00:00
[2026-01-12T06:24:13.948+0000] {processor.py:179} INFO - Processing /opt/airflow/dags/cbr_metals_daily_etl.py took 0.065 seconds
[2026-01-12T06:24:44.093+0000] {processor.py:157} INFO - Started process (PID=584) to work on /opt/airflow/dags/cbr_metals_daily_etl.py
[2026-01-12T06:24:44.094+0000] {processor.py:829} INFO - Processing file /opt/airflow/dags/cbr_metals_daily_etl.py for tasks to queue
[2026-01-12T06:24:44.095+0000] {logging_mixin.py:154} INFO - [2026-01-12T06:24:44.094+0000] {dagbag.py:536} INFO - Filling up the DagBag from /opt/airflow/dags/cbr_metals_daily_etl.py
[2026-01-12T06:24:44.105+0000] {processor.py:839} INFO - DAG(s) dict_keys(['cbr_metals_daily_etl']) retrieved from /opt/airflow/dags/cbr_metals_daily_etl.py
[2026-01-12T06:24:44.126+0000] {logging_mixin.py:154} INFO - [2026-01-12T06:24:44.126+0000] {dag.py:2941} INFO - Sync 1 DAGs
[2026-01-12T06:24:44.142+0000] {logging_mixin.py:154} INFO - [2026-01-12T06:24:44.142+0000] {dag.py:3722} INFO - Setting next_dagrun for cbr_metals_daily_etl to 2026-01-10T13:00:00+00:00, run_after=2026-01-11T13:00:00+00:00
[2026-01-12T06:24:44.154+0000] {processor.py:179} INFO - Processing /opt/airflow/dags/cbr_metals_daily_etl.py took 0.063 seconds
[2026-01-12T06:25:14.304+0000] {processor.py:157} INFO - Started process (PID=599) to work on /opt/airflow/dags/cbr_metals_daily_etl.py
[2026-01-12T06:25:14.308+0000] {processor.py:829} INFO - Processing file /opt/airflow/dags/cbr_metals_daily_etl.py for tasks to queue
[2026-01-12T06:25:14.309+0000] {logging_mixin.py:154} INFO - [2026-01-12T06:25:14.309+0000] {dagbag.py:536} INFO - Filling up the DagBag from /opt/airflow/dags/cbr_metals_daily_etl.py
[2026-01-12T06:25:14.319+0000] {processor.py:839} INFO - DAG(s) dict_keys(['cbr_metals_daily_etl']) retrieved from /opt/airflow/dags/cbr_metals_daily_etl.py
[2026-01-12T06:25:14.341+0000] {logging_mixin.py:154} INFO - [2026-01-12T06:25:14.340+0000] {dag.py:2941} INFO - Sync 1 DAGs
[2026-01-12T06:25:14.357+0000] {logging_mixin.py:154} INFO - [2026-01-12T06:25:14.356+0000] {dag.py:3722} INFO - Setting next_dagrun for cbr_metals_daily_etl to 2026-01-10T13:00:00+00:00, run_after=2026-01-11T13:00:00+00:00
[2026-01-12T06:25:14.374+0000] {processor.py:179} INFO - Processing /opt/airflow/dags/cbr_metals_daily_etl.py took 0.072 seconds
[2026-01-12T06:25:44.504+0000] {processor.py:157} INFO - Started process (PID=614) to work on /opt/airflow/dags/cbr_metals_daily_etl.py
[2026-01-12T06:25:44.504+0000] {processor.py:829} INFO - Processing file /opt/airflow/dags/cbr_metals_daily_etl.py for tasks to queue
[2026-01-12T06:25:44.505+0000] {logging_mixin.py:154} INFO - [2026-01-12T06:25:44.505+0000] {dagbag.py:536} INFO - Filling up the DagBag from /opt/airflow/dags/cbr_metals_daily_etl.py
[2026-01-12T06:25:44.515+0000] {processor.py:839} INFO - DAG(s) dict_keys(['cbr_metals_daily_etl']) retrieved from /opt/airflow/dags/cbr_metals_daily_etl.py
[2026-01-12T06:25:44.537+0000] {logging_mixin.py:154} INFO - [2026-01-12T06:25:44.537+0000] {dag.py:2941} INFO - Sync 1 DAGs
[2026-01-12T06:25:44.554+0000] {logging_mixin.py:154} INFO - [2026-01-12T06:25:44.554+0000] {dag.py:3722} INFO - Setting next_dagrun for cbr_metals_daily_etl to 2026-01-10T13:00:00+00:00, run_after=2026-01-11T13:00:00+00:00
[2026-01-12T06:25:44.588+0000] {processor.py:179} INFO - Processing /opt/airflow/dags/cbr_metals_daily_etl.py took 0.087 seconds
[2026-01-12T06:26:14.703+0000] {processor.py:157} INFO - Started process (PID=629) to work on /opt/airflow/dags/cbr_metals_daily_etl.py
[2026-01-12T06:26:14.704+0000] {processor.py:829} INFO - Processing file /opt/airflow/dags/cbr_metals_daily_etl.py for tasks to queue
[2026-01-12T06:26:14.705+0000] {logging_mixin.py:154} INFO - [2026-01-12T06:26:14.705+0000] {dagbag.py:536} INFO - Filling up the DagBag from /opt/airflow/dags/cbr_metals_daily_etl.py
[2026-01-12T06:26:14.715+0000] {processor.py:839} INFO - DAG(s) dict_keys(['cbr_metals_daily_etl']) retrieved from /opt/airflow/dags/cbr_metals_daily_etl.py
[2026-01-12T06:26:14.737+0000] {logging_mixin.py:154} INFO - [2026-01-12T06:26:14.737+0000] {dag.py:2941} INFO - Sync 1 DAGs
[2026-01-12T06:26:14.754+0000] {logging_mixin.py:154} INFO - [2026-01-12T06:26:14.753+0000] {dag.py:3722} INFO - Setting next_dagrun for cbr_metals_daily_etl to 2026-01-10T13:00:00+00:00, run_after=2026-01-11T13:00:00+00:00
[2026-01-12T06:26:14.766+0000] {processor.py:179} INFO - Processing /opt/airflow/dags/cbr_metals_daily_etl.py took 0.065 seconds
[2026-01-12T06:26:44.904+0000] {processor.py:157} INFO - Started process (PID=644) to work on /opt/airflow/dags/cbr_metals_daily_etl.py
[2026-01-12T06:26:44.906+0000] {processor.py:829} INFO - Processing file /opt/airflow/dags/cbr_metals_daily_etl.py for tasks to queue
[2026-01-12T06:26:44.907+0000] {logging_mixin.py:154} INFO - [2026-01-12T06:26:44.906+0000] {dagbag.py:536} INFO - Filling up the DagBag from /opt/airflow/dags/cbr_metals_daily_etl.py
[2026-01-12T06:26:44.917+0000] {processor.py:839} INFO - DAG(s) dict_keys(['cbr_metals_daily_etl']) retrieved from /opt/airflow/dags/cbr_metals_daily_etl.py
[2026-01-12T06:26:44.939+0000] {logging_mixin.py:154} INFO - [2026-01-12T06:26:44.939+0000] {dag.py:2941} INFO - Sync 1 DAGs
[2026-01-12T06:26:44.955+0000] {logging_mixin.py:154} INFO - [2026-01-12T06:26:44.955+0000] {dag.py:3722} INFO - Setting next_dagrun for cbr_metals_daily_etl to 2026-01-10T13:00:00+00:00, run_after=2026-01-11T13:00:00+00:00
[2026-01-12T06:26:44.968+0000] {processor.py:179} INFO - Processing /opt/airflow/dags/cbr_metals_daily_etl.py took 0.067 seconds
[2026-01-12T06:27:15.110+0000] {processor.py:157} INFO - Started process (PID=659) to work on /opt/airflow/dags/cbr_metals_daily_etl.py
[2026-01-12T06:27:15.111+0000] {processor.py:829} INFO - Processing file /opt/airflow/dags/cbr_metals_daily_etl.py for tasks to queue
[2026-01-12T06:27:15.112+0000] {logging_mixin.py:154} INFO - [2026-01-12T06:27:15.112+0000] {dagbag.py:536} INFO - Filling up the DagBag from /opt/airflow/dags/cbr_metals_daily_etl.py
[2026-01-12T06:27:15.122+0000] {processor.py:839} INFO - DAG(s) dict_keys(['cbr_metals_daily_etl']) retrieved from /opt/airflow/dags/cbr_metals_daily_etl.py
[2026-01-12T06:27:15.144+0000] {logging_mixin.py:154} INFO - [2026-01-12T06:27:15.144+0000] {dag.py:2941} INFO - Sync 1 DAGs
[2026-01-12T06:27:15.161+0000] {logging_mixin.py:154} INFO - [2026-01-12T06:27:15.161+0000] {dag.py:3722} INFO - Setting next_dagrun for cbr_metals_daily_etl to 2026-01-10T13:00:00+00:00, run_after=2026-01-11T13:00:00+00:00
[2026-01-12T06:27:15.175+0000] {processor.py:179} INFO - Processing /opt/airflow/dags/cbr_metals_daily_etl.py took 0.068 seconds
[2026-01-12T06:27:45.310+0000] {processor.py:157} INFO - Started process (PID=674) to work on /opt/airflow/dags/cbr_metals_daily_etl.py
[2026-01-12T06:27:45.311+0000] {processor.py:829} INFO - Processing file /opt/airflow/dags/cbr_metals_daily_etl.py for tasks to queue
[2026-01-12T06:27:45.311+0000] {logging_mixin.py:154} INFO - [2026-01-12T06:27:45.311+0000] {dagbag.py:536} INFO - Filling up the DagBag from /opt/airflow/dags/cbr_metals_daily_etl.py
[2026-01-12T06:27:45.322+0000] {processor.py:839} INFO - DAG(s) dict_keys(['cbr_metals_daily_etl']) retrieved from /opt/airflow/dags/cbr_metals_daily_etl.py
[2026-01-12T06:27:45.344+0000] {logging_mixin.py:154} INFO - [2026-01-12T06:27:45.344+0000] {dag.py:2941} INFO - Sync 1 DAGs
[2026-01-12T06:27:45.360+0000] {logging_mixin.py:154} INFO - [2026-01-12T06:27:45.360+0000] {dag.py:3722} INFO - Setting next_dagrun for cbr_metals_daily_etl to 2026-01-10T13:00:00+00:00, run_after=2026-01-11T13:00:00+00:00
[2026-01-12T06:27:45.373+0000] {processor.py:179} INFO - Processing /opt/airflow/dags/cbr_metals_daily_etl.py took 0.067 seconds
[2026-01-12T06:28:15.513+0000] {processor.py:157} INFO - Started process (PID=689) to work on /opt/airflow/dags/cbr_metals_daily_etl.py
[2026-01-12T06:28:15.514+0000] {processor.py:829} INFO - Processing file /opt/airflow/dags/cbr_metals_daily_etl.py for tasks to queue
[2026-01-12T06:28:15.515+0000] {logging_mixin.py:154} INFO - [2026-01-12T06:28:15.515+0000] {dagbag.py:536} INFO - Filling up the DagBag from /opt/airflow/dags/cbr_metals_daily_etl.py
[2026-01-12T06:28:15.526+0000] {processor.py:839} INFO - DAG(s) dict_keys(['cbr_metals_daily_etl']) retrieved from /opt/airflow/dags/cbr_metals_daily_etl.py
[2026-01-12T06:28:15.547+0000] {logging_mixin.py:154} INFO - [2026-01-12T06:28:15.547+0000] {dag.py:2941} INFO - Sync 1 DAGs
[2026-01-12T06:28:15.564+0000] {logging_mixin.py:154} INFO - [2026-01-12T06:28:15.564+0000] {dag.py:3722} INFO - Setting next_dagrun for cbr_metals_daily_etl to 2026-01-10T13:00:00+00:00, run_after=2026-01-11T13:00:00+00:00
[2026-01-12T06:28:15.581+0000] {processor.py:179} INFO - Processing /opt/airflow/dags/cbr_metals_daily_etl.py took 0.070 seconds
[2026-01-12T06:28:45.715+0000] {processor.py:157} INFO - Started process (PID=704) to work on /opt/airflow/dags/cbr_metals_daily_etl.py
[2026-01-12T06:28:45.716+0000] {processor.py:829} INFO - Processing file /opt/airflow/dags/cbr_metals_daily_etl.py for tasks to queue
[2026-01-12T06:28:45.717+0000] {logging_mixin.py:154} INFO - [2026-01-12T06:28:45.717+0000] {dagbag.py:536} INFO - Filling up the DagBag from /opt/airflow/dags/cbr_metals_daily_etl.py
[2026-01-12T06:28:45.727+0000] {processor.py:839} INFO - DAG(s) dict_keys(['cbr_metals_daily_etl']) retrieved from /opt/airflow/dags/cbr_metals_daily_etl.py
[2026-01-12T06:28:45.749+0000] {logging_mixin.py:154} INFO - [2026-01-12T06:28:45.748+0000] {dag.py:2941} INFO - Sync 1 DAGs
[2026-01-12T06:28:45.766+0000] {logging_mixin.py:154} INFO - [2026-01-12T06:28:45.765+0000] {dag.py:3722} INFO - Setting next_dagrun for cbr_metals_daily_etl to 2026-01-10T13:00:00+00:00, run_after=2026-01-11T13:00:00+00:00
[2026-01-12T06:28:45.781+0000] {processor.py:179} INFO - Processing /opt/airflow/dags/cbr_metals_daily_etl.py took 0.069 seconds
[2026-01-12T06:29:15.915+0000] {processor.py:157} INFO - Started process (PID=718) to work on /opt/airflow/dags/cbr_metals_daily_etl.py
[2026-01-12T06:29:15.916+0000] {processor.py:829} INFO - Processing file /opt/airflow/dags/cbr_metals_daily_etl.py for tasks to queue
[2026-01-12T06:29:15.917+0000] {logging_mixin.py:154} INFO - [2026-01-12T06:29:15.917+0000] {dagbag.py:536} INFO - Filling up the DagBag from /opt/airflow/dags/cbr_metals_daily_etl.py
[2026-01-12T06:29:15.928+0000] {processor.py:839} INFO - DAG(s) dict_keys(['cbr_metals_daily_etl']) retrieved from /opt/airflow/dags/cbr_metals_daily_etl.py
[2026-01-12T06:29:15.950+0000] {logging_mixin.py:154} INFO - [2026-01-12T06:29:15.950+0000] {dag.py:2941} INFO - Sync 1 DAGs
[2026-01-12T06:29:15.966+0000] {logging_mixin.py:154} INFO - [2026-01-12T06:29:15.966+0000] {dag.py:3722} INFO - Setting next_dagrun for cbr_metals_daily_etl to 2026-01-10T13:00:00+00:00, run_after=2026-01-11T13:00:00+00:00
[2026-01-12T06:29:15.998+0000] {processor.py:179} INFO - Processing /opt/airflow/dags/cbr_metals_daily_etl.py took 0.086 seconds
[2026-01-12T06:29:46.182+0000] {processor.py:157} INFO - Started process (PID=734) to work on /opt/airflow/dags/cbr_metals_daily_etl.py
[2026-01-12T06:29:46.183+0000] {processor.py:829} INFO - Processing file /opt/airflow/dags/cbr_metals_daily_etl.py for tasks to queue
[2026-01-12T06:29:46.184+0000] {logging_mixin.py:154} INFO - [2026-01-12T06:29:46.183+0000] {dagbag.py:536} INFO - Filling up the DagBag from /opt/airflow/dags/cbr_metals_daily_etl.py
[2026-01-12T06:29:46.194+0000] {processor.py:839} INFO - DAG(s) dict_keys(['cbr_metals_daily_etl']) retrieved from /opt/airflow/dags/cbr_metals_daily_etl.py
[2026-01-12T06:29:46.217+0000] {logging_mixin.py:154} INFO - [2026-01-12T06:29:46.217+0000] {dag.py:2941} INFO - Sync 1 DAGs
[2026-01-12T06:29:46.233+0000] {logging_mixin.py:154} INFO - [2026-01-12T06:29:46.233+0000] {dag.py:3722} INFO - Setting next_dagrun for cbr_metals_daily_etl to 2026-01-10T13:00:00+00:00, run_after=2026-01-11T13:00:00+00:00
[2026-01-12T06:29:46.247+0000] {processor.py:179} INFO - Processing /opt/airflow/dags/cbr_metals_daily_etl.py took 0.068 seconds
[2026-01-12T06:30:16.379+0000] {processor.py:157} INFO - Started process (PID=749) to work on /opt/airflow/dags/cbr_metals_daily_etl.py
[2026-01-12T06:30:16.380+0000] {processor.py:829} INFO - Processing file /opt/airflow/dags/cbr_metals_daily_etl.py for tasks to queue
[2026-01-12T06:30:16.381+0000] {logging_mixin.py:154} INFO - [2026-01-12T06:30:16.380+0000] {dagbag.py:536} INFO - Filling up the DagBag from /opt/airflow/dags/cbr_metals_daily_etl.py
[2026-01-12T06:30:16.391+0000] {processor.py:839} INFO - DAG(s) dict_keys(['cbr_metals_daily_etl']) retrieved from /opt/airflow/dags/cbr_metals_daily_etl.py
[2026-01-12T06:30:16.413+0000] {logging_mixin.py:154} INFO - [2026-01-12T06:30:16.413+0000] {dag.py:2941} INFO - Sync 1 DAGs
[2026-01-12T06:30:16.429+0000] {logging_mixin.py:154} INFO - [2026-01-12T06:30:16.429+0000] {dag.py:3722} INFO - Setting next_dagrun for cbr_metals_daily_etl to 2026-01-10T13:00:00+00:00, run_after=2026-01-11T13:00:00+00:00
[2026-01-12T06:30:16.441+0000] {processor.py:179} INFO - Processing /opt/airflow/dags/cbr_metals_daily_etl.py took 0.064 seconds
[2026-01-12T06:30:46.579+0000] {processor.py:157} INFO - Started process (PID=764) to work on /opt/airflow/dags/cbr_metals_daily_etl.py
[2026-01-12T06:30:46.580+0000] {processor.py:829} INFO - Processing file /opt/airflow/dags/cbr_metals_daily_etl.py for tasks to queue
[2026-01-12T06:30:46.581+0000] {logging_mixin.py:154} INFO - [2026-01-12T06:30:46.581+0000] {dagbag.py:536} INFO - Filling up the DagBag from /opt/airflow/dags/cbr_metals_daily_etl.py
[2026-01-12T06:30:46.592+0000] {processor.py:839} INFO - DAG(s) dict_keys(['cbr_metals_daily_etl']) retrieved from /opt/airflow/dags/cbr_metals_daily_etl.py
[2026-01-12T06:30:46.614+0000] {logging_mixin.py:154} INFO - [2026-01-12T06:30:46.614+0000] {dag.py:2941} INFO - Sync 1 DAGs
[2026-01-12T06:30:46.630+0000] {logging_mixin.py:154} INFO - [2026-01-12T06:30:46.630+0000] {dag.py:3722} INFO - Setting next_dagrun for cbr_metals_daily_etl to 2026-01-10T13:00:00+00:00, run_after=2026-01-11T13:00:00+00:00
[2026-01-12T06:30:46.645+0000] {processor.py:179} INFO - Processing /opt/airflow/dags/cbr_metals_daily_etl.py took 0.069 seconds
[2026-01-12T06:31:16.778+0000] {processor.py:157} INFO - Started process (PID=779) to work on /opt/airflow/dags/cbr_metals_daily_etl.py
[2026-01-12T06:31:16.779+0000] {processor.py:829} INFO - Processing file /opt/airflow/dags/cbr_metals_daily_etl.py for tasks to queue
[2026-01-12T06:31:16.780+0000] {logging_mixin.py:154} INFO - [2026-01-12T06:31:16.780+0000] {dagbag.py:536} INFO - Filling up the DagBag from /opt/airflow/dags/cbr_metals_daily_etl.py
[2026-01-12T06:31:16.791+0000] {processor.py:839} INFO - DAG(s) dict_keys(['cbr_metals_daily_etl']) retrieved from /opt/airflow/dags/cbr_metals_daily_etl.py
[2026-01-12T06:31:16.812+0000] {logging_mixin.py:154} INFO - [2026-01-12T06:31:16.812+0000] {dag.py:2941} INFO - Sync 1 DAGs
[2026-01-12T06:31:16.829+0000] {logging_mixin.py:154} INFO - [2026-01-12T06:31:16.829+0000] {dag.py:3722} INFO - Setting next_dagrun for cbr_metals_daily_etl to 2026-01-10T13:00:00+00:00, run_after=2026-01-11T13:00:00+00:00
[2026-01-12T06:31:16.886+0000] {processor.py:179} INFO - Processing /opt/airflow/dags/cbr_metals_daily_etl.py took 0.110 seconds
[2026-01-12T06:31:46.970+0000] {processor.py:157} INFO - Started process (PID=794) to work on /opt/airflow/dags/cbr_metals_daily_etl.py
[2026-01-12T06:31:46.971+0000] {processor.py:829} INFO - Processing file /opt/airflow/dags/cbr_metals_daily_etl.py for tasks to queue
[2026-01-12T06:31:46.971+0000] {logging_mixin.py:154} INFO - [2026-01-12T06:31:46.971+0000] {dagbag.py:536} INFO - Filling up the DagBag from /opt/airflow/dags/cbr_metals_daily_etl.py
[2026-01-12T06:31:46.982+0000] {processor.py:839} INFO - DAG(s) dict_keys(['cbr_metals_daily_etl']) retrieved from /opt/airflow/dags/cbr_metals_daily_etl.py
[2026-01-12T06:31:47.004+0000] {logging_mixin.py:154} INFO - [2026-01-12T06:31:47.004+0000] {dag.py:2941} INFO - Sync 1 DAGs
[2026-01-12T06:31:47.021+0000] {logging_mixin.py:154} INFO - [2026-01-12T06:31:47.021+0000] {dag.py:3722} INFO - Setting next_dagrun for cbr_metals_daily_etl to 2026-01-10T13:00:00+00:00, run_after=2026-01-11T13:00:00+00:00
[2026-01-12T06:31:47.032+0000] {processor.py:179} INFO - Processing /opt/airflow/dags/cbr_metals_daily_etl.py took 0.065 seconds
[2026-01-12T06:32:17.205+0000] {processor.py:157} INFO - Started process (PID=809) to work on /opt/airflow/dags/cbr_metals_daily_etl.py
[2026-01-12T06:32:17.206+0000] {processor.py:829} INFO - Processing file /opt/airflow/dags/cbr_metals_daily_etl.py for tasks to queue
[2026-01-12T06:32:17.206+0000] {logging_mixin.py:154} INFO - [2026-01-12T06:32:17.206+0000] {dagbag.py:536} INFO - Filling up the DagBag from /opt/airflow/dags/cbr_metals_daily_etl.py
[2026-01-12T06:32:17.217+0000] {processor.py:839} INFO - DAG(s) dict_keys(['cbr_metals_daily_etl']) retrieved from /opt/airflow/dags/cbr_metals_daily_etl.py
[2026-01-12T06:32:17.238+0000] {logging_mixin.py:154} INFO - [2026-01-12T06:32:17.238+0000] {dag.py:2941} INFO - Sync 1 DAGs
[2026-01-12T06:32:17.255+0000] {logging_mixin.py:154} INFO - [2026-01-12T06:32:17.255+0000] {dag.py:3722} INFO - Setting next_dagrun for cbr_metals_daily_etl to 2026-01-10T13:00:00+00:00, run_after=2026-01-11T13:00:00+00:00
[2026-01-12T06:32:17.279+0000] {processor.py:179} INFO - Processing /opt/airflow/dags/cbr_metals_daily_etl.py took 0.077 seconds
[2026-01-12T06:32:47.469+0000] {processor.py:157} INFO - Started process (PID=824) to work on /opt/airflow/dags/cbr_metals_daily_etl.py
[2026-01-12T06:32:47.478+0000] {processor.py:829} INFO - Processing file /opt/airflow/dags/cbr_metals_daily_etl.py for tasks to queue
[2026-01-12T06:32:47.479+0000] {logging_mixin.py:154} INFO - [2026-01-12T06:32:47.479+0000] {dagbag.py:536} INFO - Filling up the DagBag from /opt/airflow/dags/cbr_metals_daily_etl.py
[2026-01-12T06:32:47.495+0000] {processor.py:839} INFO - DAG(s) dict_keys(['cbr_metals_daily_etl']) retrieved from /opt/airflow/dags/cbr_metals_daily_etl.py
[2026-01-12T06:32:47.519+0000] {logging_mixin.py:154} INFO - [2026-01-12T06:32:47.519+0000] {dag.py:2941} INFO - Sync 1 DAGs
[2026-01-12T06:32:47.536+0000] {logging_mixin.py:154} INFO - [2026-01-12T06:32:47.536+0000] {dag.py:3722} INFO - Setting next_dagrun for cbr_metals_daily_etl to 2026-01-10T13:00:00+00:00, run_after=2026-01-11T13:00:00+00:00
[2026-01-12T06:32:47.555+0000] {processor.py:179} INFO - Processing /opt/airflow/dags/cbr_metals_daily_etl.py took 0.092 seconds
[2026-01-12T06:33:19.454+0000] {processor.py:157} INFO - Started process (PID=839) to work on /opt/airflow/dags/cbr_metals_daily_etl.py
[2026-01-12T06:33:19.456+0000] {processor.py:829} INFO - Processing file /opt/airflow/dags/cbr_metals_daily_etl.py for tasks to queue
[2026-01-12T06:33:19.457+0000] {logging_mixin.py:154} INFO - [2026-01-12T06:33:19.456+0000] {dagbag.py:536} INFO - Filling up the DagBag from /opt/airflow/dags/cbr_metals_daily_etl.py
[2026-01-12T06:33:19.467+0000] {processor.py:839} INFO - DAG(s) dict_keys(['cbr_metals_daily_etl']) retrieved from /opt/airflow/dags/cbr_metals_daily_etl.py
[2026-01-12T06:33:19.489+0000] {logging_mixin.py:154} INFO - [2026-01-12T06:33:19.489+0000] {dag.py:2941} INFO - Sync 1 DAGs
[2026-01-12T06:33:19.505+0000] {logging_mixin.py:154} INFO - [2026-01-12T06:33:19.505+0000] {dag.py:3722} INFO - Setting next_dagrun for cbr_metals_daily_etl to 2026-01-10T13:00:00+00:00, run_after=2026-01-11T13:00:00+00:00
[2026-01-12T06:33:19.522+0000] {processor.py:179} INFO - Processing /opt/airflow/dags/cbr_metals_daily_etl.py took 0.071 seconds
[2026-01-12T06:33:49.670+0000] {processor.py:157} INFO - Started process (PID=854) to work on /opt/airflow/dags/cbr_metals_daily_etl.py
[2026-01-12T06:33:49.671+0000] {processor.py:829} INFO - Processing file /opt/airflow/dags/cbr_metals_daily_etl.py for tasks to queue
[2026-01-12T06:33:49.671+0000] {logging_mixin.py:154} INFO - [2026-01-12T06:33:49.671+0000] {dagbag.py:536} INFO - Filling up the DagBag from /opt/airflow/dags/cbr_metals_daily_etl.py
[2026-01-12T06:33:49.682+0000] {processor.py:839} INFO - DAG(s) dict_keys(['cbr_metals_daily_etl']) retrieved from /opt/airflow/dags/cbr_metals_daily_etl.py
[2026-01-12T06:33:49.704+0000] {logging_mixin.py:154} INFO - [2026-01-12T06:33:49.704+0000] {dag.py:2941} INFO - Sync 1 DAGs
[2026-01-12T06:33:49.720+0000] {logging_mixin.py:154} INFO - [2026-01-12T06:33:49.720+0000] {dag.py:3722} INFO - Setting next_dagrun for cbr_metals_daily_etl to 2026-01-10T13:00:00+00:00, run_after=2026-01-11T13:00:00+00:00
[2026-01-12T06:33:49.733+0000] {processor.py:179} INFO - Processing /opt/airflow/dags/cbr_metals_daily_etl.py took 0.066 seconds
[2026-01-12T06:34:19.873+0000] {processor.py:157} INFO - Started process (PID=869) to work on /opt/airflow/dags/cbr_metals_daily_etl.py
[2026-01-12T06:34:19.874+0000] {processor.py:829} INFO - Processing file /opt/airflow/dags/cbr_metals_daily_etl.py for tasks to queue
[2026-01-12T06:34:19.875+0000] {logging_mixin.py:154} INFO - [2026-01-12T06:34:19.875+0000] {dagbag.py:536} INFO - Filling up the DagBag from /opt/airflow/dags/cbr_metals_daily_etl.py
[2026-01-12T06:34:19.885+0000] {processor.py:839} INFO - DAG(s) dict_keys(['cbr_metals_daily_etl']) retrieved from /opt/airflow/dags/cbr_metals_daily_etl.py
[2026-01-12T06:34:19.907+0000] {logging_mixin.py:154} INFO - [2026-01-12T06:34:19.907+0000] {dag.py:2941} INFO - Sync 1 DAGs
[2026-01-12T06:34:19.924+0000] {logging_mixin.py:154} INFO - [2026-01-12T06:34:19.924+0000] {dag.py:3722} INFO - Setting next_dagrun for cbr_metals_daily_etl to 2026-01-10T13:00:00+00:00, run_after=2026-01-11T13:00:00+00:00
[2026-01-12T06:34:19.936+0000] {processor.py:179} INFO - Processing /opt/airflow/dags/cbr_metals_daily_etl.py took 0.066 seconds
[2026-01-12T06:34:50.089+0000] {processor.py:157} INFO - Started process (PID=884) to work on /opt/airflow/dags/cbr_metals_daily_etl.py
[2026-01-12T06:34:50.090+0000] {processor.py:829} INFO - Processing file /opt/airflow/dags/cbr_metals_daily_etl.py for tasks to queue
[2026-01-12T06:34:50.091+0000] {logging_mixin.py:154} INFO - [2026-01-12T06:34:50.091+0000] {dagbag.py:536} INFO - Filling up the DagBag from /opt/airflow/dags/cbr_metals_daily_etl.py
[2026-01-12T06:34:50.101+0000] {processor.py:839} INFO - DAG(s) dict_keys(['cbr_metals_daily_etl']) retrieved from /opt/airflow/dags/cbr_metals_daily_etl.py
[2026-01-12T06:34:50.124+0000] {logging_mixin.py:154} INFO - [2026-01-12T06:34:50.124+0000] {dag.py:2941} INFO - Sync 1 DAGs
[2026-01-12T06:34:50.140+0000] {logging_mixin.py:154} INFO - [2026-01-12T06:34:50.140+0000] {dag.py:3722} INFO - Setting next_dagrun for cbr_metals_daily_etl to 2026-01-10T13:00:00+00:00, run_after=2026-01-11T13:00:00+00:00
[2026-01-12T06:34:50.152+0000] {processor.py:179} INFO - Processing /opt/airflow/dags/cbr_metals_daily_etl.py took 0.065 seconds
[2026-01-12T06:35:20.290+0000] {processor.py:157} INFO - Started process (PID=899) to work on /opt/airflow/dags/cbr_metals_daily_etl.py
[2026-01-12T06:35:20.291+0000] {processor.py:829} INFO - Processing file /opt/airflow/dags/cbr_metals_daily_etl.py for tasks to queue
[2026-01-12T06:35:20.291+0000] {logging_mixin.py:154} INFO - [2026-01-12T06:35:20.291+0000] {dagbag.py:536} INFO - Filling up the DagBag from /opt/airflow/dags/cbr_metals_daily_etl.py
[2026-01-12T06:35:20.302+0000] {processor.py:839} INFO - DAG(s) dict_keys(['cbr_metals_daily_etl']) retrieved from /opt/airflow/dags/cbr_metals_daily_etl.py
[2026-01-12T06:35:20.323+0000] {logging_mixin.py:154} INFO - [2026-01-12T06:35:20.323+0000] {dag.py:2941} INFO - Sync 1 DAGs
[2026-01-12T06:35:20.339+0000] {logging_mixin.py:154} INFO - [2026-01-12T06:35:20.339+0000] {dag.py:3722} INFO - Setting next_dagrun for cbr_metals_daily_etl to 2026-01-10T13:00:00+00:00, run_after=2026-01-11T13:00:00+00:00
[2026-01-12T06:35:20.352+0000] {processor.py:179} INFO - Processing /opt/airflow/dags/cbr_metals_daily_etl.py took 0.065 seconds
[2026-01-12T06:35:50.490+0000] {processor.py:157} INFO - Started process (PID=914) to work on /opt/airflow/dags/cbr_metals_daily_etl.py
[2026-01-12T06:35:50.491+0000] {processor.py:829} INFO - Processing file /opt/airflow/dags/cbr_metals_daily_etl.py for tasks to queue
[2026-01-12T06:35:50.492+0000] {logging_mixin.py:154} INFO - [2026-01-12T06:35:50.492+0000] {dagbag.py:536} INFO - Filling up the DagBag from /opt/airflow/dags/cbr_metals_daily_etl.py
[2026-01-12T06:35:50.503+0000] {processor.py:839} INFO - DAG(s) dict_keys(['cbr_metals_daily_etl']) retrieved from /opt/airflow/dags/cbr_metals_daily_etl.py
[2026-01-12T06:35:50.524+0000] {logging_mixin.py:154} INFO - [2026-01-12T06:35:50.524+0000] {dag.py:2941} INFO - Sync 1 DAGs
[2026-01-12T06:35:50.540+0000] {logging_mixin.py:154} INFO - [2026-01-12T06:35:50.540+0000] {dag.py:3722} INFO - Setting next_dagrun for cbr_metals_daily_etl to 2026-01-10T13:00:00+00:00, run_after=2026-01-11T13:00:00+00:00
[2026-01-12T06:35:50.584+0000] {processor.py:179} INFO - Processing /opt/airflow/dags/cbr_metals_daily_etl.py took 0.097 seconds
[2026-01-12T06:36:20.697+0000] {processor.py:157} INFO - Started process (PID=929) to work on /opt/airflow/dags/cbr_metals_daily_etl.py
[2026-01-12T06:36:20.698+0000] {processor.py:829} INFO - Processing file /opt/airflow/dags/cbr_metals_daily_etl.py for tasks to queue
[2026-01-12T06:36:20.699+0000] {logging_mixin.py:154} INFO - [2026-01-12T06:36:20.698+0000] {dagbag.py:536} INFO - Filling up the DagBag from /opt/airflow/dags/cbr_metals_daily_etl.py
[2026-01-12T06:36:20.709+0000] {processor.py:839} INFO - DAG(s) dict_keys(['cbr_metals_daily_etl']) retrieved from /opt/airflow/dags/cbr_metals_daily_etl.py
[2026-01-12T06:36:20.731+0000] {logging_mixin.py:154} INFO - [2026-01-12T06:36:20.730+0000] {dag.py:2941} INFO - Sync 1 DAGs
[2026-01-12T06:36:20.747+0000] {logging_mixin.py:154} INFO - [2026-01-12T06:36:20.747+0000] {dag.py:3722} INFO - Setting next_dagrun for cbr_metals_daily_etl to 2026-01-10T13:00:00+00:00, run_after=2026-01-11T13:00:00+00:00
[2026-01-12T06:36:20.759+0000] {processor.py:179} INFO - Processing /opt/airflow/dags/cbr_metals_daily_etl.py took 0.065 seconds
[2026-01-12T06:36:50.917+0000] {processor.py:157} INFO - Started process (PID=944) to work on /opt/airflow/dags/cbr_metals_daily_etl.py
[2026-01-12T06:36:50.918+0000] {processor.py:829} INFO - Processing file /opt/airflow/dags/cbr_metals_daily_etl.py for tasks to queue
[2026-01-12T06:36:50.919+0000] {logging_mixin.py:154} INFO - [2026-01-12T06:36:50.919+0000] {dagbag.py:536} INFO - Filling up the DagBag from /opt/airflow/dags/cbr_metals_daily_etl.py
[2026-01-12T06:36:50.930+0000] {processor.py:839} INFO - DAG(s) dict_keys(['cbr_metals_daily_etl']) retrieved from /opt/airflow/dags/cbr_metals_daily_etl.py
[2026-01-12T06:36:50.951+0000] {logging_mixin.py:154} INFO - [2026-01-12T06:36:50.951+0000] {dag.py:2941} INFO - Sync 1 DAGs
[2026-01-12T06:36:50.968+0000] {logging_mixin.py:154} INFO - [2026-01-12T06:36:50.968+0000] {dag.py:3722} INFO - Setting next_dagrun for cbr_metals_daily_etl to 2026-01-10T13:00:00+00:00, run_after=2026-01-11T13:00:00+00:00
[2026-01-12T06:36:50.981+0000] {processor.py:179} INFO - Processing /opt/airflow/dags/cbr_metals_daily_etl.py took 0.067 seconds
[2026-01-12T06:37:21.120+0000] {processor.py:157} INFO - Started process (PID=959) to work on /opt/airflow/dags/cbr_metals_daily_etl.py
[2026-01-12T06:37:21.121+0000] {processor.py:829} INFO - Processing file /opt/airflow/dags/cbr_metals_daily_etl.py for tasks to queue
[2026-01-12T06:37:21.122+0000] {logging_mixin.py:154} INFO - [2026-01-12T06:37:21.122+0000] {dagbag.py:536} INFO - Filling up the DagBag from /opt/airflow/dags/cbr_metals_daily_etl.py
[2026-01-12T06:37:21.133+0000] {processor.py:839} INFO - DAG(s) dict_keys(['cbr_metals_daily_etl']) retrieved from /opt/airflow/dags/cbr_metals_daily_etl.py
[2026-01-12T06:37:21.154+0000] {logging_mixin.py:154} INFO - [2026-01-12T06:37:21.154+0000] {dag.py:2941} INFO - Sync 1 DAGs
[2026-01-12T06:37:21.171+0000] {logging_mixin.py:154} INFO - [2026-01-12T06:37:21.171+0000] {dag.py:3722} INFO - Setting next_dagrun for cbr_metals_daily_etl to 2026-01-10T13:00:00+00:00, run_after=2026-01-11T13:00:00+00:00
[2026-01-12T06:37:21.183+0000] {processor.py:179} INFO - Processing /opt/airflow/dags/cbr_metals_daily_etl.py took 0.065 seconds
[2026-01-12T06:37:51.325+0000] {processor.py:157} INFO - Started process (PID=972) to work on /opt/airflow/dags/cbr_metals_daily_etl.py
[2026-01-12T06:37:51.326+0000] {processor.py:829} INFO - Processing file /opt/airflow/dags/cbr_metals_daily_etl.py for tasks to queue
[2026-01-12T06:37:51.327+0000] {logging_mixin.py:154} INFO - [2026-01-12T06:37:51.327+0000] {dagbag.py:536} INFO - Filling up the DagBag from /opt/airflow/dags/cbr_metals_daily_etl.py
[2026-01-12T06:37:51.337+0000] {processor.py:839} INFO - DAG(s) dict_keys(['cbr_metals_daily_etl']) retrieved from /opt/airflow/dags/cbr_metals_daily_etl.py
[2026-01-12T06:37:51.360+0000] {logging_mixin.py:154} INFO - [2026-01-12T06:37:51.359+0000] {dag.py:2941} INFO - Sync 1 DAGs
[2026-01-12T06:37:51.376+0000] {logging_mixin.py:154} INFO - [2026-01-12T06:37:51.376+0000] {dag.py:3722} INFO - Setting next_dagrun for cbr_metals_daily_etl to 2026-01-10T13:00:00+00:00, run_after=2026-01-11T13:00:00+00:00
[2026-01-12T06:37:51.388+0000] {processor.py:179} INFO - Processing /opt/airflow/dags/cbr_metals_daily_etl.py took 0.066 seconds
[2026-01-12T06:38:21.554+0000] {processor.py:157} INFO - Started process (PID=987) to work on /opt/airflow/dags/cbr_metals_daily_etl.py
[2026-01-12T06:38:21.555+0000] {processor.py:829} INFO - Processing file /opt/airflow/dags/cbr_metals_daily_etl.py for tasks to queue
[2026-01-12T06:38:21.555+0000] {logging_mixin.py:154} INFO - [2026-01-12T06:38:21.555+0000] {dagbag.py:536} INFO - Filling up the DagBag from /opt/airflow/dags/cbr_metals_daily_etl.py
[2026-01-12T06:38:21.566+0000] {processor.py:839} INFO - DAG(s) dict_keys(['cbr_metals_daily_etl']) retrieved from /opt/airflow/dags/cbr_metals_daily_etl.py
[2026-01-12T06:38:21.586+0000] {logging_mixin.py:154} INFO - [2026-01-12T06:38:21.586+0000] {dag.py:2941} INFO - Sync 1 DAGs
[2026-01-12T06:38:21.603+0000] {logging_mixin.py:154} INFO - [2026-01-12T06:38:21.603+0000] {dag.py:3722} INFO - Setting next_dagrun for cbr_metals_daily_etl to 2026-01-10T13:00:00+00:00, run_after=2026-01-11T13:00:00+00:00
[2026-01-12T06:38:21.614+0000] {processor.py:179} INFO - Processing /opt/airflow/dags/cbr_metals_daily_etl.py took 0.064 seconds
[2026-01-12T06:38:51.772+0000] {processor.py:157} INFO - Started process (PID=1004) to work on /opt/airflow/dags/cbr_metals_daily_etl.py
[2026-01-12T06:38:51.774+0000] {processor.py:829} INFO - Processing file /opt/airflow/dags/cbr_metals_daily_etl.py for tasks to queue
[2026-01-12T06:38:51.775+0000] {logging_mixin.py:154} INFO - [2026-01-12T06:38:51.774+0000] {dagbag.py:536} INFO - Filling up the DagBag from /opt/airflow/dags/cbr_metals_daily_etl.py
[2026-01-12T06:38:51.785+0000] {processor.py:839} INFO - DAG(s) dict_keys(['cbr_metals_daily_etl']) retrieved from /opt/airflow/dags/cbr_metals_daily_etl.py
[2026-01-12T06:38:51.807+0000] {logging_mixin.py:154} INFO - [2026-01-12T06:38:51.807+0000] {dag.py:2941} INFO - Sync 1 DAGs
[2026-01-12T06:38:51.825+0000] {logging_mixin.py:154} INFO - [2026-01-12T06:38:51.825+0000] {dag.py:3722} INFO - Setting next_dagrun for cbr_metals_daily_etl to 2026-01-10T13:00:00+00:00, run_after=2026-01-11T13:00:00+00:00
[2026-01-12T06:38:51.852+0000] {processor.py:179} INFO - Processing /opt/airflow/dags/cbr_metals_daily_etl.py took 0.083 seconds
[2026-01-12T06:39:21.978+0000] {processor.py:157} INFO - Started process (PID=1019) to work on /opt/airflow/dags/cbr_metals_daily_etl.py
[2026-01-12T06:39:21.979+0000] {processor.py:829} INFO - Processing file /opt/airflow/dags/cbr_metals_daily_etl.py for tasks to queue
[2026-01-12T06:39:21.980+0000] {logging_mixin.py:154} INFO - [2026-01-12T06:39:21.980+0000] {dagbag.py:536} INFO - Filling up the DagBag from /opt/airflow/dags/cbr_metals_daily_etl.py
[2026-01-12T06:39:21.991+0000] {processor.py:839} INFO - DAG(s) dict_keys(['cbr_metals_daily_etl']) retrieved from /opt/airflow/dags/cbr_metals_daily_etl.py
[2026-01-12T06:39:22.013+0000] {logging_mixin.py:154} INFO - [2026-01-12T06:39:22.013+0000] {dag.py:2941} INFO - Sync 1 DAGs
[2026-01-12T06:39:22.029+0000] {logging_mixin.py:154} INFO - [2026-01-12T06:39:22.029+0000] {dag.py:3722} INFO - Setting next_dagrun for cbr_metals_daily_etl to 2026-01-10T13:00:00+00:00, run_after=2026-01-11T13:00:00+00:00
[2026-01-12T06:39:22.055+0000] {processor.py:179} INFO - Processing /opt/airflow/dags/cbr_metals_daily_etl.py took 0.079 seconds
[2026-01-12T06:39:52.183+0000] {processor.py:157} INFO - Started process (PID=1034) to work on /opt/airflow/dags/cbr_metals_daily_etl.py
[2026-01-12T06:39:52.184+0000] {processor.py:829} INFO - Processing file /opt/airflow/dags/cbr_metals_daily_etl.py for tasks to queue
[2026-01-12T06:39:52.184+0000] {logging_mixin.py:154} INFO - [2026-01-12T06:39:52.184+0000] {dagbag.py:536} INFO - Filling up the DagBag from /opt/airflow/dags/cbr_metals_daily_etl.py
[2026-01-12T06:39:52.195+0000] {processor.py:839} INFO - DAG(s) dict_keys(['cbr_metals_daily_etl']) retrieved from /opt/airflow/dags/cbr_metals_daily_etl.py
[2026-01-12T06:39:52.216+0000] {logging_mixin.py:154} INFO - [2026-01-12T06:39:52.216+0000] {dag.py:2941} INFO - Sync 1 DAGs
[2026-01-12T06:39:52.233+0000] {logging_mixin.py:154} INFO - [2026-01-12T06:39:52.233+0000] {dag.py:3722} INFO - Setting next_dagrun for cbr_metals_daily_etl to 2026-01-10T13:00:00+00:00, run_after=2026-01-11T13:00:00+00:00
[2026-01-12T06:39:52.246+0000] {processor.py:179} INFO - Processing /opt/airflow/dags/cbr_metals_daily_etl.py took 0.066 seconds
[2026-01-12T06:40:22.389+0000] {processor.py:157} INFO - Started process (PID=1049) to work on /opt/airflow/dags/cbr_metals_daily_etl.py
[2026-01-12T06:40:22.390+0000] {processor.py:829} INFO - Processing file /opt/airflow/dags/cbr_metals_daily_etl.py for tasks to queue
[2026-01-12T06:40:22.391+0000] {logging_mixin.py:154} INFO - [2026-01-12T06:40:22.390+0000] {dagbag.py:536} INFO - Filling up the DagBag from /opt/airflow/dags/cbr_metals_daily_etl.py
[2026-01-12T06:40:22.401+0000] {processor.py:839} INFO - DAG(s) dict_keys(['cbr_metals_daily_etl']) retrieved from /opt/airflow/dags/cbr_metals_daily_etl.py
[2026-01-12T06:40:22.423+0000] {logging_mixin.py:154} INFO - [2026-01-12T06:40:22.423+0000] {dag.py:2941} INFO - Sync 1 DAGs
[2026-01-12T06:40:22.439+0000] {logging_mixin.py:154} INFO - [2026-01-12T06:40:22.439+0000] {dag.py:3722} INFO - Setting next_dagrun for cbr_metals_daily_etl to 2026-01-10T13:00:00+00:00, run_after=2026-01-11T13:00:00+00:00
[2026-01-12T06:40:22.452+0000] {processor.py:179} INFO - Processing /opt/airflow/dags/cbr_metals_daily_etl.py took 0.066 seconds
[2026-01-12T06:40:52.618+0000] {processor.py:157} INFO - Started process (PID=1062) to work on /opt/airflow/dags/cbr_metals_daily_etl.py
[2026-01-12T06:40:52.619+0000] {processor.py:829} INFO - Processing file /opt/airflow/dags/cbr_metals_daily_etl.py for tasks to queue
[2026-01-12T06:40:52.620+0000] {logging_mixin.py:154} INFO - [2026-01-12T06:40:52.620+0000] {dagbag.py:536} INFO - Filling up the DagBag from /opt/airflow/dags/cbr_metals_daily_etl.py
[2026-01-12T06:40:52.630+0000] {processor.py:839} INFO - DAG(s) dict_keys(['cbr_metals_daily_etl']) retrieved from /opt/airflow/dags/cbr_metals_daily_etl.py
[2026-01-12T06:40:52.651+0000] {logging_mixin.py:154} INFO - [2026-01-12T06:40:52.651+0000] {dag.py:2941} INFO - Sync 1 DAGs
[2026-01-12T06:40:52.668+0000] {logging_mixin.py:154} INFO - [2026-01-12T06:40:52.667+0000] {dag.py:3722} INFO - Setting next_dagrun for cbr_metals_daily_etl to 2026-01-10T13:00:00+00:00, run_after=2026-01-11T13:00:00+00:00
[2026-01-12T06:40:52.715+0000] {processor.py:179} INFO - Processing /opt/airflow/dags/cbr_metals_daily_etl.py took 0.100 seconds
