[2025-12-24T18:24:19.145+0000] {taskinstance.py:1159} INFO - Dependencies all met for dep_context=non-requeueable deps ti=<TaskInstance: cbr_metals_daily_etl_final.run_dbt_all manual__2025-12-24T18:24:17.335679+00:00 [queued]>
[2025-12-24T18:24:19.155+0000] {taskinstance.py:1159} INFO - Dependencies all met for dep_context=requeueable deps ti=<TaskInstance: cbr_metals_daily_etl_final.run_dbt_all manual__2025-12-24T18:24:17.335679+00:00 [queued]>
[2025-12-24T18:24:19.155+0000] {taskinstance.py:1361} INFO - Starting attempt 1 of 4
[2025-12-24T18:24:19.169+0000] {taskinstance.py:1382} INFO - Executing <Task(BashOperator): run_dbt_all> on 2025-12-24 18:24:17.335679+00:00
[2025-12-24T18:24:19.176+0000] {standard_task_runner.py:57} INFO - Started process 214 to run task
[2025-12-24T18:24:19.180+0000] {standard_task_runner.py:84} INFO - Running: ['airflow', 'tasks', 'run', 'cbr_metals_daily_etl_final', 'run_dbt_all', 'manual__2025-12-24T18:24:17.335679+00:00', '--job-id', '51', '--raw', '--subdir', 'DAGS_FOLDER/cbr_metals_daily_etl_final.py', '--cfg-path', '/tmp/tmpicl40cen']
[2025-12-24T18:24:19.183+0000] {standard_task_runner.py:85} INFO - Job 51: Subtask run_dbt_all
[2025-12-24T18:24:19.244+0000] {task_command.py:416} INFO - Running <TaskInstance: cbr_metals_daily_etl_final.run_dbt_all manual__2025-12-24T18:24:17.335679+00:00 [running]> on host 8272458e31b1
[2025-12-24T18:24:19.351+0000] {taskinstance.py:1662} INFO - Exporting env vars: AIRFLOW_CTX_DAG_OWNER='biggy' AIRFLOW_CTX_DAG_ID='cbr_metals_daily_etl_final' AIRFLOW_CTX_TASK_ID='run_dbt_all' AIRFLOW_CTX_EXECUTION_DATE='2025-12-24T18:24:17.335679+00:00' AIRFLOW_CTX_TRY_NUMBER='1' AIRFLOW_CTX_DAG_RUN_ID='manual__2025-12-24T18:24:17.335679+00:00'
[2025-12-24T18:24:19.352+0000] {subprocess.py:63} INFO - Tmp dir root location: /tmp
[2025-12-24T18:24:19.353+0000] {subprocess.py:75} INFO - Running command: ['/bin/bash', '-c', 'docker exec -i dbt bash -c "cd /usr/app && dbt run --profiles-dir . && dbt test --profiles-dir ."']
[2025-12-24T18:24:19.366+0000] {subprocess.py:86} INFO - Output:
[2025-12-24T18:24:23.972+0000] {subprocess.py:93} INFO - [0m18:24:23  Running with dbt=1.5.0
[2025-12-24T18:24:24.307+0000] {subprocess.py:93} INFO - [0m18:24:24  Found 4 models, 3 tests, 0 snapshots, 0 analyses, 308 macros, 0 operations, 0 seed files, 0 sources, 0 exposures, 0 metrics, 0 groups
[2025-12-24T18:24:24.309+0000] {subprocess.py:93} INFO - [0m18:24:24
[2025-12-24T18:24:24.616+0000] {subprocess.py:93} INFO - [0m18:24:24  Concurrency: 2 threads (target='dev')
[2025-12-24T18:24:24.617+0000] {subprocess.py:93} INFO - [0m18:24:24
[2025-12-24T18:24:24.642+0000] {subprocess.py:93} INFO - [0m18:24:24  1 of 4 START sql view model staging.stg_cbr_precious_metals .................... [RUN]
[2025-12-24T18:24:24.809+0000] {subprocess.py:93} INFO - [0m18:24:24  1 of 4 OK created sql view model staging.stg_cbr_precious_metals ............... [[32mCREATE VIEW[0m in 0.17s]
[2025-12-24T18:24:24.812+0000] {subprocess.py:93} INFO - [0m18:24:24  2 of 4 START sql table model dds.dim_metals .................................... [RUN]
[2025-12-24T18:24:24.813+0000] {subprocess.py:93} INFO - [0m18:24:24  3 of 4 START sql table model dds.fact_metal_prices ............................. [RUN]
[2025-12-24T18:24:24.969+0000] {subprocess.py:93} INFO - [0m18:24:24  2 of 4 OK created sql table model dds.dim_metals ............................... [[32mSELECT 4[0m in 0.15s]
[2025-12-24T18:24:24.976+0000] {subprocess.py:93} INFO - [0m18:24:24  3 of 4 OK created sql table model dds.fact_metal_prices ........................ [[32mSELECT 16796[0m in 0.16s]
[2025-12-24T18:24:24.979+0000] {subprocess.py:93} INFO - [0m18:24:24  4 of 4 START sql table model mart.metal_prices_analytics ....................... [RUN]
[2025-12-24T18:24:25.169+0000] {subprocess.py:93} INFO - [0m18:24:25  4 of 4 OK created sql table model mart.metal_prices_analytics .................. [[32mSELECT 16796[0m in 0.19s]
[2025-12-24T18:24:25.185+0000] {subprocess.py:93} INFO - [0m18:24:25
[2025-12-24T18:24:25.185+0000] {subprocess.py:93} INFO - [0m18:24:25  Finished running 1 view model, 3 table models in 0 hours 0 minutes and 0.87 seconds (0.87s).
[2025-12-24T18:24:25.195+0000] {subprocess.py:93} INFO - [0m18:24:25
[2025-12-24T18:24:25.195+0000] {subprocess.py:93} INFO - [0m18:24:25  [32mCompleted successfully[0m
[2025-12-24T18:24:25.196+0000] {subprocess.py:93} INFO - [0m18:24:25
[2025-12-24T18:24:25.196+0000] {subprocess.py:93} INFO - [0m18:24:25  Done. PASS=4 WARN=0 ERROR=0 SKIP=0 TOTAL=4
[2025-12-24T18:24:27.877+0000] {subprocess.py:93} INFO - [0m18:24:27  Running with dbt=1.5.0
[2025-12-24T18:24:28.063+0000] {subprocess.py:93} INFO - [0m18:24:28  Found 4 models, 3 tests, 0 snapshots, 0 analyses, 308 macros, 0 operations, 0 seed files, 0 sources, 0 exposures, 0 metrics, 0 groups
[2025-12-24T18:24:28.065+0000] {subprocess.py:93} INFO - [0m18:24:28
[2025-12-24T18:24:28.160+0000] {subprocess.py:93} INFO - [0m18:24:28  Concurrency: 2 threads (target='dev')
[2025-12-24T18:24:28.161+0000] {subprocess.py:93} INFO - [0m18:24:28
[2025-12-24T18:24:28.166+0000] {subprocess.py:93} INFO - [0m18:24:28  1 of 3 START test not_null_key_columns ......................................... [RUN]
[2025-12-24T18:24:28.167+0000] {subprocess.py:93} INFO - [0m18:24:28  2 of 3 START test positive_prices .............................................. [RUN]
[2025-12-24T18:24:28.257+0000] {subprocess.py:93} INFO - [0m18:24:28  1 of 3 PASS not_null_key_columns ............................................... [[32mPASS[0m in 0.09s]
[2025-12-24T18:24:28.260+0000] {subprocess.py:93} INFO - [0m18:24:28  2 of 3 PASS positive_prices .................................................... [[32mPASS[0m in 0.09s]
[2025-12-24T18:24:28.261+0000] {subprocess.py:93} INFO - [0m18:24:28  3 of 3 START test unique_trade_date_metal_code ................................. [RUN]
[2025-12-24T18:24:28.313+0000] {subprocess.py:93} INFO - [0m18:24:28  3 of 3 PASS unique_trade_date_metal_code ....................................... [[32mPASS[0m in 0.05s]
[2025-12-24T18:24:28.329+0000] {subprocess.py:93} INFO - [0m18:24:28
[2025-12-24T18:24:28.330+0000] {subprocess.py:93} INFO - [0m18:24:28  Finished running 3 tests in 0 hours 0 minutes and 0.26 seconds (0.26s).
[2025-12-24T18:24:28.337+0000] {subprocess.py:93} INFO - [0m18:24:28
[2025-12-24T18:24:28.338+0000] {subprocess.py:93} INFO - [0m18:24:28  [32mCompleted successfully[0m
[2025-12-24T18:24:28.338+0000] {subprocess.py:93} INFO - [0m18:24:28
[2025-12-24T18:24:28.339+0000] {subprocess.py:93} INFO - [0m18:24:28  Done. PASS=3 WARN=0 ERROR=0 SKIP=0 TOTAL=3
[2025-12-24T18:24:28.963+0000] {subprocess.py:97} INFO - Command exited with return code 0
[2025-12-24T18:24:29.003+0000] {taskinstance.py:1400} INFO - Marking task as SUCCESS. dag_id=cbr_metals_daily_etl_final, task_id=run_dbt_all, execution_date=20251224T182417, start_date=20251224T182419, end_date=20251224T182429
[2025-12-24T18:24:29.098+0000] {local_task_job_runner.py:228} INFO - Task exited with return code 0
[2025-12-24T18:24:29.118+0000] {taskinstance.py:2778} INFO - 0 downstream tasks scheduled from follow-on schedule check
