[2025-12-24T11:02:16.966+0000] {taskinstance.py:1159} INFO - Dependencies all met for dep_context=non-requeueable deps ti=<TaskInstance: cbr_metals_daily_etl_final.run_dbt_all scheduled__2025-12-23T07:30:00+00:00 [queued]>
[2025-12-24T11:02:16.974+0000] {taskinstance.py:1159} INFO - Dependencies all met for dep_context=requeueable deps ti=<TaskInstance: cbr_metals_daily_etl_final.run_dbt_all scheduled__2025-12-23T07:30:00+00:00 [queued]>
[2025-12-24T11:02:16.975+0000] {taskinstance.py:1361} INFO - Starting attempt 4 of 4
[2025-12-24T11:02:16.989+0000] {taskinstance.py:1382} INFO - Executing <Task(BashOperator): run_dbt_all> on 2025-12-23 07:30:00+00:00
[2025-12-24T11:02:16.994+0000] {standard_task_runner.py:57} INFO - Started process 6669 to run task
[2025-12-24T11:02:16.998+0000] {standard_task_runner.py:84} INFO - Running: ['airflow', 'tasks', 'run', 'cbr_metals_daily_etl_final', 'run_dbt_all', 'scheduled__2025-12-23T07:30:00+00:00', '--job-id', '32', '--raw', '--subdir', 'DAGS_FOLDER/cbr_metals_daily_etl_final.py', '--cfg-path', '/tmp/tmpq1v5itd6']
[2025-12-24T11:02:17.001+0000] {standard_task_runner.py:85} INFO - Job 32: Subtask run_dbt_all
[2025-12-24T11:02:17.061+0000] {task_command.py:416} INFO - Running <TaskInstance: cbr_metals_daily_etl_final.run_dbt_all scheduled__2025-12-23T07:30:00+00:00 [running]> on host 892e78824907
[2025-12-24T11:02:17.147+0000] {taskinstance.py:1662} INFO - Exporting env vars: AIRFLOW_CTX_DAG_OWNER='biggy' AIRFLOW_CTX_DAG_ID='cbr_metals_daily_etl_final' AIRFLOW_CTX_TASK_ID='run_dbt_all' AIRFLOW_CTX_EXECUTION_DATE='2025-12-23T07:30:00+00:00' AIRFLOW_CTX_TRY_NUMBER='4' AIRFLOW_CTX_DAG_RUN_ID='scheduled__2025-12-23T07:30:00+00:00'
[2025-12-24T11:02:17.149+0000] {subprocess.py:63} INFO - Tmp dir root location: /tmp
[2025-12-24T11:02:17.149+0000] {subprocess.py:75} INFO - Running command: ['/bin/bash', '-c', 'cd /usr/app && dbt run --profiles-dir . && dbt test --profiles-dir .']
[2025-12-24T11:02:17.161+0000] {subprocess.py:86} INFO - Output:
[2025-12-24T11:02:17.164+0000] {subprocess.py:93} INFO - /bin/bash: line 1: cd: /usr/app: No such file or directory
[2025-12-24T11:02:17.164+0000] {subprocess.py:97} INFO - Command exited with return code 1
[2025-12-24T11:02:17.177+0000] {taskinstance.py:1937} ERROR - Task failed with exception
Traceback (most recent call last):
  File "/home/airflow/.local/lib/python3.8/site-packages/airflow/operators/bash.py", line 210, in execute
    raise AirflowException(
airflow.exceptions.AirflowException: Bash command failed. The command returned a non-zero exit code 1.
[2025-12-24T11:02:17.182+0000] {taskinstance.py:1400} INFO - Marking task as FAILED. dag_id=cbr_metals_daily_etl_final, task_id=run_dbt_all, execution_date=20251223T073000, start_date=20251224T110216, end_date=20251224T110217
[2025-12-24T11:02:17.196+0000] {standard_task_runner.py:104} ERROR - Failed to execute job 32 for task run_dbt_all (Bash command failed. The command returned a non-zero exit code 1.; 6669)
[2025-12-24T11:02:17.210+0000] {local_task_job_runner.py:228} INFO - Task exited with return code 1
[2025-12-24T11:02:17.241+0000] {taskinstance.py:2778} INFO - 0 downstream tasks scheduled from follow-on schedule check
