[2025-12-23T17:09:00.305+0000] {taskinstance.py:1159} INFO - Dependencies all met for dep_context=non-requeueable deps ti=<TaskInstance: cbr_metals_daily_etl.run_dbt_transform scheduled__2025-12-22T13:00:00+00:00 [queued]>
[2025-12-23T17:09:00.313+0000] {taskinstance.py:1159} INFO - Dependencies all met for dep_context=requeueable deps ti=<TaskInstance: cbr_metals_daily_etl.run_dbt_transform scheduled__2025-12-22T13:00:00+00:00 [queued]>
[2025-12-23T17:09:00.314+0000] {taskinstance.py:1361} INFO - Starting attempt 2 of 2
[2025-12-23T17:09:00.327+0000] {taskinstance.py:1382} INFO - Executing <Task(BashOperator): run_dbt_transform> on 2025-12-22 13:00:00+00:00
[2025-12-23T17:09:00.333+0000] {standard_task_runner.py:57} INFO - Started process 1138 to run task
[2025-12-23T17:09:00.337+0000] {standard_task_runner.py:84} INFO - Running: ['airflow', 'tasks', 'run', 'cbr_metals_daily_etl', 'run_dbt_transform', 'scheduled__2025-12-22T13:00:00+00:00', '--job-id', '14', '--raw', '--subdir', 'DAGS_FOLDER/cbr_metals_daily_etl.py', '--cfg-path', '/tmp/tmp3c7o4ogp']
[2025-12-23T17:09:00.340+0000] {standard_task_runner.py:85} INFO - Job 14: Subtask run_dbt_transform
[2025-12-23T17:09:00.401+0000] {task_command.py:416} INFO - Running <TaskInstance: cbr_metals_daily_etl.run_dbt_transform scheduled__2025-12-22T13:00:00+00:00 [running]> on host e5028d07572a
[2025-12-23T17:09:00.485+0000] {taskinstance.py:1662} INFO - Exporting env vars: AIRFLOW_CTX_DAG_OWNER='biggy' AIRFLOW_CTX_DAG_ID='cbr_metals_daily_etl' AIRFLOW_CTX_TASK_ID='run_dbt_transform' AIRFLOW_CTX_EXECUTION_DATE='2025-12-22T13:00:00+00:00' AIRFLOW_CTX_TRY_NUMBER='2' AIRFLOW_CTX_DAG_RUN_ID='scheduled__2025-12-22T13:00:00+00:00'
[2025-12-23T17:09:00.486+0000] {subprocess.py:63} INFO - Tmp dir root location: /tmp
[2025-12-23T17:09:00.486+0000] {subprocess.py:75} INFO - Running command: ['/bin/bash', '-c', 'cd /usr/app && dbt run --profiles-dir .']
[2025-12-23T17:09:00.499+0000] {subprocess.py:86} INFO - Output:
[2025-12-23T17:09:00.501+0000] {subprocess.py:93} INFO - /bin/bash: line 1: cd: /usr/app: No such file or directory
[2025-12-23T17:09:00.501+0000] {subprocess.py:97} INFO - Command exited with return code 1
[2025-12-23T17:09:00.514+0000] {taskinstance.py:1937} ERROR - Task failed with exception
Traceback (most recent call last):
  File "/home/airflow/.local/lib/python3.8/site-packages/airflow/operators/bash.py", line 210, in execute
    raise AirflowException(
airflow.exceptions.AirflowException: Bash command failed. The command returned a non-zero exit code 1.
[2025-12-23T17:09:00.518+0000] {taskinstance.py:1400} INFO - Marking task as FAILED. dag_id=cbr_metals_daily_etl, task_id=run_dbt_transform, execution_date=20251222T130000, start_date=20251223T170900, end_date=20251223T170900
[2025-12-23T17:09:00.536+0000] {standard_task_runner.py:104} ERROR - Failed to execute job 14 for task run_dbt_transform (Bash command failed. The command returned a non-zero exit code 1.; 1138)
[2025-12-23T17:09:00.549+0000] {local_task_job_runner.py:228} INFO - Task exited with return code 1
[2025-12-23T17:09:00.574+0000] {taskinstance.py:2778} INFO - 0 downstream tasks scheduled from follow-on schedule check
