[2026-01-12T14:17:40.633+0000] {taskinstance.py:1159} INFO - Dependencies all met for dep_context=non-requeueable deps ti=<TaskInstance: cbr_metals_daily_etl_final.run_dbt_all manual__2026-01-12T14:11:36.613244+00:00 [queued]>
[2026-01-12T14:17:40.639+0000] {taskinstance.py:1159} INFO - Dependencies all met for dep_context=requeueable deps ti=<TaskInstance: cbr_metals_daily_etl_final.run_dbt_all manual__2026-01-12T14:11:36.613244+00:00 [queued]>
[2026-01-12T14:17:40.639+0000] {taskinstance.py:1361} INFO - Starting attempt 4 of 4
[2026-01-12T14:17:40.649+0000] {taskinstance.py:1382} INFO - Executing <Task(BashOperator): run_dbt_all> on 2026-01-12 14:11:36.613244+00:00
[2026-01-12T14:17:40.655+0000] {standard_task_runner.py:57} INFO - Started process 268 to run task
[2026-01-12T14:17:40.658+0000] {standard_task_runner.py:84} INFO - Running: ['airflow', 'tasks', 'run', 'cbr_metals_daily_etl_final', 'run_dbt_all', 'manual__2026-01-12T14:11:36.613244+00:00', '--job-id', '138', '--raw', '--subdir', 'DAGS_FOLDER/cbr_metals_daily_etl_final.py', '--cfg-path', '/tmp/tmpqd3nlosl']
[2026-01-12T14:17:40.660+0000] {standard_task_runner.py:85} INFO - Job 138: Subtask run_dbt_all
[2026-01-12T14:17:40.699+0000] {task_command.py:416} INFO - Running <TaskInstance: cbr_metals_daily_etl_final.run_dbt_all manual__2026-01-12T14:11:36.613244+00:00 [running]> on host 5b3d2db8963f
[2026-01-12T14:17:40.763+0000] {taskinstance.py:1662} INFO - Exporting env vars: AIRFLOW_CTX_DAG_OWNER='biggy' AIRFLOW_CTX_DAG_ID='cbr_metals_daily_etl_final' AIRFLOW_CTX_TASK_ID='run_dbt_all' AIRFLOW_CTX_EXECUTION_DATE='2026-01-12T14:11:36.613244+00:00' AIRFLOW_CTX_TRY_NUMBER='4' AIRFLOW_CTX_DAG_RUN_ID='manual__2026-01-12T14:11:36.613244+00:00'
[2026-01-12T14:17:40.764+0000] {subprocess.py:63} INFO - Tmp dir root location: /tmp
[2026-01-12T14:17:40.764+0000] {subprocess.py:75} INFO - Running command: ['/bin/bash', '-c', 'docker exec --user root dbt bash -c "cd /usr/app && dbt run --profiles-dir . && dbt test --profiles-dir ."']
[2026-01-12T14:17:40.775+0000] {subprocess.py:86} INFO - Output:
[2026-01-12T14:17:40.790+0000] {subprocess.py:93} INFO - permission denied while trying to connect to the docker API at unix:///var/run/docker.sock
[2026-01-12T14:17:40.791+0000] {subprocess.py:97} INFO - Command exited with return code 1
[2026-01-12T14:17:40.802+0000] {taskinstance.py:1937} ERROR - Task failed with exception
Traceback (most recent call last):
  File "/home/airflow/.local/lib/python3.8/site-packages/airflow/operators/bash.py", line 210, in execute
    raise AirflowException(
airflow.exceptions.AirflowException: Bash command failed. The command returned a non-zero exit code 1.
[2026-01-12T14:17:40.804+0000] {taskinstance.py:1400} INFO - Marking task as FAILED. dag_id=cbr_metals_daily_etl_final, task_id=run_dbt_all, execution_date=20260112T141136, start_date=20260112T141740, end_date=20260112T141740
[2026-01-12T14:17:40.821+0000] {standard_task_runner.py:104} ERROR - Failed to execute job 138 for task run_dbt_all (Bash command failed. The command returned a non-zero exit code 1.; 268)
[2026-01-12T14:17:40.829+0000] {local_task_job_runner.py:228} INFO - Task exited with return code 1
[2026-01-12T14:17:40.848+0000] {taskinstance.py:2778} INFO - 0 downstream tasks scheduled from follow-on schedule check
