[2026-01-12T06:18:47.554+0000] {taskinstance.py:1159} INFO - Dependencies all met for dep_context=non-requeueable deps ti=<TaskInstance: cbr_metals_daily_etl_final.run_dbt_all scheduled__2026-01-10T07:30:00+00:00 [queued]>
[2026-01-12T06:18:47.559+0000] {taskinstance.py:1159} INFO - Dependencies all met for dep_context=requeueable deps ti=<TaskInstance: cbr_metals_daily_etl_final.run_dbt_all scheduled__2026-01-10T07:30:00+00:00 [queued]>
[2026-01-12T06:18:47.560+0000] {taskinstance.py:1361} INFO - Starting attempt 3 of 4
[2026-01-12T06:18:47.568+0000] {taskinstance.py:1382} INFO - Executing <Task(BashOperator): run_dbt_all> on 2026-01-10 07:30:00+00:00
[2026-01-12T06:18:47.573+0000] {standard_task_runner.py:57} INFO - Started process 363 to run task
[2026-01-12T06:18:47.577+0000] {standard_task_runner.py:84} INFO - Running: ['airflow', 'tasks', 'run', 'cbr_metals_daily_etl_final', 'run_dbt_all', 'scheduled__2026-01-10T07:30:00+00:00', '--job-id', '117', '--raw', '--subdir', 'DAGS_FOLDER/cbr_metals_daily_etl_final.py', '--cfg-path', '/tmp/tmphot5x_m1']
[2026-01-12T06:18:47.581+0000] {standard_task_runner.py:85} INFO - Job 117: Subtask run_dbt_all
[2026-01-12T06:18:47.642+0000] {task_command.py:416} INFO - Running <TaskInstance: cbr_metals_daily_etl_final.run_dbt_all scheduled__2026-01-10T07:30:00+00:00 [running]> on host 285656f0f4ad
[2026-01-12T06:18:47.724+0000] {taskinstance.py:1662} INFO - Exporting env vars: AIRFLOW_CTX_DAG_OWNER='biggy' AIRFLOW_CTX_DAG_ID='cbr_metals_daily_etl_final' AIRFLOW_CTX_TASK_ID='run_dbt_all' AIRFLOW_CTX_EXECUTION_DATE='2026-01-10T07:30:00+00:00' AIRFLOW_CTX_TRY_NUMBER='3' AIRFLOW_CTX_DAG_RUN_ID='scheduled__2026-01-10T07:30:00+00:00'
[2026-01-12T06:18:47.725+0000] {subprocess.py:63} INFO - Tmp dir root location: /tmp
[2026-01-12T06:18:47.725+0000] {subprocess.py:75} INFO - Running command: ['/bin/bash', '-c', 'docker exec -i dbt bash -c "cd /usr/app && dbt run --profiles-dir . && dbt test --profiles-dir ."']
[2026-01-12T06:18:47.734+0000] {subprocess.py:86} INFO - Output:
[2026-01-12T06:18:47.754+0000] {subprocess.py:93} INFO - permission denied while trying to connect to the docker API at unix:///var/run/docker.sock
[2026-01-12T06:18:47.756+0000] {subprocess.py:97} INFO - Command exited with return code 1
[2026-01-12T06:18:47.767+0000] {taskinstance.py:1937} ERROR - Task failed with exception
Traceback (most recent call last):
  File "/home/airflow/.local/lib/python3.8/site-packages/airflow/operators/bash.py", line 210, in execute
    raise AirflowException(
airflow.exceptions.AirflowException: Bash command failed. The command returned a non-zero exit code 1.
[2026-01-12T06:18:47.770+0000] {taskinstance.py:1400} INFO - Marking task as UP_FOR_RETRY. dag_id=cbr_metals_daily_etl_final, task_id=run_dbt_all, execution_date=20260110T073000, start_date=20260112T061847, end_date=20260112T061847
[2026-01-12T06:18:47.793+0000] {standard_task_runner.py:104} ERROR - Failed to execute job 117 for task run_dbt_all (Bash command failed. The command returned a non-zero exit code 1.; 363)
[2026-01-12T06:18:47.830+0000] {local_task_job_runner.py:228} INFO - Task exited with return code 1
[2026-01-12T06:18:47.848+0000] {taskinstance.py:2778} INFO - 0 downstream tasks scheduled from follow-on schedule check
