[2025-12-23T16:14:52.899+0000] {taskinstance.py:1159} INFO - Dependencies all met for dep_context=non-requeueable deps ti=<TaskInstance: cbr_metals_daily_pipeline.run_dbt_transform scheduled__2025-12-22T12:00:00+00:00 [queued]>
[2025-12-23T16:14:52.909+0000] {taskinstance.py:1159} INFO - Dependencies all met for dep_context=requeueable deps ti=<TaskInstance: cbr_metals_daily_pipeline.run_dbt_transform scheduled__2025-12-22T12:00:00+00:00 [queued]>
[2025-12-23T16:14:52.909+0000] {taskinstance.py:1361} INFO - Starting attempt 1 of 3
[2025-12-23T16:14:52.923+0000] {taskinstance.py:1382} INFO - Executing <Task(BashOperator): run_dbt_transform> on 2025-12-22 12:00:00+00:00
[2025-12-23T16:14:52.929+0000] {standard_task_runner.py:57} INFO - Started process 1493 to run task
[2025-12-23T16:14:52.933+0000] {standard_task_runner.py:84} INFO - Running: ['airflow', 'tasks', 'run', 'cbr_metals_daily_pipeline', 'run_dbt_transform', 'scheduled__2025-12-22T12:00:00+00:00', '--job-id', '7', '--raw', '--subdir', 'DAGS_FOLDER/cbr_metals_pipeline.py', '--cfg-path', '/tmp/tmp5nj4nrz5']
[2025-12-23T16:14:52.936+0000] {standard_task_runner.py:85} INFO - Job 7: Subtask run_dbt_transform
[2025-12-23T16:14:52.994+0000] {task_command.py:416} INFO - Running <TaskInstance: cbr_metals_daily_pipeline.run_dbt_transform scheduled__2025-12-22T12:00:00+00:00 [running]> on host 3756aa7279e8
[2025-12-23T16:14:53.139+0000] {taskinstance.py:1662} INFO - Exporting env vars: AIRFLOW_CTX_DAG_OWNER='biggy' AIRFLOW_CTX_DAG_ID='cbr_metals_daily_pipeline' AIRFLOW_CTX_TASK_ID='run_dbt_transform' AIRFLOW_CTX_EXECUTION_DATE='2025-12-22T12:00:00+00:00' AIRFLOW_CTX_TRY_NUMBER='1' AIRFLOW_CTX_DAG_RUN_ID='scheduled__2025-12-22T12:00:00+00:00'
[2025-12-23T16:14:53.140+0000] {subprocess.py:63} INFO - Tmp dir root location: /tmp
[2025-12-23T16:14:53.140+0000] {subprocess.py:75} INFO - Running command: ['/bin/bash', '-c', 'cd /usr/app && dbt run --profiles-dir .']
[2025-12-23T16:14:53.152+0000] {subprocess.py:86} INFO - Output:
[2025-12-23T16:14:53.168+0000] {subprocess.py:93} INFO - /bin/bash: line 1: cd: /usr/app: No such file or directory
[2025-12-23T16:14:53.168+0000] {subprocess.py:97} INFO - Command exited with return code 1
[2025-12-23T16:14:53.180+0000] {taskinstance.py:1937} ERROR - Task failed with exception
Traceback (most recent call last):
  File "/home/airflow/.local/lib/python3.8/site-packages/airflow/operators/bash.py", line 210, in execute
    raise AirflowException(
airflow.exceptions.AirflowException: Bash command failed. The command returned a non-zero exit code 1.
[2025-12-23T16:14:53.185+0000] {taskinstance.py:1400} INFO - Marking task as UP_FOR_RETRY. dag_id=cbr_metals_daily_pipeline, task_id=run_dbt_transform, execution_date=20251222T120000, start_date=20251223T161452, end_date=20251223T161453
[2025-12-23T16:14:53.248+0000] {standard_task_runner.py:104} ERROR - Failed to execute job 7 for task run_dbt_transform (Bash command failed. The command returned a non-zero exit code 1.; 1493)
[2025-12-23T16:14:53.265+0000] {local_task_job_runner.py:228} INFO - Task exited with return code 1
[2025-12-23T16:14:53.290+0000] {taskinstance.py:2778} INFO - 0 downstream tasks scheduled from follow-on schedule check
