[2025-12-24T07:27:57.989+0000] {taskinstance.py:1159} INFO - Dependencies all met for dep_context=non-requeueable deps ti=<TaskInstance: cbr_metals_daily_pipeline_v2.run_dbt_transform scheduled__2025-12-22T13:00:00+00:00 [queued]>
[2025-12-24T07:27:57.997+0000] {taskinstance.py:1159} INFO - Dependencies all met for dep_context=requeueable deps ti=<TaskInstance: cbr_metals_daily_pipeline_v2.run_dbt_transform scheduled__2025-12-22T13:00:00+00:00 [queued]>
[2025-12-24T07:27:57.998+0000] {taskinstance.py:1361} INFO - Starting attempt 2 of 2
[2025-12-24T07:27:58.072+0000] {taskinstance.py:1382} INFO - Executing <Task(BashOperator): run_dbt_transform> on 2025-12-22 13:00:00+00:00
[2025-12-24T07:27:58.078+0000] {standard_task_runner.py:57} INFO - Started process 249 to run task
[2025-12-24T07:27:58.082+0000] {standard_task_runner.py:84} INFO - Running: ['airflow', 'tasks', 'run', 'cbr_metals_daily_pipeline_v2', 'run_dbt_transform', 'scheduled__2025-12-22T13:00:00+00:00', '--job-id', '19', '--raw', '--subdir', 'DAGS_FOLDER/cbr_metals_daily_pipeline_v2.py', '--cfg-path', '/tmp/tmpt8pc1m0p']
[2025-12-24T07:27:58.085+0000] {standard_task_runner.py:85} INFO - Job 19: Subtask run_dbt_transform
[2025-12-24T07:27:58.146+0000] {task_command.py:416} INFO - Running <TaskInstance: cbr_metals_daily_pipeline_v2.run_dbt_transform scheduled__2025-12-22T13:00:00+00:00 [running]> on host 892e78824907
[2025-12-24T07:27:58.232+0000] {taskinstance.py:1662} INFO - Exporting env vars: AIRFLOW_CTX_DAG_OWNER='biggy' AIRFLOW_CTX_DAG_ID='cbr_metals_daily_pipeline_v2' AIRFLOW_CTX_TASK_ID='run_dbt_transform' AIRFLOW_CTX_EXECUTION_DATE='2025-12-22T13:00:00+00:00' AIRFLOW_CTX_TRY_NUMBER='2' AIRFLOW_CTX_DAG_RUN_ID='scheduled__2025-12-22T13:00:00+00:00'
[2025-12-24T07:27:58.233+0000] {subprocess.py:63} INFO - Tmp dir root location: /tmp
[2025-12-24T07:27:58.233+0000] {subprocess.py:75} INFO - Running command: ['/bin/bash', '-c', 'cd /usr/app && dbt run --profiles-dir .']
[2025-12-24T07:27:58.245+0000] {subprocess.py:86} INFO - Output:
[2025-12-24T07:27:58.247+0000] {subprocess.py:93} INFO - /bin/bash: line 1: cd: /usr/app: No such file or directory
[2025-12-24T07:27:58.248+0000] {subprocess.py:97} INFO - Command exited with return code 1
[2025-12-24T07:27:58.260+0000] {taskinstance.py:1937} ERROR - Task failed with exception
Traceback (most recent call last):
  File "/home/airflow/.local/lib/python3.8/site-packages/airflow/operators/bash.py", line 210, in execute
    raise AirflowException(
airflow.exceptions.AirflowException: Bash command failed. The command returned a non-zero exit code 1.
[2025-12-24T07:27:58.265+0000] {taskinstance.py:1400} INFO - Marking task as FAILED. dag_id=cbr_metals_daily_pipeline_v2, task_id=run_dbt_transform, execution_date=20251222T130000, start_date=20251224T072757, end_date=20251224T072758
[2025-12-24T07:27:58.279+0000] {standard_task_runner.py:104} ERROR - Failed to execute job 19 for task run_dbt_transform (Bash command failed. The command returned a non-zero exit code 1.; 249)
[2025-12-24T07:27:58.293+0000] {local_task_job_runner.py:228} INFO - Task exited with return code 1
[2025-12-24T07:27:58.320+0000] {taskinstance.py:2778} INFO - 0 downstream tasks scheduled from follow-on schedule check
