[2025-12-23T17:10:36.813+0000] {taskinstance.py:1159} INFO - Dependencies all met for dep_context=non-requeueable deps ti=<TaskInstance: cbr_metals_daily_etl.run_dbt_transform manual__2025-12-23T17:00:00+00:00 [queued]>
[2025-12-23T17:10:36.822+0000] {taskinstance.py:1159} INFO - Dependencies all met for dep_context=requeueable deps ti=<TaskInstance: cbr_metals_daily_etl.run_dbt_transform manual__2025-12-23T17:00:00+00:00 [queued]>
[2025-12-23T17:10:36.823+0000] {taskinstance.py:1361} INFO - Starting attempt 2 of 2
[2025-12-23T17:10:36.840+0000] {taskinstance.py:1382} INFO - Executing <Task(BashOperator): run_dbt_transform> on 2025-12-23 17:00:00+00:00
[2025-12-23T17:10:36.846+0000] {standard_task_runner.py:57} INFO - Started process 1196 to run task
[2025-12-23T17:10:36.850+0000] {standard_task_runner.py:84} INFO - Running: ['airflow', 'tasks', 'run', 'cbr_metals_daily_etl', 'run_dbt_transform', 'manual__2025-12-23T17:00:00+00:00', '--job-id', '15', '--raw', '--subdir', 'DAGS_FOLDER/cbr_metals_daily_etl.py', '--cfg-path', '/tmp/tmp367sh2b1']
[2025-12-23T17:10:36.853+0000] {standard_task_runner.py:85} INFO - Job 15: Subtask run_dbt_transform
[2025-12-23T17:10:36.912+0000] {task_command.py:416} INFO - Running <TaskInstance: cbr_metals_daily_etl.run_dbt_transform manual__2025-12-23T17:00:00+00:00 [running]> on host e5028d07572a
[2025-12-23T17:10:36.993+0000] {taskinstance.py:1662} INFO - Exporting env vars: AIRFLOW_CTX_DAG_OWNER='biggy' AIRFLOW_CTX_DAG_ID='cbr_metals_daily_etl' AIRFLOW_CTX_TASK_ID='run_dbt_transform' AIRFLOW_CTX_EXECUTION_DATE='2025-12-23T17:00:00+00:00' AIRFLOW_CTX_TRY_NUMBER='2' AIRFLOW_CTX_DAG_RUN_ID='manual__2025-12-23T17:00:00+00:00'
[2025-12-23T17:10:36.994+0000] {subprocess.py:63} INFO - Tmp dir root location: /tmp
[2025-12-23T17:10:36.995+0000] {subprocess.py:75} INFO - Running command: ['/bin/bash', '-c', 'cd /usr/app && dbt run --profiles-dir .']
[2025-12-23T17:10:37.007+0000] {subprocess.py:86} INFO - Output:
[2025-12-23T17:10:37.009+0000] {subprocess.py:93} INFO - /bin/bash: line 1: cd: /usr/app: No such file or directory
[2025-12-23T17:10:37.010+0000] {subprocess.py:97} INFO - Command exited with return code 1
[2025-12-23T17:10:37.023+0000] {taskinstance.py:1937} ERROR - Task failed with exception
Traceback (most recent call last):
  File "/home/airflow/.local/lib/python3.8/site-packages/airflow/operators/bash.py", line 210, in execute
    raise AirflowException(
airflow.exceptions.AirflowException: Bash command failed. The command returned a non-zero exit code 1.
[2025-12-23T17:10:37.026+0000] {taskinstance.py:1400} INFO - Marking task as FAILED. dag_id=cbr_metals_daily_etl, task_id=run_dbt_transform, execution_date=20251223T170000, start_date=20251223T171036, end_date=20251223T171037
[2025-12-23T17:10:37.038+0000] {standard_task_runner.py:104} ERROR - Failed to execute job 15 for task run_dbt_transform (Bash command failed. The command returned a non-zero exit code 1.; 1196)
[2025-12-23T17:10:37.062+0000] {local_task_job_runner.py:228} INFO - Task exited with return code 1
[2025-12-23T17:10:37.090+0000] {taskinstance.py:2778} INFO - 0 downstream tasks scheduled from follow-on schedule check
