[2025-12-24T18:15:05.679+0000] {taskinstance.py:1159} INFO - Dependencies all met for dep_context=non-requeueable deps ti=<TaskInstance: cbr_metals_daily_etl_final.run_dbt_all manual__2025-12-24T18:08:59.963342+00:00 [queued]>
[2025-12-24T18:15:05.688+0000] {taskinstance.py:1159} INFO - Dependencies all met for dep_context=requeueable deps ti=<TaskInstance: cbr_metals_daily_etl_final.run_dbt_all manual__2025-12-24T18:08:59.963342+00:00 [queued]>
[2025-12-24T18:15:05.688+0000] {taskinstance.py:1361} INFO - Starting attempt 4 of 4
[2025-12-24T18:15:05.723+0000] {taskinstance.py:1382} INFO - Executing <Task(BashOperator): run_dbt_all> on 2025-12-24 18:08:59.963342+00:00
[2025-12-24T18:15:05.730+0000] {standard_task_runner.py:57} INFO - Started process 4535 to run task
[2025-12-24T18:15:05.734+0000] {standard_task_runner.py:84} INFO - Running: ['airflow', 'tasks', 'run', 'cbr_metals_daily_etl_final', 'run_dbt_all', 'manual__2025-12-24T18:08:59.963342+00:00', '--job-id', '49', '--raw', '--subdir', 'DAGS_FOLDER/cbr_metals_daily_etl_final.py', '--cfg-path', '/tmp/tmpyrjzps7v']
[2025-12-24T18:15:05.737+0000] {standard_task_runner.py:85} INFO - Job 49: Subtask run_dbt_all
[2025-12-24T18:15:05.798+0000] {task_command.py:416} INFO - Running <TaskInstance: cbr_metals_daily_etl_final.run_dbt_all manual__2025-12-24T18:08:59.963342+00:00 [running]> on host c6a5bd438224
[2025-12-24T18:15:05.914+0000] {taskinstance.py:1662} INFO - Exporting env vars: AIRFLOW_CTX_DAG_OWNER='biggy' AIRFLOW_CTX_DAG_ID='cbr_metals_daily_etl_final' AIRFLOW_CTX_TASK_ID='run_dbt_all' AIRFLOW_CTX_EXECUTION_DATE='2025-12-24T18:08:59.963342+00:00' AIRFLOW_CTX_TRY_NUMBER='4' AIRFLOW_CTX_DAG_RUN_ID='manual__2025-12-24T18:08:59.963342+00:00'
[2025-12-24T18:15:05.915+0000] {subprocess.py:63} INFO - Tmp dir root location: /tmp
[2025-12-24T18:15:05.916+0000] {subprocess.py:75} INFO - Running command: ['/bin/bash', '-c', 'docker exec -i dbt bash -c "cd /usr/app && dbt run --profiles-dir . && dbt test --profiles-dir ."']
[2025-12-24T18:15:05.928+0000] {subprocess.py:86} INFO - Output:
[2025-12-24T18:15:05.944+0000] {subprocess.py:93} INFO - Error response from daemon: client version 1.43 is too old. Minimum supported API version is 1.44, please upgrade your client to a newer version
[2025-12-24T18:15:05.945+0000] {subprocess.py:97} INFO - Command exited with return code 1
[2025-12-24T18:15:05.959+0000] {taskinstance.py:1937} ERROR - Task failed with exception
Traceback (most recent call last):
  File "/home/airflow/.local/lib/python3.8/site-packages/airflow/operators/bash.py", line 210, in execute
    raise AirflowException(
airflow.exceptions.AirflowException: Bash command failed. The command returned a non-zero exit code 1.
[2025-12-24T18:15:05.963+0000] {taskinstance.py:1400} INFO - Marking task as FAILED. dag_id=cbr_metals_daily_etl_final, task_id=run_dbt_all, execution_date=20251224T180859, start_date=20251224T181505, end_date=20251224T181505
[2025-12-24T18:15:05.975+0000] {standard_task_runner.py:104} ERROR - Failed to execute job 49 for task run_dbt_all (Bash command failed. The command returned a non-zero exit code 1.; 4535)
[2025-12-24T18:15:05.986+0000] {local_task_job_runner.py:228} INFO - Task exited with return code 1
[2025-12-24T18:15:06.013+0000] {taskinstance.py:2778} INFO - 0 downstream tasks scheduled from follow-on schedule check
