[2025-12-26T09:07:24.987+0000] {taskinstance.py:1159} INFO - Dependencies all met for dep_context=non-requeueable deps ti=<TaskInstance: cbr_metals_daily_etl_final.run_dbt_all manual__2025-12-26T08:49:52.771331+00:00 [queued]>
[2025-12-26T09:07:24.995+0000] {taskinstance.py:1159} INFO - Dependencies all met for dep_context=requeueable deps ti=<TaskInstance: cbr_metals_daily_etl_final.run_dbt_all manual__2025-12-26T08:49:52.771331+00:00 [queued]>
[2025-12-26T09:07:24.995+0000] {taskinstance.py:1361} INFO - Starting attempt 2 of 4
[2025-12-26T09:07:25.006+0000] {taskinstance.py:1382} INFO - Executing <Task(BashOperator): run_dbt_all> on 2025-12-26 08:49:52.771331+00:00
[2025-12-26T09:07:25.011+0000] {standard_task_runner.py:57} INFO - Started process 293 to run task
[2025-12-26T09:07:25.017+0000] {standard_task_runner.py:84} INFO - Running: ['airflow', 'tasks', 'run', 'cbr_metals_daily_etl_final', 'run_dbt_all', 'manual__2025-12-26T08:49:52.771331+00:00', '--job-id', '108', '--raw', '--subdir', 'DAGS_FOLDER/cbr_metals_daily_etl_final.py', '--cfg-path', '/tmp/tmp4jiisgbx']
[2025-12-26T09:07:25.020+0000] {standard_task_runner.py:85} INFO - Job 108: Subtask run_dbt_all
[2025-12-26T09:07:25.134+0000] {task_command.py:416} INFO - Running <TaskInstance: cbr_metals_daily_etl_final.run_dbt_all manual__2025-12-26T08:49:52.771331+00:00 [running]> on host 285656f0f4ad
[2025-12-26T09:07:25.213+0000] {taskinstance.py:1662} INFO - Exporting env vars: AIRFLOW_CTX_DAG_OWNER='biggy' AIRFLOW_CTX_DAG_ID='cbr_metals_daily_etl_final' AIRFLOW_CTX_TASK_ID='run_dbt_all' AIRFLOW_CTX_EXECUTION_DATE='2025-12-26T08:49:52.771331+00:00' AIRFLOW_CTX_TRY_NUMBER='2' AIRFLOW_CTX_DAG_RUN_ID='manual__2025-12-26T08:49:52.771331+00:00'
[2025-12-26T09:07:25.214+0000] {subprocess.py:63} INFO - Tmp dir root location: /tmp
[2025-12-26T09:07:25.215+0000] {subprocess.py:75} INFO - Running command: ['/bin/bash', '-c', 'docker exec -i dbt bash -c "cd /usr/app && dbt run --profiles-dir . && dbt test --profiles-dir ."']
[2025-12-26T09:07:25.226+0000] {subprocess.py:86} INFO - Output:
[2025-12-26T09:07:25.251+0000] {subprocess.py:93} INFO - permission denied while trying to connect to the docker API at unix:///var/run/docker.sock
[2025-12-26T09:07:25.253+0000] {subprocess.py:97} INFO - Command exited with return code 1
[2025-12-26T09:07:25.267+0000] {taskinstance.py:1937} ERROR - Task failed with exception
Traceback (most recent call last):
  File "/home/airflow/.local/lib/python3.8/site-packages/airflow/operators/bash.py", line 210, in execute
    raise AirflowException(
airflow.exceptions.AirflowException: Bash command failed. The command returned a non-zero exit code 1.
[2025-12-26T09:07:25.270+0000] {taskinstance.py:1400} INFO - Marking task as UP_FOR_RETRY. dag_id=cbr_metals_daily_etl_final, task_id=run_dbt_all, execution_date=20251226T084952, start_date=20251226T090724, end_date=20251226T090725
[2025-12-26T09:07:25.342+0000] {standard_task_runner.py:104} ERROR - Failed to execute job 108 for task run_dbt_all (Bash command failed. The command returned a non-zero exit code 1.; 293)
[2025-12-26T09:07:25.349+0000] {local_task_job_runner.py:228} INFO - Task exited with return code 1
[2025-12-26T09:07:25.372+0000] {taskinstance.py:2778} INFO - 0 downstream tasks scheduled from follow-on schedule check
