[2025-12-26T07:58:57.638+0000] {taskinstance.py:1159} INFO - Dependencies all met for dep_context=non-requeueable deps ti=<TaskInstance: cbr_metals_daily_etl_final.run_dbt_all manual__2025-12-26T07:58:56.027511+00:00 [queued]>
[2025-12-26T07:58:57.643+0000] {taskinstance.py:1159} INFO - Dependencies all met for dep_context=requeueable deps ti=<TaskInstance: cbr_metals_daily_etl_final.run_dbt_all manual__2025-12-26T07:58:56.027511+00:00 [queued]>
[2025-12-26T07:58:57.643+0000] {taskinstance.py:1361} INFO - Starting attempt 1 of 4
[2025-12-26T07:58:57.652+0000] {taskinstance.py:1382} INFO - Executing <Task(BashOperator): run_dbt_all> on 2025-12-26 07:58:56.027511+00:00
[2025-12-26T07:58:57.657+0000] {standard_task_runner.py:57} INFO - Started process 299 to run task
[2025-12-26T07:58:57.659+0000] {standard_task_runner.py:84} INFO - Running: ['airflow', 'tasks', 'run', 'cbr_metals_daily_etl_final', 'run_dbt_all', 'manual__2025-12-26T07:58:56.027511+00:00', '--job-id', '94', '--raw', '--subdir', 'DAGS_FOLDER/cbr_metals_daily_etl_final.py', '--cfg-path', '/tmp/tmprrll4w9s']
[2025-12-26T07:58:57.661+0000] {standard_task_runner.py:85} INFO - Job 94: Subtask run_dbt_all
[2025-12-26T07:58:57.713+0000] {task_command.py:416} INFO - Running <TaskInstance: cbr_metals_daily_etl_final.run_dbt_all manual__2025-12-26T07:58:56.027511+00:00 [running]> on host 8272458e31b1
[2025-12-26T07:58:57.779+0000] {taskinstance.py:1662} INFO - Exporting env vars: AIRFLOW_CTX_DAG_OWNER='biggy' AIRFLOW_CTX_DAG_ID='cbr_metals_daily_etl_final' AIRFLOW_CTX_TASK_ID='run_dbt_all' AIRFLOW_CTX_EXECUTION_DATE='2025-12-26T07:58:56.027511+00:00' AIRFLOW_CTX_TRY_NUMBER='1' AIRFLOW_CTX_DAG_RUN_ID='manual__2025-12-26T07:58:56.027511+00:00'
[2025-12-26T07:58:57.780+0000] {subprocess.py:63} INFO - Tmp dir root location: /tmp
[2025-12-26T07:58:57.780+0000] {subprocess.py:75} INFO - Running command: ['/bin/bash', '-c', 'docker exec -i dbt bash -c "cd /usr/app && dbt run --profiles-dir . && dbt test --profiles-dir ."']
[2025-12-26T07:58:57.789+0000] {subprocess.py:86} INFO - Output:
[2025-12-26T07:58:57.810+0000] {subprocess.py:93} INFO - permission denied while trying to connect to the docker API at unix:///var/run/docker.sock
[2025-12-26T07:58:57.811+0000] {subprocess.py:97} INFO - Command exited with return code 1
[2025-12-26T07:58:57.822+0000] {taskinstance.py:1937} ERROR - Task failed with exception
Traceback (most recent call last):
  File "/home/airflow/.local/lib/python3.8/site-packages/airflow/operators/bash.py", line 210, in execute
    raise AirflowException(
airflow.exceptions.AirflowException: Bash command failed. The command returned a non-zero exit code 1.
[2025-12-26T07:58:57.825+0000] {taskinstance.py:1400} INFO - Marking task as UP_FOR_RETRY. dag_id=cbr_metals_daily_etl_final, task_id=run_dbt_all, execution_date=20251226T075856, start_date=20251226T075857, end_date=20251226T075857
[2025-12-26T07:58:57.833+0000] {standard_task_runner.py:104} ERROR - Failed to execute job 94 for task run_dbt_all (Bash command failed. The command returned a non-zero exit code 1.; 299)
[2025-12-26T07:58:57.871+0000] {local_task_job_runner.py:228} INFO - Task exited with return code 1
[2025-12-26T07:58:57.890+0000] {taskinstance.py:2778} INFO - 0 downstream tasks scheduled from follow-on schedule check
