[2025-12-26T08:00:58.799+0000] {taskinstance.py:1159} INFO - Dependencies all met for dep_context=non-requeueable deps ti=<TaskInstance: cbr_metals_daily_etl_final.run_dbt_all manual__2025-12-26T07:58:56.027511+00:00 [queued]>
[2025-12-26T08:00:58.805+0000] {taskinstance.py:1159} INFO - Dependencies all met for dep_context=requeueable deps ti=<TaskInstance: cbr_metals_daily_etl_final.run_dbt_all manual__2025-12-26T07:58:56.027511+00:00 [queued]>
[2025-12-26T08:00:58.805+0000] {taskinstance.py:1361} INFO - Starting attempt 2 of 4
[2025-12-26T08:00:58.813+0000] {taskinstance.py:1382} INFO - Executing <Task(BashOperator): run_dbt_all> on 2025-12-26 07:58:56.027511+00:00
[2025-12-26T08:00:58.818+0000] {standard_task_runner.py:57} INFO - Started process 371 to run task
[2025-12-26T08:00:58.821+0000] {standard_task_runner.py:84} INFO - Running: ['airflow', 'tasks', 'run', 'cbr_metals_daily_etl_final', 'run_dbt_all', 'manual__2025-12-26T07:58:56.027511+00:00', '--job-id', '95', '--raw', '--subdir', 'DAGS_FOLDER/cbr_metals_daily_etl_final.py', '--cfg-path', '/tmp/tmpe87zvqxn']
[2025-12-26T08:00:58.823+0000] {standard_task_runner.py:85} INFO - Job 95: Subtask run_dbt_all
[2025-12-26T08:00:58.861+0000] {task_command.py:416} INFO - Running <TaskInstance: cbr_metals_daily_etl_final.run_dbt_all manual__2025-12-26T07:58:56.027511+00:00 [running]> on host 8272458e31b1
[2025-12-26T08:00:58.921+0000] {taskinstance.py:1662} INFO - Exporting env vars: AIRFLOW_CTX_DAG_OWNER='biggy' AIRFLOW_CTX_DAG_ID='cbr_metals_daily_etl_final' AIRFLOW_CTX_TASK_ID='run_dbt_all' AIRFLOW_CTX_EXECUTION_DATE='2025-12-26T07:58:56.027511+00:00' AIRFLOW_CTX_TRY_NUMBER='2' AIRFLOW_CTX_DAG_RUN_ID='manual__2025-12-26T07:58:56.027511+00:00'
[2025-12-26T08:00:58.922+0000] {subprocess.py:63} INFO - Tmp dir root location: /tmp
[2025-12-26T08:00:58.922+0000] {subprocess.py:75} INFO - Running command: ['/bin/bash', '-c', 'docker exec -i dbt bash -c "cd /usr/app && dbt run --profiles-dir . && dbt test --profiles-dir ."']
[2025-12-26T08:00:58.931+0000] {subprocess.py:86} INFO - Output:
[2025-12-26T08:00:58.947+0000] {subprocess.py:93} INFO - permission denied while trying to connect to the docker API at unix:///var/run/docker.sock
[2025-12-26T08:00:58.948+0000] {subprocess.py:97} INFO - Command exited with return code 1
[2025-12-26T08:00:58.959+0000] {taskinstance.py:1937} ERROR - Task failed with exception
Traceback (most recent call last):
  File "/home/airflow/.local/lib/python3.8/site-packages/airflow/operators/bash.py", line 210, in execute
    raise AirflowException(
airflow.exceptions.AirflowException: Bash command failed. The command returned a non-zero exit code 1.
[2025-12-26T08:00:58.961+0000] {taskinstance.py:1400} INFO - Marking task as UP_FOR_RETRY. dag_id=cbr_metals_daily_etl_final, task_id=run_dbt_all, execution_date=20251226T075856, start_date=20251226T080058, end_date=20251226T080058
[2025-12-26T08:00:58.976+0000] {standard_task_runner.py:104} ERROR - Failed to execute job 95 for task run_dbt_all (Bash command failed. The command returned a non-zero exit code 1.; 371)
[2025-12-26T08:00:58.993+0000] {local_task_job_runner.py:228} INFO - Task exited with return code 1
[2025-12-26T08:00:59.011+0000] {taskinstance.py:2778} INFO - 0 downstream tasks scheduled from follow-on schedule check
