[2025-12-26T08:05:01.052+0000] {taskinstance.py:1159} INFO - Dependencies all met for dep_context=non-requeueable deps ti=<TaskInstance: cbr_metals_daily_etl_final.run_dbt_all manual__2025-12-26T07:58:56.027511+00:00 [queued]>
[2025-12-26T08:05:01.058+0000] {taskinstance.py:1159} INFO - Dependencies all met for dep_context=requeueable deps ti=<TaskInstance: cbr_metals_daily_etl_final.run_dbt_all manual__2025-12-26T07:58:56.027511+00:00 [queued]>
[2025-12-26T08:05:01.058+0000] {taskinstance.py:1361} INFO - Starting attempt 4 of 4
[2025-12-26T08:05:01.087+0000] {taskinstance.py:1382} INFO - Executing <Task(BashOperator): run_dbt_all> on 2025-12-26 07:58:56.027511+00:00
[2025-12-26T08:05:01.092+0000] {standard_task_runner.py:57} INFO - Started process 516 to run task
[2025-12-26T08:05:01.095+0000] {standard_task_runner.py:84} INFO - Running: ['airflow', 'tasks', 'run', 'cbr_metals_daily_etl_final', 'run_dbt_all', 'manual__2025-12-26T07:58:56.027511+00:00', '--job-id', '97', '--raw', '--subdir', 'DAGS_FOLDER/cbr_metals_daily_etl_final.py', '--cfg-path', '/tmp/tmpogubdiyg']
[2025-12-26T08:05:01.097+0000] {standard_task_runner.py:85} INFO - Job 97: Subtask run_dbt_all
[2025-12-26T08:05:01.147+0000] {task_command.py:416} INFO - Running <TaskInstance: cbr_metals_daily_etl_final.run_dbt_all manual__2025-12-26T07:58:56.027511+00:00 [running]> on host 8272458e31b1
[2025-12-26T08:05:01.229+0000] {taskinstance.py:1662} INFO - Exporting env vars: AIRFLOW_CTX_DAG_OWNER='biggy' AIRFLOW_CTX_DAG_ID='cbr_metals_daily_etl_final' AIRFLOW_CTX_TASK_ID='run_dbt_all' AIRFLOW_CTX_EXECUTION_DATE='2025-12-26T07:58:56.027511+00:00' AIRFLOW_CTX_TRY_NUMBER='4' AIRFLOW_CTX_DAG_RUN_ID='manual__2025-12-26T07:58:56.027511+00:00'
[2025-12-26T08:05:01.229+0000] {subprocess.py:63} INFO - Tmp dir root location: /tmp
[2025-12-26T08:05:01.230+0000] {subprocess.py:75} INFO - Running command: ['/bin/bash', '-c', 'docker exec -i dbt bash -c "cd /usr/app && dbt run --profiles-dir . && dbt test --profiles-dir ."']
[2025-12-26T08:05:01.239+0000] {subprocess.py:86} INFO - Output:
[2025-12-26T08:05:01.254+0000] {subprocess.py:93} INFO - permission denied while trying to connect to the docker API at unix:///var/run/docker.sock
[2025-12-26T08:05:01.256+0000] {subprocess.py:97} INFO - Command exited with return code 1
[2025-12-26T08:05:01.266+0000] {taskinstance.py:1937} ERROR - Task failed with exception
Traceback (most recent call last):
  File "/home/airflow/.local/lib/python3.8/site-packages/airflow/operators/bash.py", line 210, in execute
    raise AirflowException(
airflow.exceptions.AirflowException: Bash command failed. The command returned a non-zero exit code 1.
[2025-12-26T08:05:01.269+0000] {taskinstance.py:1400} INFO - Marking task as FAILED. dag_id=cbr_metals_daily_etl_final, task_id=run_dbt_all, execution_date=20251226T075856, start_date=20251226T080501, end_date=20251226T080501
[2025-12-26T08:05:01.289+0000] {standard_task_runner.py:104} ERROR - Failed to execute job 97 for task run_dbt_all (Bash command failed. The command returned a non-zero exit code 1.; 516)
[2025-12-26T08:05:01.306+0000] {local_task_job_runner.py:228} INFO - Task exited with return code 1
[2025-12-26T08:05:01.325+0000] {taskinstance.py:2778} INFO - 0 downstream tasks scheduled from follow-on schedule check
