[2026-01-12T08:27:12.504+0000] {taskinstance.py:1159} INFO - Dependencies all met for dep_context=non-requeueable deps ti=<TaskInstance: cbr_metals_daily_etl_final.run_dbt_all scheduled__2026-01-11T07:30:00+00:00 [queued]>
[2026-01-12T08:27:12.522+0000] {taskinstance.py:1159} INFO - Dependencies all met for dep_context=requeueable deps ti=<TaskInstance: cbr_metals_daily_etl_final.run_dbt_all scheduled__2026-01-11T07:30:00+00:00 [queued]>
[2026-01-12T08:27:12.522+0000] {taskinstance.py:1361} INFO - Starting attempt 3 of 4
[2026-01-12T08:27:12.543+0000] {taskinstance.py:1382} INFO - Executing <Task(BashOperator): run_dbt_all> on 2026-01-11 07:30:00+00:00
[2026-01-12T08:27:12.556+0000] {standard_task_runner.py:57} INFO - Started process 349 to run task
[2026-01-12T08:27:12.560+0000] {standard_task_runner.py:84} INFO - Running: ['airflow', 'tasks', 'run', 'cbr_metals_daily_etl_final', 'run_dbt_all', 'scheduled__2026-01-11T07:30:00+00:00', '--job-id', '125', '--raw', '--subdir', 'DAGS_FOLDER/cbr_metals_daily_etl_final.py', '--cfg-path', '/tmp/tmppfuqdxfd']
[2026-01-12T08:27:12.564+0000] {standard_task_runner.py:85} INFO - Job 125: Subtask run_dbt_all
[2026-01-12T08:27:12.645+0000] {task_command.py:416} INFO - Running <TaskInstance: cbr_metals_daily_etl_final.run_dbt_all scheduled__2026-01-11T07:30:00+00:00 [running]> on host 5b3d2db8963f
[2026-01-12T08:27:12.797+0000] {taskinstance.py:1662} INFO - Exporting env vars: AIRFLOW_CTX_DAG_OWNER='biggy' AIRFLOW_CTX_DAG_ID='cbr_metals_daily_etl_final' AIRFLOW_CTX_TASK_ID='run_dbt_all' AIRFLOW_CTX_EXECUTION_DATE='2026-01-11T07:30:00+00:00' AIRFLOW_CTX_TRY_NUMBER='3' AIRFLOW_CTX_DAG_RUN_ID='scheduled__2026-01-11T07:30:00+00:00'
[2026-01-12T08:27:12.798+0000] {subprocess.py:63} INFO - Tmp dir root location: /tmp
[2026-01-12T08:27:12.799+0000] {subprocess.py:75} INFO - Running command: ['/bin/bash', '-c', 'docker exec -i dbt bash -c "cd /usr/app && dbt run --profiles-dir . && dbt test --profiles-dir ."']
[2026-01-12T08:27:12.822+0000] {subprocess.py:86} INFO - Output:
[2026-01-12T08:27:12.848+0000] {subprocess.py:93} INFO - permission denied while trying to connect to the docker API at unix:///var/run/docker.sock
[2026-01-12T08:27:12.850+0000] {subprocess.py:97} INFO - Command exited with return code 1
[2026-01-12T08:27:12.877+0000] {taskinstance.py:1937} ERROR - Task failed with exception
Traceback (most recent call last):
  File "/home/airflow/.local/lib/python3.8/site-packages/airflow/operators/bash.py", line 210, in execute
    raise AirflowException(
airflow.exceptions.AirflowException: Bash command failed. The command returned a non-zero exit code 1.
[2026-01-12T08:27:12.886+0000] {taskinstance.py:1400} INFO - Marking task as UP_FOR_RETRY. dag_id=cbr_metals_daily_etl_final, task_id=run_dbt_all, execution_date=20260111T073000, start_date=20260112T082712, end_date=20260112T082712
[2026-01-12T08:27:12.908+0000] {standard_task_runner.py:104} ERROR - Failed to execute job 125 for task run_dbt_all (Bash command failed. The command returned a non-zero exit code 1.; 349)
[2026-01-12T08:27:12.933+0000] {local_task_job_runner.py:228} INFO - Task exited with return code 1
[2026-01-12T08:27:12.969+0000] {taskinstance.py:2778} INFO - 0 downstream tasks scheduled from follow-on schedule check
