[2025-12-24T10:34:11.874+0000] {taskinstance.py:1159} INFO - Dependencies all met for dep_context=non-requeueable deps ti=<TaskInstance: cbr_metals_daily_etl_v2.run_dbt_staging manual__2025-12-24T10:29:08.658010+00:00 [queued]>
[2025-12-24T10:34:11.883+0000] {taskinstance.py:1159} INFO - Dependencies all met for dep_context=requeueable deps ti=<TaskInstance: cbr_metals_daily_etl_v2.run_dbt_staging manual__2025-12-24T10:29:08.658010+00:00 [queued]>
[2025-12-24T10:34:11.883+0000] {taskinstance.py:1361} INFO - Starting attempt 2 of 2
[2025-12-24T10:34:11.896+0000] {taskinstance.py:1382} INFO - Executing <Task(BashOperator): run_dbt_staging> on 2025-12-24 10:29:08.658010+00:00
[2025-12-24T10:34:11.902+0000] {standard_task_runner.py:57} INFO - Started process 5943 to run task
[2025-12-24T10:34:11.905+0000] {standard_task_runner.py:84} INFO - Running: ['airflow', 'tasks', 'run', 'cbr_metals_daily_etl_v2', 'run_dbt_staging', 'manual__2025-12-24T10:29:08.658010+00:00', '--job-id', '25', '--raw', '--subdir', 'DAGS_FOLDER/cbr_metals_daily_etl_v2.py', '--cfg-path', '/tmp/tmpgtp8mbjg']
[2025-12-24T10:34:11.908+0000] {standard_task_runner.py:85} INFO - Job 25: Subtask run_dbt_staging
[2025-12-24T10:34:11.963+0000] {task_command.py:416} INFO - Running <TaskInstance: cbr_metals_daily_etl_v2.run_dbt_staging manual__2025-12-24T10:29:08.658010+00:00 [running]> on host 892e78824907
[2025-12-24T10:34:12.043+0000] {taskinstance.py:1662} INFO - Exporting env vars: AIRFLOW_CTX_DAG_OWNER='biggy' AIRFLOW_CTX_DAG_ID='cbr_metals_daily_etl_v2' AIRFLOW_CTX_TASK_ID='run_dbt_staging' AIRFLOW_CTX_EXECUTION_DATE='2025-12-24T10:29:08.658010+00:00' AIRFLOW_CTX_TRY_NUMBER='2' AIRFLOW_CTX_DAG_RUN_ID='manual__2025-12-24T10:29:08.658010+00:00'
[2025-12-24T10:34:12.045+0000] {subprocess.py:63} INFO - Tmp dir root location: /tmp
[2025-12-24T10:34:12.045+0000] {subprocess.py:75} INFO - Running command: ['/bin/bash', '-c', 'cd /usr/app && dbt run --models staging.* --profiles-dir .']
[2025-12-24T10:34:12.057+0000] {subprocess.py:86} INFO - Output:
[2025-12-24T10:34:12.059+0000] {subprocess.py:93} INFO - /bin/bash: line 1: cd: /usr/app: No such file or directory
[2025-12-24T10:34:12.059+0000] {subprocess.py:97} INFO - Command exited with return code 1
[2025-12-24T10:34:12.072+0000] {taskinstance.py:1937} ERROR - Task failed with exception
Traceback (most recent call last):
  File "/home/airflow/.local/lib/python3.8/site-packages/airflow/operators/bash.py", line 210, in execute
    raise AirflowException(
airflow.exceptions.AirflowException: Bash command failed. The command returned a non-zero exit code 1.
[2025-12-24T10:34:12.076+0000] {taskinstance.py:1400} INFO - Marking task as FAILED. dag_id=cbr_metals_daily_etl_v2, task_id=run_dbt_staging, execution_date=20251224T102908, start_date=20251224T103411, end_date=20251224T103412
[2025-12-24T10:34:12.088+0000] {standard_task_runner.py:104} ERROR - Failed to execute job 25 for task run_dbt_staging (Bash command failed. The command returned a non-zero exit code 1.; 5943)
[2025-12-24T10:34:12.117+0000] {local_task_job_runner.py:228} INFO - Task exited with return code 1
[2025-12-24T10:34:12.143+0000] {taskinstance.py:2778} INFO - 0 downstream tasks scheduled from follow-on schedule check
